<?xml version="1.0" encoding="UTF-8"?>
<testng-results skipped="0" failed="15" ignored="0" total="122" passed="107">
  <reporter-output>
  </reporter-output>
  <suite name="Suite" duration-ms="16223551" started-at="2021-10-12T06:47:50Z" finished-at="2021-10-12T11:18:13Z">
    <groups>
    </groups>
    <test name="SGA Role" duration-ms="3605698" started-at="2021-10-12T06:47:50Z" finished-at="2021-10-12T07:47:55Z">
      <class name="sendNotificationsRAdmin">
        <test-method status="PASS" signature="setUp()[pri:0, instance:sendNotificationsRAdmin@26542638]" name="setUp" is-config="true" duration-ms="1531" started-at="2021-10-12T07:07:14Z" finished-at="2021-10-12T07:07:16Z">
          <reporter-output>
          </reporter-output>
        </test-method> <!-- setUp -->
        <test-method status="PASS" signature="testSendNotifications()[pri:0, instance:sendNotificationsRAdmin@26542638]" name="testSendNotifications" duration-ms="157308" started-at="2021-10-12T07:07:16Z" finished-at="2021-10-12T07:09:53Z">
          <reporter-output>
          </reporter-output>
        </test-method> <!-- testSendNotifications -->
        <test-method status="PASS" signature="tearDown()[pri:0, instance:sendNotificationsRAdmin@26542638]" name="tearDown" is-config="true" duration-ms="720" started-at="2021-10-12T07:09:53Z" finished-at="2021-10-12T07:09:54Z">
          <reporter-output>
          </reporter-output>
        </test-method> <!-- tearDown -->
      </class> <!-- sendNotificationsRAdmin -->
      <class name="usersSort">
        <test-method status="PASS" signature="setUp()[pri:0, instance:usersSort@88d41c3]" name="setUp" is-config="true" duration-ms="2475" started-at="2021-10-12T06:47:50Z" finished-at="2021-10-12T06:47:52Z">
          <reporter-output>
          </reporter-output>
        </test-method> <!-- setUp -->
        <test-method status="FAIL" signature="testusersSort()[pri:0, instance:usersSort@88d41c3]" name="testusersSort" duration-ms="64763" started-at="2021-10-12T06:47:52Z" finished-at="2021-10-12T06:48:57Z">
          <exception class="org.openqa.selenium.StaleElementReferenceException">
            <message>
              <![CDATA[stale element reference: element is not attached to the page document
  (Session info: chrome=94.0.4606.71)
For documentation on this error, please visit: https://www.seleniumhq.org/exceptions/stale_element_reference.html
Build info: version: '3.141.59', revision: 'e82be7d358', time: '2018-11-14T08:17:03'
System info: host: 'DESKTOP-F3C6V38', ip: '192.168.75.1', os.name: 'Windows 10', os.arch: 'amd64', os.version: '10.0', java.version: '1.8.0_241'
Driver info: org.openqa.selenium.chrome.ChromeDriver
Capabilities {acceptInsecureCerts: false, browserName: chrome, browserVersion: 94.0.4606.71, chrome: {chromedriverVersion: 93.0.4577.15 (660fc11082ba5..., userDataDir: C:\Windows\TEMP\scoped_dir2...}, goog:chromeOptions: {debuggerAddress: localhost:60958}, javascriptEnabled: true, networkConnectionEnabled: false, pageLoadStrategy: normal, platform: WINDOWS, platformName: WINDOWS, proxy: Proxy(), setWindowRect: true, strictFileInteractability: false, timeouts: {implicit: 0, pageLoad: 300000, script: 30000}, unhandledPromptBehavior: dismiss and notify, webauthn:extension:credBlob: true, webauthn:extension:largeBlob: true, webauthn:virtualAuthenticators: true}
Session ID: 8553b802fb1bc364e558c3c13d9e49c7
*** Element info: {Using=xpath, value=.//option[normalize-space(.) = "Zambia"]}]]>
            </message>
            <full-stacktrace>
              <![CDATA[org.openqa.selenium.StaleElementReferenceException: stale element reference: element is not attached to the page document
  (Session info: chrome=94.0.4606.71)
For documentation on this error, please visit: https://www.seleniumhq.org/exceptions/stale_element_reference.html
Build info: version: '3.141.59', revision: 'e82be7d358', time: '2018-11-14T08:17:03'
System info: host: 'DESKTOP-F3C6V38', ip: '192.168.75.1', os.name: 'Windows 10', os.arch: 'amd64', os.version: '10.0', java.version: '1.8.0_241'
Driver info: org.openqa.selenium.chrome.ChromeDriver
Capabilities {acceptInsecureCerts: false, browserName: chrome, browserVersion: 94.0.4606.71, chrome: {chromedriverVersion: 93.0.4577.15 (660fc11082ba5..., userDataDir: C:\Windows\TEMP\scoped_dir2...}, goog:chromeOptions: {debuggerAddress: localhost:60958}, javascriptEnabled: true, networkConnectionEnabled: false, pageLoadStrategy: normal, platform: WINDOWS, platformName: WINDOWS, proxy: Proxy(), setWindowRect: true, strictFileInteractability: false, timeouts: {implicit: 0, pageLoad: 300000, script: 30000}, unhandledPromptBehavior: dismiss and notify, webauthn:extension:credBlob: true, webauthn:extension:largeBlob: true, webauthn:virtualAuthenticators: true}
Session ID: 8553b802fb1bc364e558c3c13d9e49c7
*** Element info: {Using=xpath, value=.//option[normalize-space(.) = "Zambia"]}
at sun.reflect.NativeConstructorAccessorImpl.newInstance0(Native Method)
at sun.reflect.NativeConstructorAccessorImpl.newInstance(NativeConstructorAccessorImpl.java:62)
at sun.reflect.DelegatingConstructorAccessorImpl.newInstance(DelegatingConstructorAccessorImpl.java:45)
at java.lang.reflect.Constructor.newInstance(Constructor.java:423)
at org.openqa.selenium.remote.http.W3CHttpResponseCodec.createException(W3CHttpResponseCodec.java:187)
at org.openqa.selenium.remote.http.W3CHttpResponseCodec.decode(W3CHttpResponseCodec.java:122)
at org.openqa.selenium.remote.http.W3CHttpResponseCodec.decode(W3CHttpResponseCodec.java:49)
at org.openqa.selenium.remote.HttpCommandExecutor.execute(HttpCommandExecutor.java:158)
at org.openqa.selenium.remote.service.DriverCommandExecutor.execute(DriverCommandExecutor.java:83)
at org.openqa.selenium.remote.RemoteWebDriver.execute(RemoteWebDriver.java:552)
at org.openqa.selenium.remote.RemoteWebElement.execute(RemoteWebElement.java:285)
at org.openqa.selenium.remote.RemoteWebElement.findElements(RemoteWebElement.java:204)
at org.openqa.selenium.remote.RemoteWebElement.findElementsByXPath(RemoteWebElement.java:265)
at org.openqa.selenium.By$ByXPath.findElements(By.java:348)
at org.openqa.selenium.remote.RemoteWebElement.findElements(RemoteWebElement.java:177)
at org.openqa.selenium.support.ui.Select.selectByVisibleText(Select.java:113)
at usersSort.testusersSort(usersSort.java:72)
at sun.reflect.NativeMethodAccessorImpl.invoke0(Native Method)
at sun.reflect.NativeMethodAccessorImpl.invoke(NativeMethodAccessorImpl.java:62)
at sun.reflect.DelegatingMethodAccessorImpl.invoke(DelegatingMethodAccessorImpl.java:43)
at java.lang.reflect.Method.invoke(Method.java:498)
at org.testng.internal.MethodInvocationHelper.invokeMethod(MethodInvocationHelper.java:124)
at org.testng.internal.Invoker.invokeMethod(Invoker.java:583)
at org.testng.internal.Invoker.invokeTestMethod(Invoker.java:719)
at org.testng.internal.Invoker.invokeTestMethods(Invoker.java:989)
at org.testng.internal.TestMethodWorker.invokeTestMethods(TestMethodWorker.java:125)
at org.testng.internal.TestMethodWorker.run(TestMethodWorker.java:109)
at java.util.concurrent.ThreadPoolExecutor.runWorker(ThreadPoolExecutor.java:1149)
at java.util.concurrent.ThreadPoolExecutor$Worker.run(ThreadPoolExecutor.java:624)
at java.lang.Thread.run(Thread.java:748)
]]>
            </full-stacktrace>
          </exception> <!-- org.openqa.selenium.StaleElementReferenceException -->
          <reporter-output>
          </reporter-output>
        </test-method> <!-- testusersSort -->
        <test-method status="PASS" signature="tearDown()[pri:0, instance:usersSort@88d41c3]" name="tearDown" is-config="true" duration-ms="779" started-at="2021-10-12T06:48:57Z" finished-at="2021-10-12T06:48:58Z">
          <reporter-output>
          </reporter-output>
        </test-method> <!-- tearDown -->
      </class> <!-- usersSort -->
      <class name="addEditDelSite">
        <test-method status="PASS" signature="setUp()[pri:0, instance:addEditDelSite@273440e6]" name="setUp" is-config="true" duration-ms="1373" started-at="2021-10-12T07:01:31Z" finished-at="2021-10-12T07:01:32Z">
          <reporter-output>
          </reporter-output>
        </test-method> <!-- setUp -->
        <test-method status="PASS" signature="testAddEditDelSite()[pri:0, instance:addEditDelSite@273440e6]" name="testAddEditDelSite" duration-ms="169489" started-at="2021-10-12T07:01:32Z" finished-at="2021-10-12T07:04:22Z">
          <reporter-output>
          </reporter-output>
        </test-method> <!-- testAddEditDelSite -->
        <test-method status="PASS" signature="tearDown()[pri:0, instance:addEditDelSite@273440e6]" name="tearDown" is-config="true" duration-ms="675" started-at="2021-10-12T07:04:22Z" finished-at="2021-10-12T07:04:23Z">
          <reporter-output>
          </reporter-output>
        </test-method> <!-- tearDown -->
      </class> <!-- addEditDelSite -->
      <class name="isonLogin">
        <test-method status="PASS" signature="setUp()[pri:0, instance:isonLogin@6f779e66]" name="setUp" is-config="true" duration-ms="2475" started-at="2021-10-12T06:47:50Z" finished-at="2021-10-12T06:47:52Z">
          <reporter-output>
          </reporter-output>
        </test-method> <!-- setUp -->
        <test-method status="PASS" signature="testLoginScript(java.lang.String, java.lang.String)[pri:0, instance:isonLogin@6f779e66]" name="testLoginScript" duration-ms="140217" started-at="2021-10-12T06:47:52Z" data-provider="Authentication" finished-at="2021-10-12T06:50:12Z">
          <params>
            <param index="0">
              <value>
                <![CDATA[ISBL0430]]>
              </value>
            </param>
            <param index="1">
              <value>
                <![CDATA[ison12345]]>
              </value>
            </param>
          </params>
          <reporter-output>
          </reporter-output>
        </test-method> <!-- testLoginScript -->
        <test-method status="PASS" signature="testLoginScript(java.lang.String, java.lang.String)[pri:0, instance:isonLogin@6f779e66]" name="testLoginScript" duration-ms="128256" started-at="2021-10-12T06:50:12Z" data-provider="Authentication" finished-at="2021-10-12T06:52:21Z">
          <params>
            <param index="0">
              <value>
                <![CDATA[13AZSB201]]>
              </value>
            </param>
            <param index="1">
              <value>
                <![CDATA[ison12345]]>
              </value>
            </param>
          </params>
          <reporter-output>
          </reporter-output>
        </test-method> <!-- testLoginScript -->
        <test-method status="PASS" signature="testLoginScript(java.lang.String, java.lang.String)[pri:0, instance:isonLogin@6f779e66]" name="testLoginScript" duration-ms="132187" started-at="2021-10-12T06:52:21Z" data-provider="Authentication" finished-at="2021-10-12T06:54:33Z">
          <params>
            <param index="0">
              <value>
                <![CDATA[ISBL02272]]>
              </value>
            </param>
            <param index="1">
              <value>
                <![CDATA[ison12345]]>
              </value>
            </param>
          </params>
          <reporter-output>
          </reporter-output>
        </test-method> <!-- testLoginScript -->
        <test-method status="PASS" signature="testLoginScript(java.lang.String, java.lang.String)[pri:0, instance:isonLogin@6f779e66]" name="testLoginScript" duration-ms="132928" started-at="2021-10-12T06:54:33Z" data-provider="Authentication" finished-at="2021-10-12T06:56:46Z">
          <params>
            <param index="0">
              <value>
                <![CDATA[13AZSB602]]>
              </value>
            </param>
            <param index="1">
              <value>
                <![CDATA[ison12345]]>
              </value>
            </param>
          </params>
          <reporter-output>
          </reporter-output>
        </test-method> <!-- testLoginScript -->
        <test-method status="PASS" signature="tearDown()[pri:0, instance:isonLogin@6f779e66]" name="tearDown" is-config="true" duration-ms="771" started-at="2021-10-12T06:56:46Z" finished-at="2021-10-12T06:56:46Z">
          <reporter-output>
          </reporter-output>
        </test-method> <!-- tearDown -->
      </class> <!-- isonLogin -->
      <class name="managePasswordRAdmin">
        <test-method status="PASS" signature="setUp()[pri:0, instance:managePasswordRAdmin@5a2f9236]" name="setUp" is-config="true" duration-ms="1475" started-at="2021-10-12T06:48:58Z" finished-at="2021-10-12T06:48:59Z">
          <reporter-output>
          </reporter-output>
        </test-method> <!-- setUp -->
        <test-method status="PASS" signature="testManagePassword()[pri:0, instance:managePasswordRAdmin@5a2f9236]" name="testManagePassword" duration-ms="169542" started-at="2021-10-12T06:48:59Z" finished-at="2021-10-12T06:51:49Z">
          <reporter-output>
          </reporter-output>
        </test-method> <!-- testManagePassword -->
        <test-method status="PASS" signature="tearDown()[pri:0, instance:managePasswordRAdmin@5a2f9236]" name="tearDown" is-config="true" duration-ms="691" started-at="2021-10-12T06:51:49Z" finished-at="2021-10-12T06:51:49Z">
          <reporter-output>
          </reporter-output>
        </test-method> <!-- tearDown -->
      </class> <!-- managePasswordRAdmin -->
      <class name="addUser">
        <test-method status="PASS" signature="setUp()[pri:0, instance:addUser@4527695f]" name="setUp" is-config="true" duration-ms="1350" started-at="2021-10-12T06:57:48Z" finished-at="2021-10-12T06:57:50Z">
          <reporter-output>
          </reporter-output>
        </test-method> <!-- setUp -->
        <test-method status="PASS" signature="testAddUser()[pri:0, instance:addUser@4527695f]" name="testAddUser" duration-ms="178098" started-at="2021-10-12T06:57:50Z" finished-at="2021-10-12T07:00:48Z">
          <reporter-output>
          </reporter-output>
        </test-method> <!-- testAddUser -->
        <test-method status="PASS" signature="tearDown()[pri:0, instance:addUser@4527695f]" name="tearDown" is-config="true" duration-ms="709" started-at="2021-10-12T07:00:48Z" finished-at="2021-10-12T07:00:48Z">
          <reporter-output>
          </reporter-output>
        </test-method> <!-- tearDown -->
      </class> <!-- addUser -->
      <class name="trainingOverviewDashboardGuestOne">
        <test-method status="PASS" signature="setUp()[pri:0, instance:trainingOverviewDashboardGuestOne@2f02aa28]" name="setUp" is-config="true" duration-ms="1241" started-at="2021-10-12T07:28:52Z" finished-at="2021-10-12T07:28:53Z">
          <reporter-output>
          </reporter-output>
        </test-method> <!-- setUp -->
        <test-method status="PASS" signature="testtrainingOverviewDashboard()[pri:0, instance:trainingOverviewDashboardGuestOne@2f02aa28]" name="testtrainingOverviewDashboard" duration-ms="37593" started-at="2021-10-12T07:28:53Z" finished-at="2021-10-12T07:29:31Z">
          <reporter-output>
          </reporter-output>
        </test-method> <!-- testtrainingOverviewDashboard -->
        <test-method status="PASS" signature="tearDown()[pri:0, instance:trainingOverviewDashboardGuestOne@2f02aa28]" name="tearDown" is-config="true" duration-ms="656" started-at="2021-10-12T07:29:31Z" finished-at="2021-10-12T07:29:31Z">
          <reporter-output>
          </reporter-output>
        </test-method> <!-- tearDown -->
      </class> <!-- trainingOverviewDashboardGuestOne -->
      <class name="editUser">
        <test-method status="PASS" signature="setUp()[pri:0, instance:editUser@96cf509]" name="setUp" is-config="true" duration-ms="1307" started-at="2021-10-12T06:55:52Z" finished-at="2021-10-12T06:55:53Z">
          <reporter-output>
          </reporter-output>
        </test-method> <!-- setUp -->
        <test-method status="PASS" signature="testEditUser()[pri:0, instance:editUser@96cf509]" name="testEditUser" duration-ms="86752" started-at="2021-10-12T06:55:53Z" finished-at="2021-10-12T06:57:20Z">
          <reporter-output>
          </reporter-output>
        </test-method> <!-- testEditUser -->
        <test-method status="PASS" signature="tearDown()[pri:0, instance:editUser@96cf509]" name="tearDown" is-config="true" duration-ms="867" started-at="2021-10-12T06:57:20Z" finished-at="2021-10-12T06:57:21Z">
          <reporter-output>
          </reporter-output>
        </test-method> <!-- tearDown -->
      </class> <!-- editUser -->
      <class name="TestClassRoomTrainingSDHead">
        <test-method status="PASS" signature="setUp()[pri:0, instance:TestClassRoomTrainingSDHead@2841e2b1]" name="setUp" is-config="true" duration-ms="1306" started-at="2021-10-12T07:30:47Z" finished-at="2021-10-12T07:30:48Z">
          <reporter-output>
          </reporter-output>
        </test-method> <!-- setUp -->
        <test-method status="PASS" signature="ClassTraining()[pri:0, instance:TestClassRoomTrainingSDHead@2841e2b1]" name="ClassTraining" duration-ms="1026372" started-at="2021-10-12T07:30:48Z" finished-at="2021-10-12T07:47:54Z">
          <reporter-output>
          </reporter-output>
        </test-method> <!-- ClassTraining -->
        <test-method status="PASS" signature="tearDown()[pri:0, instance:TestClassRoomTrainingSDHead@2841e2b1]" name="tearDown" is-config="true" duration-ms="815" started-at="2021-10-12T07:47:54Z" finished-at="2021-10-12T07:47:55Z">
          <reporter-output>
          </reporter-output>
        </test-method> <!-- tearDown -->
      </class> <!-- TestClassRoomTrainingSDHead -->
      <class name="deactivateActivateUser">
        <test-method status="PASS" signature="setUp()[pri:0, instance:deactivateActivateUser@2b0d084f]" name="setUp" is-config="true" duration-ms="1308" started-at="2021-10-12T07:00:48Z" finished-at="2021-10-12T07:00:50Z">
          <reporter-output>
          </reporter-output>
        </test-method> <!-- setUp -->
        <test-method status="PASS" signature="testDeactivateActivateUser()[pri:0, instance:deactivateActivateUser@2b0d084f]" name="testDeactivateActivateUser" duration-ms="206789" started-at="2021-10-12T07:00:50Z" finished-at="2021-10-12T07:04:16Z">
          <reporter-output>
          </reporter-output>
        </test-method> <!-- testDeactivateActivateUser -->
        <test-method status="PASS" signature="tearDown()[pri:0, instance:deactivateActivateUser@2b0d084f]" name="tearDown" is-config="true" duration-ms="783" started-at="2021-10-12T07:04:16Z" finished-at="2021-10-12T07:04:17Z">
          <reporter-output>
          </reporter-output>
        </test-method> <!-- tearDown -->
      </class> <!-- deactivateActivateUser -->
      <class name="deactivateActivateUserSDHead">
        <test-method status="PASS" signature="setUp()[pri:0, instance:deactivateActivateUserSDHead@59a73a0f]" name="setUp" is-config="true" duration-ms="1321" started-at="2021-10-12T07:20:14Z" finished-at="2021-10-12T07:20:15Z">
          <reporter-output>
          </reporter-output>
        </test-method> <!-- setUp -->
        <test-method status="FAIL" signature="testDeactivateActivateUser()[pri:0, instance:deactivateActivateUserSDHead@59a73a0f]" name="testDeactivateActivateUser" duration-ms="213291" started-at="2021-10-12T07:20:15Z" finished-at="2021-10-12T07:23:48Z">
          <exception class="org.openqa.selenium.NoSuchElementException">
            <message>
              <![CDATA[no such element: Unable to locate element: {"method":"xpath","selector":"//li[@class='menuparent menu-item menu-item--expanded'][1]"}
  (Session info: chrome=94.0.4606.71)
For documentation on this error, please visit: https://www.seleniumhq.org/exceptions/no_such_element.html
Build info: version: '3.141.59', revision: 'e82be7d358', time: '2018-11-14T08:17:03'
System info: host: 'DESKTOP-F3C6V38', ip: '192.168.75.1', os.name: 'Windows 10', os.arch: 'amd64', os.version: '10.0', java.version: '1.8.0_241'
Driver info: org.openqa.selenium.chrome.ChromeDriver
Capabilities {acceptInsecureCerts: false, browserName: chrome, browserVersion: 94.0.4606.71, chrome: {chromedriverVersion: 93.0.4577.15 (660fc11082ba5..., userDataDir: C:\Windows\TEMP\scoped_dir2...}, goog:chromeOptions: {debuggerAddress: localhost:60280}, javascriptEnabled: true, networkConnectionEnabled: false, pageLoadStrategy: normal, platform: WINDOWS, platformName: WINDOWS, proxy: Proxy(), setWindowRect: true, strictFileInteractability: false, timeouts: {implicit: 0, pageLoad: 300000, script: 30000}, unhandledPromptBehavior: dismiss and notify, webauthn:extension:credBlob: true, webauthn:extension:largeBlob: true, webauthn:virtualAuthenticators: true}
Session ID: 4f8bdab53746888c519e486cf7fcdc77
*** Element info: {Using=xpath, value=//li[@class='menuparent menu-item menu-item--expanded'][1]}]]>
            </message>
            <full-stacktrace>
              <![CDATA[org.openqa.selenium.NoSuchElementException: no such element: Unable to locate element: {"method":"xpath","selector":"//li[@class='menuparent menu-item menu-item--expanded'][1]"}
  (Session info: chrome=94.0.4606.71)
For documentation on this error, please visit: https://www.seleniumhq.org/exceptions/no_such_element.html
Build info: version: '3.141.59', revision: 'e82be7d358', time: '2018-11-14T08:17:03'
System info: host: 'DESKTOP-F3C6V38', ip: '192.168.75.1', os.name: 'Windows 10', os.arch: 'amd64', os.version: '10.0', java.version: '1.8.0_241'
Driver info: org.openqa.selenium.chrome.ChromeDriver
Capabilities {acceptInsecureCerts: false, browserName: chrome, browserVersion: 94.0.4606.71, chrome: {chromedriverVersion: 93.0.4577.15 (660fc11082ba5..., userDataDir: C:\Windows\TEMP\scoped_dir2...}, goog:chromeOptions: {debuggerAddress: localhost:60280}, javascriptEnabled: true, networkConnectionEnabled: false, pageLoadStrategy: normal, platform: WINDOWS, platformName: WINDOWS, proxy: Proxy(), setWindowRect: true, strictFileInteractability: false, timeouts: {implicit: 0, pageLoad: 300000, script: 30000}, unhandledPromptBehavior: dismiss and notify, webauthn:extension:credBlob: true, webauthn:extension:largeBlob: true, webauthn:virtualAuthenticators: true}
Session ID: 4f8bdab53746888c519e486cf7fcdc77
*** Element info: {Using=xpath, value=//li[@class='menuparent menu-item menu-item--expanded'][1]}
at sun.reflect.NativeConstructorAccessorImpl.newInstance0(Native Method)
at sun.reflect.NativeConstructorAccessorImpl.newInstance(NativeConstructorAccessorImpl.java:62)
at sun.reflect.DelegatingConstructorAccessorImpl.newInstance(DelegatingConstructorAccessorImpl.java:45)
at java.lang.reflect.Constructor.newInstance(Constructor.java:423)
at org.openqa.selenium.remote.http.W3CHttpResponseCodec.createException(W3CHttpResponseCodec.java:187)
at org.openqa.selenium.remote.http.W3CHttpResponseCodec.decode(W3CHttpResponseCodec.java:122)
at org.openqa.selenium.remote.http.W3CHttpResponseCodec.decode(W3CHttpResponseCodec.java:49)
at org.openqa.selenium.remote.HttpCommandExecutor.execute(HttpCommandExecutor.java:158)
at org.openqa.selenium.remote.service.DriverCommandExecutor.execute(DriverCommandExecutor.java:83)
at org.openqa.selenium.remote.RemoteWebDriver.execute(RemoteWebDriver.java:552)
at org.openqa.selenium.remote.RemoteWebDriver.findElement(RemoteWebDriver.java:323)
at org.openqa.selenium.remote.RemoteWebDriver.findElementByXPath(RemoteWebDriver.java:428)
at org.openqa.selenium.By$ByXPath.findElement(By.java:353)
at org.openqa.selenium.remote.RemoteWebDriver.findElement(RemoteWebDriver.java:315)
at deactivateActivateUserSDHead.testDeactivateActivateUser(deactivateActivateUserSDHead.java:70)
at sun.reflect.NativeMethodAccessorImpl.invoke0(Native Method)
at sun.reflect.NativeMethodAccessorImpl.invoke(NativeMethodAccessorImpl.java:62)
at sun.reflect.DelegatingMethodAccessorImpl.invoke(DelegatingMethodAccessorImpl.java:43)
at java.lang.reflect.Method.invoke(Method.java:498)
at org.testng.internal.MethodInvocationHelper.invokeMethod(MethodInvocationHelper.java:124)
at org.testng.internal.Invoker.invokeMethod(Invoker.java:583)
at org.testng.internal.Invoker.invokeTestMethod(Invoker.java:719)
at org.testng.internal.Invoker.invokeTestMethods(Invoker.java:989)
at org.testng.internal.TestMethodWorker.invokeTestMethods(TestMethodWorker.java:125)
at org.testng.internal.TestMethodWorker.run(TestMethodWorker.java:109)
at java.util.concurrent.ThreadPoolExecutor.runWorker(ThreadPoolExecutor.java:1149)
at java.util.concurrent.ThreadPoolExecutor$Worker.run(ThreadPoolExecutor.java:624)
at java.lang.Thread.run(Thread.java:748)
]]>
            </full-stacktrace>
          </exception> <!-- org.openqa.selenium.NoSuchElementException -->
          <reporter-output>
          </reporter-output>
        </test-method> <!-- testDeactivateActivateUser -->
        <test-method status="PASS" signature="tearDown()[pri:0, instance:deactivateActivateUserSDHead@59a73a0f]" name="tearDown" is-config="true" duration-ms="647" started-at="2021-10-12T07:23:48Z" finished-at="2021-10-12T07:23:49Z">
          <reporter-output>
          </reporter-output>
        </test-method> <!-- tearDown -->
      </class> <!-- deactivateActivateUserSDHead -->
      <class name="manageProfilePicSDHead">
        <test-method status="PASS" signature="setUp()[pri:0, instance:manageProfilePicSDHead@1d217c9b]" name="setUp" is-config="true" duration-ms="1336" started-at="2021-10-12T07:24:32Z" finished-at="2021-10-12T07:24:33Z">
          <reporter-output>
          </reporter-output>
        </test-method> <!-- setUp -->
        <test-method status="PASS" signature="testManageProfilepic()[pri:0, instance:manageProfilePicSDHead@1d217c9b]" name="testManageProfilepic" duration-ms="83065" started-at="2021-10-12T07:24:33Z" finished-at="2021-10-12T07:25:57Z">
          <reporter-output>
          </reporter-output>
        </test-method> <!-- testManageProfilepic -->
        <test-method status="PASS" signature="tearDown()[pri:0, instance:manageProfilePicSDHead@1d217c9b]" name="tearDown" is-config="true" duration-ms="928" started-at="2021-10-12T07:25:57Z" finished-at="2021-10-12T07:25:57Z">
          <reporter-output>
          </reporter-output>
        </test-method> <!-- tearDown -->
      </class> <!-- manageProfilePicSDHead -->
      <class name="searchUsers">
        <test-method status="PASS" signature="setUp()[pri:0, instance:searchUsers@38da0f21]" name="setUp" is-config="true" duration-ms="1387" started-at="2021-10-12T06:51:49Z" finished-at="2021-10-12T06:51:51Z">
          <reporter-output>
          </reporter-output>
        </test-method> <!-- setUp -->
        <test-method status="PASS" signature="testSearchUsers()[pri:0, instance:searchUsers@38da0f21]" name="testSearchUsers" duration-ms="68710" started-at="2021-10-12T06:51:51Z" finished-at="2021-10-12T06:52:59Z">
          <reporter-output>
          </reporter-output>
        </test-method> <!-- testSearchUsers -->
        <test-method status="PASS" signature="tearDown()[pri:0, instance:searchUsers@38da0f21]" name="tearDown" is-config="true" duration-ms="791" started-at="2021-10-12T06:52:59Z" finished-at="2021-10-12T06:53:00Z">
          <reporter-output>
          </reporter-output>
        </test-method> <!-- tearDown -->
      </class> <!-- searchUsers -->
      <class name="listSentNotificationsClient">
        <test-method status="PASS" signature="setUp()[pri:0, instance:listSentNotificationsClient@2d2a1675]" name="setUp" is-config="true" duration-ms="1300" started-at="2021-10-12T07:20:53Z" finished-at="2021-10-12T07:20:54Z">
          <reporter-output>
          </reporter-output>
        </test-method> <!-- setUp -->
        <test-method status="PASS" signature="ListSentNotifications()[pri:0, instance:listSentNotificationsClient@2d2a1675]" name="ListSentNotifications" duration-ms="113459" started-at="2021-10-12T07:20:54Z" finished-at="2021-10-12T07:22:47Z">
          <reporter-output>
          </reporter-output>
        </test-method> <!-- ListSentNotifications -->
        <test-method status="PASS" signature="tearDown()[pri:0, instance:listSentNotificationsClient@2d2a1675]" name="tearDown" is-config="true" duration-ms="670" started-at="2021-10-12T07:22:47Z" finished-at="2021-10-12T07:22:48Z">
          <reporter-output>
          </reporter-output>
        </test-method> <!-- tearDown -->
      </class> <!-- listSentNotificationsClient -->
      <class name="manageProfilePic">
        <test-method status="PASS" signature="setUp()[pri:0, instance:manageProfilePic@6b0d22f2]" name="setUp" is-config="true" duration-ms="1401" started-at="2021-10-12T06:53:00Z" finished-at="2021-10-12T06:53:02Z">
          <reporter-output>
          </reporter-output>
        </test-method> <!-- setUp -->
        <test-method status="PASS" signature="testManageProfilepic()[pri:0, instance:manageProfilePic@6b0d22f2]" name="testManageProfilepic" duration-ms="169275" started-at="2021-10-12T06:53:02Z" finished-at="2021-10-12T06:55:51Z">
          <reporter-output>
          </reporter-output>
        </test-method> <!-- testManageProfilepic -->
        <test-method status="PASS" signature="tearDown()[pri:0, instance:manageProfilePic@6b0d22f2]" name="tearDown" is-config="true" duration-ms="707" started-at="2021-10-12T06:55:51Z" finished-at="2021-10-12T06:55:52Z">
          <reporter-output>
          </reporter-output>
        </test-method> <!-- tearDown -->
      </class> <!-- manageProfilePic -->
      <class name="listSentNotifications">
        <test-method status="PASS" signature="setUp()[pri:0, instance:listSentNotifications@236261c2]" name="setUp" is-config="true" duration-ms="1370" started-at="2021-10-12T07:06:03Z" finished-at="2021-10-12T07:06:04Z">
          <reporter-output>
          </reporter-output>
        </test-method> <!-- setUp -->
        <test-method status="PASS" signature="ListSentNotifications()[pri:0, instance:listSentNotifications@236261c2]" name="ListSentNotifications" duration-ms="263856" started-at="2021-10-12T07:06:04Z" finished-at="2021-10-12T07:10:28Z">
          <reporter-output>
          </reporter-output>
        </test-method> <!-- ListSentNotifications -->
        <test-method status="PASS" signature="tearDown()[pri:0, instance:listSentNotifications@236261c2]" name="tearDown" is-config="true" duration-ms="742" started-at="2021-10-12T07:10:28Z" finished-at="2021-10-12T07:10:29Z">
          <reporter-output>
          </reporter-output>
        </test-method> <!-- tearDown -->
      </class> <!-- listSentNotifications -->
      <class name="TestClassRoomTraining">
        <test-method status="PASS" signature="setUp()[pri:0, instance:TestClassRoomTraining@3951dc3d]" name="setUp" is-config="true" duration-ms="1451" started-at="2021-10-12T07:27:16Z" finished-at="2021-10-12T07:27:18Z">
          <reporter-output>
          </reporter-output>
        </test-method> <!-- setUp -->
        <test-method status="FAIL" signature="ClassTraining()[pri:0, instance:TestClassRoomTraining@3951dc3d]" name="ClassTraining" duration-ms="208264" started-at="2021-10-12T07:27:18Z" finished-at="2021-10-12T07:30:46Z">
          <exception class="org.openqa.selenium.NoSuchElementException">
            <message>
              <![CDATA[no such element: Unable to locate element: {"method":"xpath","selector":"//li[@class='menuparent menu-item menu-item--expanded'][1]"}
  (Session info: chrome=94.0.4606.71)
For documentation on this error, please visit: https://www.seleniumhq.org/exceptions/no_such_element.html
Build info: version: '3.141.59', revision: 'e82be7d358', time: '2018-11-14T08:17:03'
System info: host: 'DESKTOP-F3C6V38', ip: '192.168.75.1', os.name: 'Windows 10', os.arch: 'amd64', os.version: '10.0', java.version: '1.8.0_241'
Driver info: org.openqa.selenium.chrome.ChromeDriver
Capabilities {acceptInsecureCerts: false, browserName: chrome, browserVersion: 94.0.4606.71, chrome: {chromedriverVersion: 93.0.4577.15 (660fc11082ba5..., userDataDir: C:\Windows\TEMP\scoped_dir2...}, goog:chromeOptions: {debuggerAddress: localhost:49671}, javascriptEnabled: true, networkConnectionEnabled: false, pageLoadStrategy: normal, platform: WINDOWS, platformName: WINDOWS, proxy: Proxy(), setWindowRect: true, strictFileInteractability: false, timeouts: {implicit: 0, pageLoad: 300000, script: 30000}, unhandledPromptBehavior: dismiss and notify, webauthn:extension:credBlob: true, webauthn:extension:largeBlob: true, webauthn:virtualAuthenticators: true}
Session ID: 63582d7fb871b289aa2e63376e7b0950
*** Element info: {Using=xpath, value=//li[@class='menuparent menu-item menu-item--expanded'][1]}]]>
            </message>
            <full-stacktrace>
              <![CDATA[org.openqa.selenium.NoSuchElementException: no such element: Unable to locate element: {"method":"xpath","selector":"//li[@class='menuparent menu-item menu-item--expanded'][1]"}
  (Session info: chrome=94.0.4606.71)
For documentation on this error, please visit: https://www.seleniumhq.org/exceptions/no_such_element.html
Build info: version: '3.141.59', revision: 'e82be7d358', time: '2018-11-14T08:17:03'
System info: host: 'DESKTOP-F3C6V38', ip: '192.168.75.1', os.name: 'Windows 10', os.arch: 'amd64', os.version: '10.0', java.version: '1.8.0_241'
Driver info: org.openqa.selenium.chrome.ChromeDriver
Capabilities {acceptInsecureCerts: false, browserName: chrome, browserVersion: 94.0.4606.71, chrome: {chromedriverVersion: 93.0.4577.15 (660fc11082ba5..., userDataDir: C:\Windows\TEMP\scoped_dir2...}, goog:chromeOptions: {debuggerAddress: localhost:49671}, javascriptEnabled: true, networkConnectionEnabled: false, pageLoadStrategy: normal, platform: WINDOWS, platformName: WINDOWS, proxy: Proxy(), setWindowRect: true, strictFileInteractability: false, timeouts: {implicit: 0, pageLoad: 300000, script: 30000}, unhandledPromptBehavior: dismiss and notify, webauthn:extension:credBlob: true, webauthn:extension:largeBlob: true, webauthn:virtualAuthenticators: true}
Session ID: 63582d7fb871b289aa2e63376e7b0950
*** Element info: {Using=xpath, value=//li[@class='menuparent menu-item menu-item--expanded'][1]}
at sun.reflect.NativeConstructorAccessorImpl.newInstance0(Native Method)
at sun.reflect.NativeConstructorAccessorImpl.newInstance(NativeConstructorAccessorImpl.java:62)
at sun.reflect.DelegatingConstructorAccessorImpl.newInstance(DelegatingConstructorAccessorImpl.java:45)
at java.lang.reflect.Constructor.newInstance(Constructor.java:423)
at org.openqa.selenium.remote.http.W3CHttpResponseCodec.createException(W3CHttpResponseCodec.java:187)
at org.openqa.selenium.remote.http.W3CHttpResponseCodec.decode(W3CHttpResponseCodec.java:122)
at org.openqa.selenium.remote.http.W3CHttpResponseCodec.decode(W3CHttpResponseCodec.java:49)
at org.openqa.selenium.remote.HttpCommandExecutor.execute(HttpCommandExecutor.java:158)
at org.openqa.selenium.remote.service.DriverCommandExecutor.execute(DriverCommandExecutor.java:83)
at org.openqa.selenium.remote.RemoteWebDriver.execute(RemoteWebDriver.java:552)
at org.openqa.selenium.remote.RemoteWebDriver.findElement(RemoteWebDriver.java:323)
at org.openqa.selenium.remote.RemoteWebDriver.findElementByXPath(RemoteWebDriver.java:428)
at org.openqa.selenium.By$ByXPath.findElement(By.java:353)
at org.openqa.selenium.remote.RemoteWebDriver.findElement(RemoteWebDriver.java:315)
at TestClassRoomTraining.ClassTraining(TestClassRoomTraining.java:62)
at sun.reflect.NativeMethodAccessorImpl.invoke0(Native Method)
at sun.reflect.NativeMethodAccessorImpl.invoke(NativeMethodAccessorImpl.java:62)
at sun.reflect.DelegatingMethodAccessorImpl.invoke(DelegatingMethodAccessorImpl.java:43)
at java.lang.reflect.Method.invoke(Method.java:498)
at org.testng.internal.MethodInvocationHelper.invokeMethod(MethodInvocationHelper.java:124)
at org.testng.internal.Invoker.invokeMethod(Invoker.java:583)
at org.testng.internal.Invoker.invokeTestMethod(Invoker.java:719)
at org.testng.internal.Invoker.invokeTestMethods(Invoker.java:989)
at org.testng.internal.TestMethodWorker.invokeTestMethods(TestMethodWorker.java:125)
at org.testng.internal.TestMethodWorker.run(TestMethodWorker.java:109)
at java.util.concurrent.ThreadPoolExecutor.runWorker(ThreadPoolExecutor.java:1149)
at java.util.concurrent.ThreadPoolExecutor$Worker.run(ThreadPoolExecutor.java:624)
at java.lang.Thread.run(Thread.java:748)
]]>
            </full-stacktrace>
          </exception> <!-- org.openqa.selenium.NoSuchElementException -->
          <reporter-output>
          </reporter-output>
        </test-method> <!-- ClassTraining -->
        <test-method status="PASS" signature="tearDown()[pri:0, instance:TestClassRoomTraining@3951dc3d]" name="tearDown" is-config="true" duration-ms="638" started-at="2021-10-12T07:30:46Z" finished-at="2021-10-12T07:30:47Z">
          <reporter-output>
          </reporter-output>
        </test-method> <!-- tearDown -->
      </class> <!-- TestClassRoomTraining -->
      <class name="addUserRAdmin">
        <test-method status="PASS" signature="setUp()[pri:0, instance:addUserRAdmin@3bccc5fd]" name="setUp" is-config="true" duration-ms="1272" started-at="2021-10-12T07:17:22Z" finished-at="2021-10-12T07:17:23Z">
          <reporter-output>
          </reporter-output>
        </test-method> <!-- setUp -->
        <test-method status="PASS" signature="testAddUser()[pri:0, instance:addUserRAdmin@3bccc5fd]" name="testAddUser" duration-ms="170239" started-at="2021-10-12T07:17:23Z" finished-at="2021-10-12T07:20:13Z">
          <reporter-output>
          </reporter-output>
        </test-method> <!-- testAddUser -->
        <test-method status="PASS" signature="tearDown()[pri:0, instance:addUserRAdmin@3bccc5fd]" name="tearDown" is-config="true" duration-ms="752" started-at="2021-10-12T07:20:13Z" finished-at="2021-10-12T07:20:14Z">
          <reporter-output>
          </reporter-output>
        </test-method> <!-- tearDown -->
      </class> <!-- addUserRAdmin -->
      <class name="TrainingModuleGuestOne">
        <test-method status="PASS" signature="setUp()[pri:0, instance:TrainingModuleGuestOne@60c548f4]" name="setUp" is-config="true" duration-ms="1383" started-at="2021-10-12T07:25:34Z" finished-at="2021-10-12T07:25:35Z">
          <reporter-output>
          </reporter-output>
        </test-method> <!-- setUp -->
        <test-method status="PASS" signature="IsonLogin()[pri:0, instance:TrainingModuleGuestOne@60c548f4]" name="IsonLogin" duration-ms="100284" started-at="2021-10-12T07:25:35Z" finished-at="2021-10-12T07:27:16Z">
          <reporter-output>
          </reporter-output>
        </test-method> <!-- IsonLogin -->
        <test-method status="PASS" signature="tearDown()[pri:0, instance:TrainingModuleGuestOne@60c548f4]" name="tearDown" is-config="true" duration-ms="659" started-at="2021-10-12T07:27:16Z" finished-at="2021-10-12T07:27:16Z">
          <reporter-output>
          </reporter-output>
        </test-method> <!-- tearDown -->
      </class> <!-- TrainingModuleGuestOne -->
      <class name="trainingOverviewDashboardClient">
        <test-method status="PASS" signature="setUp()[pri:0, instance:trainingOverviewDashboardClient@553585a6]" name="setUp" is-config="true" duration-ms="1398" started-at="2021-10-12T07:09:54Z" finished-at="2021-10-12T07:09:55Z">
          <reporter-output>
          </reporter-output>
        </test-method> <!-- setUp -->
        <test-method status="FAIL" signature="testtrainingOverviewDashboard()[pri:0, instance:trainingOverviewDashboardClient@553585a6]" name="testtrainingOverviewDashboard" duration-ms="208984" started-at="2021-10-12T07:09:55Z" finished-at="2021-10-12T07:13:24Z">
          <exception class="org.openqa.selenium.NoSuchElementException">
            <message>
              <![CDATA[no such element: Unable to locate element: {"method":"link text","selector":"Logout"}
  (Session info: chrome=94.0.4606.71)
For documentation on this error, please visit: https://www.seleniumhq.org/exceptions/no_such_element.html
Build info: version: '3.141.59', revision: 'e82be7d358', time: '2018-11-14T08:17:03'
System info: host: 'DESKTOP-F3C6V38', ip: '192.168.75.1', os.name: 'Windows 10', os.arch: 'amd64', os.version: '10.0', java.version: '1.8.0_241'
Driver info: org.openqa.selenium.chrome.ChromeDriver
Capabilities {acceptInsecureCerts: false, browserName: chrome, browserVersion: 94.0.4606.71, chrome: {chromedriverVersion: 93.0.4577.15 (660fc11082ba5..., userDataDir: C:\Windows\TEMP\scoped_dir2...}, goog:chromeOptions: {debuggerAddress: localhost:49917}, javascriptEnabled: true, networkConnectionEnabled: false, pageLoadStrategy: normal, platform: WINDOWS, platformName: WINDOWS, proxy: Proxy(), setWindowRect: true, strictFileInteractability: false, timeouts: {implicit: 0, pageLoad: 300000, script: 30000}, unhandledPromptBehavior: dismiss and notify, webauthn:extension:credBlob: true, webauthn:extension:largeBlob: true, webauthn:virtualAuthenticators: true}
Session ID: bc45d4fb9ae47b1dd9ac7d84a05cdb48
*** Element info: {Using=link text, value=Logout}]]>
            </message>
            <full-stacktrace>
              <![CDATA[org.openqa.selenium.NoSuchElementException: no such element: Unable to locate element: {"method":"link text","selector":"Logout"}
  (Session info: chrome=94.0.4606.71)
For documentation on this error, please visit: https://www.seleniumhq.org/exceptions/no_such_element.html
Build info: version: '3.141.59', revision: 'e82be7d358', time: '2018-11-14T08:17:03'
System info: host: 'DESKTOP-F3C6V38', ip: '192.168.75.1', os.name: 'Windows 10', os.arch: 'amd64', os.version: '10.0', java.version: '1.8.0_241'
Driver info: org.openqa.selenium.chrome.ChromeDriver
Capabilities {acceptInsecureCerts: false, browserName: chrome, browserVersion: 94.0.4606.71, chrome: {chromedriverVersion: 93.0.4577.15 (660fc11082ba5..., userDataDir: C:\Windows\TEMP\scoped_dir2...}, goog:chromeOptions: {debuggerAddress: localhost:49917}, javascriptEnabled: true, networkConnectionEnabled: false, pageLoadStrategy: normal, platform: WINDOWS, platformName: WINDOWS, proxy: Proxy(), setWindowRect: true, strictFileInteractability: false, timeouts: {implicit: 0, pageLoad: 300000, script: 30000}, unhandledPromptBehavior: dismiss and notify, webauthn:extension:credBlob: true, webauthn:extension:largeBlob: true, webauthn:virtualAuthenticators: true}
Session ID: bc45d4fb9ae47b1dd9ac7d84a05cdb48
*** Element info: {Using=link text, value=Logout}
at sun.reflect.NativeConstructorAccessorImpl.newInstance0(Native Method)
at sun.reflect.NativeConstructorAccessorImpl.newInstance(NativeConstructorAccessorImpl.java:62)
at sun.reflect.DelegatingConstructorAccessorImpl.newInstance(DelegatingConstructorAccessorImpl.java:45)
at java.lang.reflect.Constructor.newInstance(Constructor.java:423)
at org.openqa.selenium.remote.http.W3CHttpResponseCodec.createException(W3CHttpResponseCodec.java:187)
at org.openqa.selenium.remote.http.W3CHttpResponseCodec.decode(W3CHttpResponseCodec.java:122)
at org.openqa.selenium.remote.http.W3CHttpResponseCodec.decode(W3CHttpResponseCodec.java:49)
at org.openqa.selenium.remote.HttpCommandExecutor.execute(HttpCommandExecutor.java:158)
at org.openqa.selenium.remote.service.DriverCommandExecutor.execute(DriverCommandExecutor.java:83)
at org.openqa.selenium.remote.RemoteWebDriver.execute(RemoteWebDriver.java:552)
at org.openqa.selenium.remote.RemoteWebDriver.findElement(RemoteWebDriver.java:323)
at org.openqa.selenium.remote.RemoteWebDriver.findElementByLinkText(RemoteWebDriver.java:380)
at org.openqa.selenium.By$ByLinkText.findElement(By.java:220)
at org.openqa.selenium.remote.RemoteWebDriver.findElement(RemoteWebDriver.java:315)
at trainingOverviewDashboardClient.testtrainingOverviewDashboard(trainingOverviewDashboardClient.java:115)
at sun.reflect.NativeMethodAccessorImpl.invoke0(Native Method)
at sun.reflect.NativeMethodAccessorImpl.invoke(NativeMethodAccessorImpl.java:62)
at sun.reflect.DelegatingMethodAccessorImpl.invoke(DelegatingMethodAccessorImpl.java:43)
at java.lang.reflect.Method.invoke(Method.java:498)
at org.testng.internal.MethodInvocationHelper.invokeMethod(MethodInvocationHelper.java:124)
at org.testng.internal.Invoker.invokeMethod(Invoker.java:583)
at org.testng.internal.Invoker.invokeTestMethod(Invoker.java:719)
at org.testng.internal.Invoker.invokeTestMethods(Invoker.java:989)
at org.testng.internal.TestMethodWorker.invokeTestMethods(TestMethodWorker.java:125)
at org.testng.internal.TestMethodWorker.run(TestMethodWorker.java:109)
at java.util.concurrent.ThreadPoolExecutor.runWorker(ThreadPoolExecutor.java:1149)
at java.util.concurrent.ThreadPoolExecutor$Worker.run(ThreadPoolExecutor.java:624)
at java.lang.Thread.run(Thread.java:748)
]]>
            </full-stacktrace>
          </exception> <!-- org.openqa.selenium.NoSuchElementException -->
          <reporter-output>
          </reporter-output>
        </test-method> <!-- testtrainingOverviewDashboard -->
        <test-method status="PASS" signature="tearDown()[pri:0, instance:trainingOverviewDashboardClient@553585a6]" name="tearDown" is-config="true" duration-ms="636" started-at="2021-10-12T07:13:24Z" finished-at="2021-10-12T07:13:25Z">
          <reporter-output>
          </reporter-output>
        </test-method> <!-- tearDown -->
      </class> <!-- trainingOverviewDashboardClient -->
      <class name="addEditDelRegion">
        <test-method status="PASS" signature="setUp()[pri:0, instance:addEditDelRegion@2f747830]" name="setUp" is-config="true" duration-ms="1248" started-at="2021-10-12T06:56:46Z" finished-at="2021-10-12T06:56:48Z">
          <reporter-output>
          </reporter-output>
        </test-method> <!-- setUp -->
        <test-method status="PASS" signature="testAddEditDelRegion()[pri:0, instance:addEditDelRegion@2f747830]" name="testAddEditDelRegion" duration-ms="59788" started-at="2021-10-12T06:56:48Z" finished-at="2021-10-12T06:57:47Z">
          <reporter-output>
          </reporter-output>
        </test-method> <!-- testAddEditDelRegion -->
        <test-method status="PASS" signature="tearDown()[pri:0, instance:addEditDelRegion@2f747830]" name="tearDown" is-config="true" duration-ms="736" started-at="2021-10-12T06:57:47Z" finished-at="2021-10-12T06:57:48Z">
          <reporter-output>
          </reporter-output>
        </test-method> <!-- tearDown -->
      </class> <!-- addEditDelRegion -->
      <class name="addEditDelCircle">
        <test-method status="PASS" signature="setUp()[pri:0, instance:addEditDelCircle@473fd9f8]" name="setUp" is-config="true" duration-ms="1502" started-at="2021-10-12T06:57:21Z" finished-at="2021-10-12T06:57:22Z">
          <reporter-output>
          </reporter-output>
        </test-method> <!-- setUp -->
        <test-method status="PASS" signature="testAddEditDelCircle()[pri:0, instance:addEditDelCircle@473fd9f8]" name="testAddEditDelCircle" duration-ms="248348" started-at="2021-10-12T06:57:22Z" finished-at="2021-10-12T07:01:30Z">
          <reporter-output>
          </reporter-output>
        </test-method> <!-- testAddEditDelCircle -->
        <test-method status="PASS" signature="tearDown()[pri:0, instance:addEditDelCircle@473fd9f8]" name="tearDown" is-config="true" duration-ms="753" started-at="2021-10-12T07:01:30Z" finished-at="2021-10-12T07:01:31Z">
          <reporter-output>
          </reporter-output>
        </test-method> <!-- tearDown -->
      </class> <!-- addEditDelCircle -->
      <class name="deactivateActivateUserTrainer">
        <test-method status="PASS" signature="setUp()[pri:0, instance:deactivateActivateUserTrainer@9818f5b]" name="setUp" is-config="true" duration-ms="1439" started-at="2021-10-12T07:16:26Z" finished-at="2021-10-12T07:16:28Z">
          <reporter-output>
          </reporter-output>
        </test-method> <!-- setUp -->
        <test-method status="PASS" signature="testDeactivateActivateUser()[pri:0, instance:deactivateActivateUserTrainer@9818f5b]" name="testDeactivateActivateUser" duration-ms="225498" started-at="2021-10-12T07:16:28Z" finished-at="2021-10-12T07:20:13Z">
          <reporter-output>
          </reporter-output>
        </test-method> <!-- testDeactivateActivateUser -->
        <test-method status="PASS" signature="tearDown()[pri:0, instance:deactivateActivateUserTrainer@9818f5b]" name="tearDown" is-config="true" duration-ms="750" started-at="2021-10-12T07:20:13Z" finished-at="2021-10-12T07:20:14Z">
          <reporter-output>
          </reporter-output>
        </test-method> <!-- tearDown -->
      </class> <!-- deactivateActivateUserTrainer -->
      <class name="listSentNotificationsTrainer">
        <test-method status="PASS" signature="setUp()[pri:0, instance:listSentNotificationsTrainer@654ac5d4]" name="setUp" is-config="true" duration-ms="1342" started-at="2021-10-12T07:29:31Z" finished-at="2021-10-12T07:29:33Z">
          <reporter-output>
          </reporter-output>
        </test-method> <!-- setUp -->
        <test-method status="PASS" signature="ListSentNotifications()[pri:0, instance:listSentNotificationsTrainer@654ac5d4]" name="ListSentNotifications" duration-ms="180565" started-at="2021-10-12T07:29:33Z" finished-at="2021-10-12T07:32:33Z">
          <reporter-output>
          </reporter-output>
        </test-method> <!-- ListSentNotifications -->
        <test-method status="PASS" signature="tearDown()[pri:0, instance:listSentNotificationsTrainer@654ac5d4]" name="tearDown" is-config="true" duration-ms="710" started-at="2021-10-12T07:32:33Z" finished-at="2021-10-12T07:32:34Z">
          <reporter-output>
          </reporter-output>
        </test-method> <!-- tearDown -->
      </class> <!-- listSentNotificationsTrainer -->
      <class name="usersExportSDHead">
        <test-method status="PASS" signature="setUp()[pri:0, instance:usersExportSDHead@7782b16a]" name="setUp" is-config="true" duration-ms="1320" started-at="2021-10-12T07:12:15Z" finished-at="2021-10-12T07:12:16Z">
          <reporter-output>
          </reporter-output>
        </test-method> <!-- setUp -->
        <test-method status="PASS" signature="testUsersexport()[pri:0, instance:usersExportSDHead@7782b16a]" name="testUsersexport" duration-ms="249077" started-at="2021-10-12T07:12:16Z" finished-at="2021-10-12T07:16:25Z">
          <reporter-output>
          </reporter-output>
        </test-method> <!-- testUsersexport -->
        <test-method status="PASS" signature="tearDown()[pri:0, instance:usersExportSDHead@7782b16a]" name="tearDown" is-config="true" duration-ms="819" started-at="2021-10-12T07:16:25Z" finished-at="2021-10-12T07:16:26Z">
          <reporter-output>
          </reporter-output>
        </test-method> <!-- tearDown -->
      </class> <!-- usersExportSDHead -->
      <class name="CertificateSDHead">
        <test-method status="PASS" signature="setUp()[pri:0, instance:CertificateSDHead@28d4bf63]" name="setUp" is-config="true" duration-ms="1493" started-at="2021-10-12T07:20:14Z" finished-at="2021-10-12T07:20:15Z">
          <reporter-output>
          </reporter-output>
        </test-method> <!-- setUp -->
        <test-method status="PASS" signature="GetCertificate()[pri:0, instance:CertificateSDHead@28d4bf63]" name="GetCertificate" duration-ms="36255" started-at="2021-10-12T07:20:15Z" finished-at="2021-10-12T07:20:52Z">
          <reporter-output>
          </reporter-output>
        </test-method> <!-- GetCertificate -->
        <test-method status="PASS" signature="tearDown()[pri:0, instance:CertificateSDHead@28d4bf63]" name="tearDown" is-config="true" duration-ms="862" started-at="2021-10-12T07:20:52Z" finished-at="2021-10-12T07:20:53Z">
          <reporter-output>
          </reporter-output>
        </test-method> <!-- tearDown -->
      </class> <!-- CertificateSDHead -->
      <class name="CertificateRAdmin">
        <test-method status="PASS" signature="setUp()[pri:0, instance:CertificateRAdmin@1083f64f]" name="setUp" is-config="true" duration-ms="1339" started-at="2021-10-12T07:23:49Z" finished-at="2021-10-12T07:23:50Z">
          <reporter-output>
          </reporter-output>
        </test-method> <!-- setUp -->
        <test-method status="PASS" signature="GetCertificate()[pri:0, instance:CertificateRAdmin@1083f64f]" name="GetCertificate" duration-ms="41015" started-at="2021-10-12T07:23:50Z" finished-at="2021-10-12T07:24:31Z">
          <reporter-output>
          </reporter-output>
        </test-method> <!-- GetCertificate -->
        <test-method status="PASS" signature="tearDown()[pri:0, instance:CertificateRAdmin@1083f64f]" name="tearDown" is-config="true" duration-ms="658" started-at="2021-10-12T07:24:31Z" finished-at="2021-10-12T07:24:32Z">
          <reporter-output>
          </reporter-output>
        </test-method> <!-- tearDown -->
      </class> <!-- CertificateRAdmin -->
      <class name="searchTraining">
        <test-method status="PASS" signature="setUp()[pri:0, instance:searchTraining@47dea422]" name="setUp" is-config="true" duration-ms="1420" started-at="2021-10-12T07:10:29Z" finished-at="2021-10-12T07:10:30Z">
          <reporter-output>
          </reporter-output>
        </test-method> <!-- setUp -->
        <test-method status="PASS" signature="testSearchTraining()[pri:0, instance:searchTraining@47dea422]" name="testSearchTraining" duration-ms="104207" started-at="2021-10-12T07:10:30Z" finished-at="2021-10-12T07:12:14Z">
          <reporter-output>
          </reporter-output>
        </test-method> <!-- testSearchTraining -->
        <test-method status="PASS" signature="tearDown()[pri:0, instance:searchTraining@47dea422]" name="tearDown" is-config="true" duration-ms="676" started-at="2021-10-12T07:12:14Z" finished-at="2021-10-12T07:12:15Z">
          <reporter-output>
          </reporter-output>
        </test-method> <!-- tearDown -->
      </class> <!-- searchTraining -->
      <class name="sendNotifications">
        <test-method status="PASS" signature="setUp()[pri:0, instance:sendNotifications@70603c44]" name="setUp" is-config="true" duration-ms="1339" started-at="2021-10-12T07:13:25Z" finished-at="2021-10-12T07:13:26Z">
          <reporter-output>
          </reporter-output>
        </test-method> <!-- setUp -->
        <test-method status="PASS" signature="testSendNotifications()[pri:0, instance:sendNotifications@70603c44]" name="testSendNotifications" duration-ms="234642" started-at="2021-10-12T07:13:26Z" finished-at="2021-10-12T07:17:21Z">
          <reporter-output>
          </reporter-output>
        </test-method> <!-- testSendNotifications -->
        <test-method status="PASS" signature="tearDown()[pri:0, instance:sendNotifications@70603c44]" name="tearDown" is-config="true" duration-ms="785" started-at="2021-10-12T07:17:21Z" finished-at="2021-10-12T07:17:22Z">
          <reporter-output>
          </reporter-output>
        </test-method> <!-- tearDown -->
      </class> <!-- sendNotifications -->
      <class name="importBulkUsersRAdmin">
        <test-method status="PASS" signature="setUp()[pri:0, instance:importBulkUsersRAdmin@606e52f0]" name="setUp" is-config="true" duration-ms="1420" started-at="2021-10-12T07:04:23Z" finished-at="2021-10-12T07:04:24Z">
          <reporter-output>
          </reporter-output>
        </test-method> <!-- setUp -->
        <test-method status="PASS" signature="testImportBulkusers()[pri:0, instance:importBulkUsersRAdmin@606e52f0]" name="testImportBulkusers" duration-ms="97831" started-at="2021-10-12T07:04:24Z" finished-at="2021-10-12T07:06:02Z">
          <reporter-output>
          </reporter-output>
        </test-method> <!-- testImportBulkusers -->
        <test-method status="PASS" signature="tearDown()[pri:0, instance:importBulkUsersRAdmin@606e52f0]" name="tearDown" is-config="true" duration-ms="751" started-at="2021-10-12T07:06:02Z" finished-at="2021-10-12T07:06:03Z">
          <reporter-output>
          </reporter-output>
        </test-method> <!-- tearDown -->
      </class> <!-- importBulkUsersRAdmin -->
      <class name="addUserSDHead">
        <test-method status="PASS" signature="setUp()[pri:0, instance:addUserSDHead@1efdbde1]" name="setUp" is-config="true" duration-ms="1291" started-at="2021-10-12T07:04:17Z" finished-at="2021-10-12T07:04:19Z">
          <reporter-output>
          </reporter-output>
        </test-method> <!-- setUp -->
        <test-method status="PASS" signature="testAddUser()[pri:0, instance:addUserSDHead@1efdbde1]" name="testAddUser" duration-ms="175126" started-at="2021-10-12T07:04:19Z" finished-at="2021-10-12T07:07:14Z">
          <reporter-output>
          </reporter-output>
        </test-method> <!-- testAddUser -->
        <test-method status="PASS" signature="tearDown()[pri:0, instance:addUserSDHead@1efdbde1]" name="tearDown" is-config="true" duration-ms="675" started-at="2021-10-12T07:07:14Z" finished-at="2021-10-12T07:07:14Z">
          <reporter-output>
          </reporter-output>
        </test-method> <!-- tearDown -->
      </class> <!-- addUserSDHead -->
      <class name="sendNotificationsSDHead">
        <test-method status="PASS" signature="setUp()[pri:0, instance:sendNotificationsSDHead@366f7531]" name="setUp" is-config="true" duration-ms="1346" started-at="2021-10-12T07:25:57Z" finished-at="2021-10-12T07:25:59Z">
          <reporter-output>
          </reporter-output>
        </test-method> <!-- setUp -->
        <test-method status="PASS" signature="testSendNotifications()[pri:0, instance:sendNotificationsSDHead@366f7531]" name="testSendNotifications" duration-ms="172488" started-at="2021-10-12T07:25:59Z" finished-at="2021-10-12T07:28:51Z">
          <reporter-output>
          </reporter-output>
        </test-method> <!-- testSendNotifications -->
        <test-method status="PASS" signature="tearDown()[pri:0, instance:sendNotificationsSDHead@366f7531]" name="tearDown" is-config="true" duration-ms="730" started-at="2021-10-12T07:28:51Z" finished-at="2021-10-12T07:28:52Z">
          <reporter-output>
          </reporter-output>
        </test-method> <!-- tearDown -->
      </class> <!-- sendNotificationsSDHead -->
      <class name="managePasswordTrainer">
        <test-method status="PASS" signature="setUp()[pri:0, instance:managePasswordTrainer@7014dd00]" name="setUp" is-config="true" duration-ms="1354" started-at="2021-10-12T07:22:48Z" finished-at="2021-10-12T07:22:49Z">
          <reporter-output>
          </reporter-output>
        </test-method> <!-- setUp -->
        <test-method status="PASS" signature="testManagePassword()[pri:0, instance:managePasswordTrainer@7014dd00]" name="testManagePassword" duration-ms="163992" started-at="2021-10-12T07:22:49Z" finished-at="2021-10-12T07:25:33Z">
          <reporter-output>
          </reporter-output>
        </test-method> <!-- testManagePassword -->
        <test-method status="PASS" signature="tearDown()[pri:0, instance:managePasswordTrainer@7014dd00]" name="tearDown" is-config="true" duration-ms="762" started-at="2021-10-12T07:25:33Z" finished-at="2021-10-12T07:25:34Z">
          <reporter-output>
          </reporter-output>
        </test-method> <!-- tearDown -->
      </class> <!-- managePasswordTrainer -->
    </test> <!-- SGA Role -->
    <test name="Trainer Role" duration-ms="2580762" started-at="2021-10-12T07:47:55Z" finished-at="2021-10-12T08:30:56Z">
      <class name="usersExportTrainer">
        <test-method status="PASS" signature="setUp()[pri:0, instance:usersExportTrainer@2573fc74]" name="setUp" is-config="true" duration-ms="1283" started-at="2021-10-12T08:04:23Z" finished-at="2021-10-12T08:04:24Z">
          <reporter-output>
          </reporter-output>
        </test-method> <!-- setUp -->
        <test-method status="PASS" signature="testUsersexport()[pri:0, instance:usersExportTrainer@2573fc74]" name="testUsersexport" duration-ms="140652" started-at="2021-10-12T08:04:24Z" finished-at="2021-10-12T08:06:45Z">
          <reporter-output>
          </reporter-output>
        </test-method> <!-- testUsersexport -->
        <test-method status="PASS" signature="tearDown()[pri:0, instance:usersExportTrainer@2573fc74]" name="tearDown" is-config="true" duration-ms="705" started-at="2021-10-12T08:06:45Z" finished-at="2021-10-12T08:06:46Z">
          <reporter-output>
          </reporter-output>
        </test-method> <!-- tearDown -->
      </class> <!-- usersExportTrainer -->
      <class name="UserProfile">
        <test-method status="PASS" signature="setUp()[pri:0, instance:UserProfile@529519e7]" name="setUp" is-config="true" duration-ms="1307" started-at="2021-10-12T07:57:02Z" finished-at="2021-10-12T07:57:03Z">
          <reporter-output>
          </reporter-output>
        </test-method> <!-- setUp -->
        <test-method status="PASS" signature="Profile()[pri:0, instance:UserProfile@529519e7]" name="Profile" duration-ms="33999" started-at="2021-10-12T07:57:03Z" finished-at="2021-10-12T07:57:37Z">
          <reporter-output>
          </reporter-output>
        </test-method> <!-- Profile -->
        <test-method status="PASS" signature="tearDown()[pri:0, instance:UserProfile@529519e7]" name="tearDown" is-config="true" duration-ms="636" started-at="2021-10-12T07:57:37Z" finished-at="2021-10-12T07:57:38Z">
          <reporter-output>
          </reporter-output>
        </test-method> <!-- tearDown -->
      </class> <!-- UserProfile -->
      <class name="importBulkUsersSDHead">
        <test-method status="PASS" signature="setUp()[pri:0, instance:importBulkUsersSDHead@382621d5]" name="setUp" is-config="true" duration-ms="1374" started-at="2021-10-12T08:04:10Z" finished-at="2021-10-12T08:04:11Z">
          <reporter-output>
          </reporter-output>
        </test-method> <!-- setUp -->
        <test-method status="FAIL" signature="testImportBulkusers()[pri:0, instance:importBulkUsersSDHead@382621d5]" name="testImportBulkusers" duration-ms="230509" started-at="2021-10-12T08:04:11Z" finished-at="2021-10-12T08:08:02Z">
          <exception class="org.openqa.selenium.NoSuchElementException">
            <message>
              <![CDATA[no such element: Unable to locate element: {"method":"xpath","selector":"/html/body/div[1]/nav/div/div/div[3]/div/ul/li[3]/a"}
  (Session info: chrome=94.0.4606.71)
For documentation on this error, please visit: https://www.seleniumhq.org/exceptions/no_such_element.html
Build info: version: '3.141.59', revision: 'e82be7d358', time: '2018-11-14T08:17:03'
System info: host: 'DESKTOP-F3C6V38', ip: '192.168.75.1', os.name: 'Windows 10', os.arch: 'amd64', os.version: '10.0', java.version: '1.8.0_241'
Driver info: org.openqa.selenium.chrome.ChromeDriver
Capabilities {acceptInsecureCerts: false, browserName: chrome, browserVersion: 94.0.4606.71, chrome: {chromedriverVersion: 93.0.4577.15 (660fc11082ba5..., userDataDir: C:\Windows\TEMP\scoped_dir3...}, goog:chromeOptions: {debuggerAddress: localhost:60376}, javascriptEnabled: true, networkConnectionEnabled: false, pageLoadStrategy: normal, platform: WINDOWS, platformName: WINDOWS, proxy: Proxy(), setWindowRect: true, strictFileInteractability: false, timeouts: {implicit: 0, pageLoad: 300000, script: 30000}, unhandledPromptBehavior: dismiss and notify, webauthn:extension:credBlob: true, webauthn:extension:largeBlob: true, webauthn:virtualAuthenticators: true}
Session ID: b75a189f39388e038832de59376b77e4
*** Element info: {Using=xpath, value=/html/body/div[1]/nav/div/div/div[3]/div/ul/li[3]/a}]]>
            </message>
            <full-stacktrace>
              <![CDATA[org.openqa.selenium.NoSuchElementException: no such element: Unable to locate element: {"method":"xpath","selector":"/html/body/div[1]/nav/div/div/div[3]/div/ul/li[3]/a"}
  (Session info: chrome=94.0.4606.71)
For documentation on this error, please visit: https://www.seleniumhq.org/exceptions/no_such_element.html
Build info: version: '3.141.59', revision: 'e82be7d358', time: '2018-11-14T08:17:03'
System info: host: 'DESKTOP-F3C6V38', ip: '192.168.75.1', os.name: 'Windows 10', os.arch: 'amd64', os.version: '10.0', java.version: '1.8.0_241'
Driver info: org.openqa.selenium.chrome.ChromeDriver
Capabilities {acceptInsecureCerts: false, browserName: chrome, browserVersion: 94.0.4606.71, chrome: {chromedriverVersion: 93.0.4577.15 (660fc11082ba5..., userDataDir: C:\Windows\TEMP\scoped_dir3...}, goog:chromeOptions: {debuggerAddress: localhost:60376}, javascriptEnabled: true, networkConnectionEnabled: false, pageLoadStrategy: normal, platform: WINDOWS, platformName: WINDOWS, proxy: Proxy(), setWindowRect: true, strictFileInteractability: false, timeouts: {implicit: 0, pageLoad: 300000, script: 30000}, unhandledPromptBehavior: dismiss and notify, webauthn:extension:credBlob: true, webauthn:extension:largeBlob: true, webauthn:virtualAuthenticators: true}
Session ID: b75a189f39388e038832de59376b77e4
*** Element info: {Using=xpath, value=/html/body/div[1]/nav/div/div/div[3]/div/ul/li[3]/a}
at sun.reflect.NativeConstructorAccessorImpl.newInstance0(Native Method)
at sun.reflect.NativeConstructorAccessorImpl.newInstance(NativeConstructorAccessorImpl.java:62)
at sun.reflect.DelegatingConstructorAccessorImpl.newInstance(DelegatingConstructorAccessorImpl.java:45)
at java.lang.reflect.Constructor.newInstance(Constructor.java:423)
at org.openqa.selenium.remote.http.W3CHttpResponseCodec.createException(W3CHttpResponseCodec.java:187)
at org.openqa.selenium.remote.http.W3CHttpResponseCodec.decode(W3CHttpResponseCodec.java:122)
at org.openqa.selenium.remote.http.W3CHttpResponseCodec.decode(W3CHttpResponseCodec.java:49)
at org.openqa.selenium.remote.HttpCommandExecutor.execute(HttpCommandExecutor.java:158)
at org.openqa.selenium.remote.service.DriverCommandExecutor.execute(DriverCommandExecutor.java:83)
at org.openqa.selenium.remote.RemoteWebDriver.execute(RemoteWebDriver.java:552)
at org.openqa.selenium.remote.RemoteWebDriver.findElement(RemoteWebDriver.java:323)
at org.openqa.selenium.remote.RemoteWebDriver.findElementByXPath(RemoteWebDriver.java:428)
at org.openqa.selenium.By$ByXPath.findElement(By.java:353)
at org.openqa.selenium.remote.RemoteWebDriver.findElement(RemoteWebDriver.java:315)
at importBulkUsersSDHead.testImportBulkusers(importBulkUsersSDHead.java:70)
at sun.reflect.NativeMethodAccessorImpl.invoke0(Native Method)
at sun.reflect.NativeMethodAccessorImpl.invoke(NativeMethodAccessorImpl.java:62)
at sun.reflect.DelegatingMethodAccessorImpl.invoke(DelegatingMethodAccessorImpl.java:43)
at java.lang.reflect.Method.invoke(Method.java:498)
at org.testng.internal.MethodInvocationHelper.invokeMethod(MethodInvocationHelper.java:124)
at org.testng.internal.Invoker.invokeMethod(Invoker.java:583)
at org.testng.internal.Invoker.invokeTestMethod(Invoker.java:719)
at org.testng.internal.Invoker.invokeTestMethods(Invoker.java:989)
at org.testng.internal.TestMethodWorker.invokeTestMethods(TestMethodWorker.java:125)
at org.testng.internal.TestMethodWorker.run(TestMethodWorker.java:109)
at java.util.concurrent.ThreadPoolExecutor.runWorker(ThreadPoolExecutor.java:1149)
at java.util.concurrent.ThreadPoolExecutor$Worker.run(ThreadPoolExecutor.java:624)
at java.lang.Thread.run(Thread.java:748)
]]>
            </full-stacktrace>
          </exception> <!-- org.openqa.selenium.NoSuchElementException -->
          <reporter-output>
          </reporter-output>
        </test-method> <!-- testImportBulkusers -->
        <test-method status="PASS" signature="tearDown()[pri:0, instance:importBulkUsersSDHead@382621d5]" name="tearDown" is-config="true" duration-ms="655" started-at="2021-10-12T08:08:02Z" finished-at="2021-10-12T08:08:02Z">
          <reporter-output>
          </reporter-output>
        </test-method> <!-- tearDown -->
      </class> <!-- importBulkUsersSDHead -->
      <class name="SearchUserGuestOne">
        <test-method status="PASS" signature="setUp()[pri:0, instance:SearchUserGuestOne@4e362d47]" name="setUp" is-config="true" duration-ms="1352" started-at="2021-10-12T08:06:46Z" finished-at="2021-10-12T08:06:47Z">
          <reporter-output>
          </reporter-output>
        </test-method> <!-- setUp -->
        <test-method status="PASS" signature="testManagePassword()[pri:0, instance:SearchUserGuestOne@4e362d47]" name="testManagePassword" duration-ms="88424" started-at="2021-10-12T08:06:47Z" finished-at="2021-10-12T08:08:15Z">
          <reporter-output>
          </reporter-output>
        </test-method> <!-- testManagePassword -->
        <test-method status="PASS" signature="tearDown()[pri:0, instance:SearchUserGuestOne@4e362d47]" name="tearDown" is-config="true" duration-ms="694" started-at="2021-10-12T08:08:15Z" finished-at="2021-10-12T08:08:16Z">
          <reporter-output>
          </reporter-output>
        </test-method> <!-- tearDown -->
      </class> <!-- SearchUserGuestOne -->
      <class name="TrainingModuleClient">
        <test-method status="PASS" signature="setUp()[pri:0, instance:TrainingModuleClient@2c313bc1]" name="setUp" is-config="true" duration-ms="1320" started-at="2021-10-12T08:13:21Z" finished-at="2021-10-12T08:13:22Z">
          <reporter-output>
          </reporter-output>
        </test-method> <!-- setUp -->
        <test-method status="FAIL" signature="IsonLogin()[pri:0, instance:TrainingModuleClient@2c313bc1]" name="IsonLogin" duration-ms="147626" started-at="2021-10-12T08:13:22Z" finished-at="2021-10-12T08:15:50Z">
          <exception class="org.openqa.selenium.NoSuchElementException">
            <message>
              <![CDATA[no such element: Unable to locate element: {"method":"xpath","selector":"//li[@class='menuparent menu-item menu-item--expanded'][1]"}
  (Session info: chrome=94.0.4606.71)
For documentation on this error, please visit: https://www.seleniumhq.org/exceptions/no_such_element.html
Build info: version: '3.141.59', revision: 'e82be7d358', time: '2018-11-14T08:17:03'
System info: host: 'DESKTOP-F3C6V38', ip: '192.168.75.1', os.name: 'Windows 10', os.arch: 'amd64', os.version: '10.0', java.version: '1.8.0_241'
Driver info: org.openqa.selenium.chrome.ChromeDriver
Capabilities {acceptInsecureCerts: false, browserName: chrome, browserVersion: 94.0.4606.71, chrome: {chromedriverVersion: 93.0.4577.15 (660fc11082ba5..., userDataDir: C:\Windows\TEMP\scoped_dir2...}, goog:chromeOptions: {debuggerAddress: localhost:61309}, javascriptEnabled: true, networkConnectionEnabled: false, pageLoadStrategy: normal, platform: WINDOWS, platformName: WINDOWS, proxy: Proxy(), setWindowRect: true, strictFileInteractability: false, timeouts: {implicit: 0, pageLoad: 300000, script: 30000}, unhandledPromptBehavior: dismiss and notify, webauthn:extension:credBlob: true, webauthn:extension:largeBlob: true, webauthn:virtualAuthenticators: true}
Session ID: ba4889369a74ec8fecea4de066df4890
*** Element info: {Using=xpath, value=//li[@class='menuparent menu-item menu-item--expanded'][1]}]]>
            </message>
            <full-stacktrace>
              <![CDATA[org.openqa.selenium.NoSuchElementException: no such element: Unable to locate element: {"method":"xpath","selector":"//li[@class='menuparent menu-item menu-item--expanded'][1]"}
  (Session info: chrome=94.0.4606.71)
For documentation on this error, please visit: https://www.seleniumhq.org/exceptions/no_such_element.html
Build info: version: '3.141.59', revision: 'e82be7d358', time: '2018-11-14T08:17:03'
System info: host: 'DESKTOP-F3C6V38', ip: '192.168.75.1', os.name: 'Windows 10', os.arch: 'amd64', os.version: '10.0', java.version: '1.8.0_241'
Driver info: org.openqa.selenium.chrome.ChromeDriver
Capabilities {acceptInsecureCerts: false, browserName: chrome, browserVersion: 94.0.4606.71, chrome: {chromedriverVersion: 93.0.4577.15 (660fc11082ba5..., userDataDir: C:\Windows\TEMP\scoped_dir2...}, goog:chromeOptions: {debuggerAddress: localhost:61309}, javascriptEnabled: true, networkConnectionEnabled: false, pageLoadStrategy: normal, platform: WINDOWS, platformName: WINDOWS, proxy: Proxy(), setWindowRect: true, strictFileInteractability: false, timeouts: {implicit: 0, pageLoad: 300000, script: 30000}, unhandledPromptBehavior: dismiss and notify, webauthn:extension:credBlob: true, webauthn:extension:largeBlob: true, webauthn:virtualAuthenticators: true}
Session ID: ba4889369a74ec8fecea4de066df4890
*** Element info: {Using=xpath, value=//li[@class='menuparent menu-item menu-item--expanded'][1]}
at sun.reflect.NativeConstructorAccessorImpl.newInstance0(Native Method)
at sun.reflect.NativeConstructorAccessorImpl.newInstance(NativeConstructorAccessorImpl.java:62)
at sun.reflect.DelegatingConstructorAccessorImpl.newInstance(DelegatingConstructorAccessorImpl.java:45)
at java.lang.reflect.Constructor.newInstance(Constructor.java:423)
at org.openqa.selenium.remote.http.W3CHttpResponseCodec.createException(W3CHttpResponseCodec.java:187)
at org.openqa.selenium.remote.http.W3CHttpResponseCodec.decode(W3CHttpResponseCodec.java:122)
at org.openqa.selenium.remote.http.W3CHttpResponseCodec.decode(W3CHttpResponseCodec.java:49)
at org.openqa.selenium.remote.HttpCommandExecutor.execute(HttpCommandExecutor.java:158)
at org.openqa.selenium.remote.service.DriverCommandExecutor.execute(DriverCommandExecutor.java:83)
at org.openqa.selenium.remote.RemoteWebDriver.execute(RemoteWebDriver.java:552)
at org.openqa.selenium.remote.RemoteWebDriver.findElement(RemoteWebDriver.java:323)
at org.openqa.selenium.remote.RemoteWebDriver.findElementByXPath(RemoteWebDriver.java:428)
at org.openqa.selenium.By$ByXPath.findElement(By.java:353)
at org.openqa.selenium.remote.RemoteWebDriver.findElement(RemoteWebDriver.java:315)
at TrainingModuleClient.IsonLogin(TrainingModuleClient.java:71)
at sun.reflect.NativeMethodAccessorImpl.invoke0(Native Method)
at sun.reflect.NativeMethodAccessorImpl.invoke(NativeMethodAccessorImpl.java:62)
at sun.reflect.DelegatingMethodAccessorImpl.invoke(DelegatingMethodAccessorImpl.java:43)
at java.lang.reflect.Method.invoke(Method.java:498)
at org.testng.internal.MethodInvocationHelper.invokeMethod(MethodInvocationHelper.java:124)
at org.testng.internal.Invoker.invokeMethod(Invoker.java:583)
at org.testng.internal.Invoker.invokeTestMethod(Invoker.java:719)
at org.testng.internal.Invoker.invokeTestMethods(Invoker.java:989)
at org.testng.internal.TestMethodWorker.invokeTestMethods(TestMethodWorker.java:125)
at org.testng.internal.TestMethodWorker.run(TestMethodWorker.java:109)
at java.util.concurrent.ThreadPoolExecutor.runWorker(ThreadPoolExecutor.java:1149)
at java.util.concurrent.ThreadPoolExecutor$Worker.run(ThreadPoolExecutor.java:624)
at java.lang.Thread.run(Thread.java:748)
]]>
            </full-stacktrace>
          </exception> <!-- org.openqa.selenium.NoSuchElementException -->
          <reporter-output>
          </reporter-output>
        </test-method> <!-- IsonLogin -->
        <test-method status="PASS" signature="tearDown()[pri:0, instance:TrainingModuleClient@2c313bc1]" name="tearDown" is-config="true" duration-ms="762" started-at="2021-10-12T08:15:50Z" finished-at="2021-10-12T08:15:51Z">
          <reporter-output>
          </reporter-output>
        </test-method> <!-- tearDown -->
      </class> <!-- TrainingModuleClient -->
      <class name="listSentNotificationsRAdmin">
        <test-method status="PASS" signature="setUp()[pri:0, instance:listSentNotificationsRAdmin@6452d8bf]" name="setUp" is-config="true" duration-ms="1349" started-at="2021-10-12T08:08:02Z" finished-at="2021-10-12T08:08:04Z">
          <reporter-output>
          </reporter-output>
        </test-method> <!-- setUp -->
        <test-method status="PASS" signature="ListSentNotifications()[pri:0, instance:listSentNotificationsRAdmin@6452d8bf]" name="ListSentNotifications" duration-ms="134262" started-at="2021-10-12T08:08:04Z" finished-at="2021-10-12T08:10:18Z">
          <reporter-output>
          </reporter-output>
        </test-method> <!-- ListSentNotifications -->
        <test-method status="PASS" signature="tearDown()[pri:0, instance:listSentNotificationsRAdmin@6452d8bf]" name="tearDown" is-config="true" duration-ms="722" started-at="2021-10-12T08:10:18Z" finished-at="2021-10-12T08:10:19Z">
          <reporter-output>
          </reporter-output>
        </test-method> <!-- tearDown -->
      </class> <!-- listSentNotificationsRAdmin -->
      <class name="NotificationsTrainee">
        <test-method status="PASS" signature="setUp()[pri:0, instance:NotificationsTrainee@5099ba27]" name="setUp" is-config="true" duration-ms="1314" started-at="2021-10-12T07:59:53Z" finished-at="2021-10-12T07:59:54Z">
          <reporter-output>
          </reporter-output>
        </test-method> <!-- setUp -->
        <test-method status="PASS" signature="ListSentNotifications()[pri:0, instance:NotificationsTrainee@5099ba27]" name="ListSentNotifications" duration-ms="73857" started-at="2021-10-12T07:59:54Z" finished-at="2021-10-12T08:01:08Z">
          <reporter-output>
          </reporter-output>
        </test-method> <!-- ListSentNotifications -->
        <test-method status="PASS" signature="tearDown()[pri:0, instance:NotificationsTrainee@5099ba27]" name="tearDown" is-config="true" duration-ms="683" started-at="2021-10-12T08:01:08Z" finished-at="2021-10-12T08:01:09Z">
          <reporter-output>
          </reporter-output>
        </test-method> <!-- tearDown -->
      </class> <!-- NotificationsTrainee -->
      <class name="SearchUserClient">
        <test-method status="PASS" signature="setUp()[pri:0, instance:SearchUserClient@5cdec21c]" name="setUp" is-config="true" duration-ms="1355" started-at="2021-10-12T08:02:31Z" finished-at="2021-10-12T08:02:33Z">
          <reporter-output>
          </reporter-output>
        </test-method> <!-- setUp -->
        <test-method status="PASS" signature="testManagePassword()[pri:0, instance:SearchUserClient@5cdec21c]" name="testManagePassword" duration-ms="109573" started-at="2021-10-12T08:02:33Z" finished-at="2021-10-12T08:04:22Z">
          <reporter-output>
          </reporter-output>
        </test-method> <!-- testManagePassword -->
        <test-method status="PASS" signature="tearDown()[pri:0, instance:SearchUserClient@5cdec21c]" name="tearDown" is-config="true" duration-ms="656" started-at="2021-10-12T08:04:22Z" finished-at="2021-10-12T08:04:23Z">
          <reporter-output>
          </reporter-output>
        </test-method> <!-- tearDown -->
      </class> <!-- SearchUserClient -->
      <class name="AssessmentModuleRAdmin">
        <test-method status="PASS" signature="setUp()[pri:0, instance:AssessmentModuleRAdmin@529d0622]" name="setUp" is-config="true" duration-ms="1337" started-at="2021-10-12T08:18:49Z" finished-at="2021-10-12T08:18:50Z">
          <reporter-output>
          </reporter-output>
        </test-method> <!-- setUp -->
        <test-method status="PASS" signature="testAssessment()[pri:0, instance:AssessmentModuleRAdmin@529d0622]" name="testAssessment" duration-ms="725214" started-at="2021-10-12T08:18:50Z" finished-at="2021-10-12T08:30:55Z">
          <reporter-output>
          </reporter-output>
        </test-method> <!-- testAssessment -->
        <test-method status="PASS" signature="tearDown()[pri:0, instance:AssessmentModuleRAdmin@529d0622]" name="tearDown" is-config="true" duration-ms="751" started-at="2021-10-12T08:30:55Z" finished-at="2021-10-12T08:30:56Z">
          <reporter-output>
          </reporter-output>
        </test-method> <!-- tearDown -->
      </class> <!-- AssessmentModuleRAdmin -->
      <class name="sendNotificationsTrainer">
        <test-method status="PASS" signature="setUp()[pri:0, instance:sendNotificationsTrainer@287af746]" name="setUp" is-config="true" duration-ms="1370" started-at="2021-10-12T08:10:19Z" finished-at="2021-10-12T08:10:20Z">
          <reporter-output>
          </reporter-output>
        </test-method> <!-- setUp -->
        <test-method status="PASS" signature="testSendNotifications()[pri:0, instance:sendNotificationsTrainer@287af746]" name="testSendNotifications" duration-ms="203099" started-at="2021-10-12T08:10:20Z" finished-at="2021-10-12T08:13:43Z">
          <reporter-output>
          </reporter-output>
        </test-method> <!-- testSendNotifications -->
        <test-method status="PASS" signature="tearDown()[pri:0, instance:sendNotificationsTrainer@287af746]" name="tearDown" is-config="true" duration-ms="707" started-at="2021-10-12T08:13:43Z" finished-at="2021-10-12T08:13:44Z">
          <reporter-output>
          </reporter-output>
        </test-method> <!-- tearDown -->
      </class> <!-- sendNotificationsTrainer -->
      <class name="SearchUserSiteHead">
        <test-method status="PASS" signature="setUp()[pri:0, instance:SearchUserSiteHead@6df37569]" name="setUp" is-config="true" duration-ms="1481" started-at="2021-10-12T08:08:16Z" finished-at="2021-10-12T08:08:18Z">
          <reporter-output>
          </reporter-output>
        </test-method> <!-- setUp -->
        <test-method status="PASS" signature="testManagePassword()[pri:0, instance:SearchUserSiteHead@6df37569]" name="testManagePassword" duration-ms="102467" started-at="2021-10-12T08:08:18Z" finished-at="2021-10-12T08:10:00Z">
          <reporter-output>
          </reporter-output>
        </test-method> <!-- testManagePassword -->
        <test-method status="PASS" signature="tearDown()[pri:0, instance:SearchUserSiteHead@6df37569]" name="tearDown" is-config="true" duration-ms="668" started-at="2021-10-12T08:10:00Z" finished-at="2021-10-12T08:10:01Z">
          <reporter-output>
          </reporter-output>
        </test-method> <!-- tearDown -->
      </class> <!-- SearchUserSiteHead -->
      <class name="listSentNotificationsSDHead">
        <test-method status="PASS" signature="setUp()[pri:0, instance:listSentNotificationsSDHead@69fb40a1]" name="setUp" is-config="true" duration-ms="1427" started-at="2021-10-12T08:15:51Z" finished-at="2021-10-12T08:15:52Z">
          <reporter-output>
          </reporter-output>
        </test-method> <!-- setUp -->
        <test-method status="PASS" signature="ListSentNotifications()[pri:0, instance:listSentNotificationsSDHead@69fb40a1]" name="ListSentNotifications" duration-ms="175923" started-at="2021-10-12T08:15:52Z" finished-at="2021-10-12T08:18:48Z">
          <reporter-output>
          </reporter-output>
        </test-method> <!-- ListSentNotifications -->
        <test-method status="PASS" signature="tearDown()[pri:0, instance:listSentNotificationsSDHead@69fb40a1]" name="tearDown" is-config="true" duration-ms="690" started-at="2021-10-12T08:18:48Z" finished-at="2021-10-12T08:18:49Z">
          <reporter-output>
          </reporter-output>
        </test-method> <!-- tearDown -->
      </class> <!-- listSentNotificationsSDHead -->
      <class name="usersExport">
        <test-method status="PASS" signature="setUp()[pri:0, instance:usersExport@4c4ba6c4]" name="setUp" is-config="true" duration-ms="1323" started-at="2021-10-12T07:57:38Z" finished-at="2021-10-12T07:57:39Z">
          <reporter-output>
          </reporter-output>
        </test-method> <!-- setUp -->
        <test-method status="PASS" signature="testUsersexport()[pri:0, instance:usersExport@4c4ba6c4]" name="testUsersexport" duration-ms="132463" started-at="2021-10-12T07:57:39Z" finished-at="2021-10-12T07:59:52Z">
          <reporter-output>
          </reporter-output>
        </test-method> <!-- testUsersexport -->
        <test-method status="PASS" signature="tearDown()[pri:0, instance:usersExport@4c4ba6c4]" name="tearDown" is-config="true" duration-ms="923" started-at="2021-10-12T07:59:52Z" finished-at="2021-10-12T07:59:53Z">
          <reporter-output>
          </reporter-output>
        </test-method> <!-- tearDown -->
      </class> <!-- usersExport -->
      <class name="managePassword">
        <test-method status="PASS" signature="setUp()[pri:0, instance:managePassword@69ca3e90]" name="setUp" is-config="true" duration-ms="1472" started-at="2021-10-12T07:53:36Z" finished-at="2021-10-12T07:53:38Z">
          <reporter-output>
          </reporter-output>
        </test-method> <!-- setUp -->
        <test-method status="PASS" signature="testManagePassword()[pri:0, instance:managePassword@69ca3e90]" name="testManagePassword" duration-ms="203578" started-at="2021-10-12T07:53:38Z" finished-at="2021-10-12T07:57:01Z">
          <reporter-output>
          </reporter-output>
        </test-method> <!-- testManagePassword -->
        <test-method status="PASS" signature="tearDown()[pri:0, instance:managePassword@69ca3e90]" name="tearDown" is-config="true" duration-ms="672" started-at="2021-10-12T07:57:01Z" finished-at="2021-10-12T07:57:02Z">
          <reporter-output>
          </reporter-output>
        </test-method> <!-- tearDown -->
      </class> <!-- managePassword -->
      <class name="addUserTrainer">
        <test-method status="PASS" signature="setUp()[pri:0, instance:addUserTrainer@72e90a0c]" name="setUp" is-config="true" duration-ms="1245" started-at="2021-10-12T07:50:32Z" finished-at="2021-10-12T07:50:33Z">
          <reporter-output>
          </reporter-output>
        </test-method> <!-- setUp -->
        <test-method status="PASS" signature="testAddUser()[pri:0, instance:addUserTrainer@72e90a0c]" name="testAddUser" duration-ms="182719" started-at="2021-10-12T07:50:33Z" finished-at="2021-10-12T07:53:36Z">
          <reporter-output>
          </reporter-output>
        </test-method> <!-- testAddUser -->
        <test-method status="PASS" signature="tearDown()[pri:0, instance:addUserTrainer@72e90a0c]" name="tearDown" is-config="true" duration-ms="689" started-at="2021-10-12T07:53:36Z" finished-at="2021-10-12T07:53:36Z">
          <reporter-output>
          </reporter-output>
        </test-method> <!-- tearDown -->
      </class> <!-- addUserTrainer -->
      <class name="trainingOverviewDashboardSiteHead">
        <test-method status="PASS" signature="setUp()[pri:0, instance:trainingOverviewDashboardSiteHead@5759a4ff]" name="setUp" is-config="true" duration-ms="1491" started-at="2021-10-12T08:10:01Z" finished-at="2021-10-12T08:10:02Z">
          <reporter-output>
          </reporter-output>
        </test-method> <!-- setUp -->
        <test-method status="PASS" signature="testtrainingOverviewDashboard()[pri:0, instance:trainingOverviewDashboardSiteHead@5759a4ff]" name="testtrainingOverviewDashboard" duration-ms="55708" started-at="2021-10-12T08:10:02Z" finished-at="2021-10-12T08:10:58Z">
          <reporter-output>
          </reporter-output>
        </test-method> <!-- testtrainingOverviewDashboard -->
        <test-method status="PASS" signature="tearDown()[pri:0, instance:trainingOverviewDashboardSiteHead@5759a4ff]" name="tearDown" is-config="true" duration-ms="711" started-at="2021-10-12T08:10:58Z" finished-at="2021-10-12T08:10:59Z">
          <reporter-output>
          </reporter-output>
        </test-method> <!-- tearDown -->
      </class> <!-- trainingOverviewDashboardSiteHead -->
      <class name="listSentNotificationsSiteHead">
        <test-method status="PASS" signature="setUp()[pri:0, instance:listSentNotificationsSiteHead@36551ce4]" name="setUp" is-config="true" duration-ms="1380" started-at="2021-10-12T08:13:44Z" finished-at="2021-10-12T08:13:45Z">
          <reporter-output>
          </reporter-output>
        </test-method> <!-- setUp -->
        <test-method status="PASS" signature="ListSentNotifications()[pri:0, instance:listSentNotificationsSiteHead@36551ce4]" name="ListSentNotifications" duration-ms="111389" started-at="2021-10-12T08:13:45Z" finished-at="2021-10-12T08:15:37Z">
          <reporter-output>
          </reporter-output>
        </test-method> <!-- ListSentNotifications -->
        <test-method status="PASS" signature="tearDown()[pri:0, instance:listSentNotificationsSiteHead@36551ce4]" name="tearDown" is-config="true" duration-ms="673" started-at="2021-10-12T08:15:37Z" finished-at="2021-10-12T08:15:37Z">
          <reporter-output>
          </reporter-output>
        </test-method> <!-- tearDown -->
      </class> <!-- listSentNotificationsSiteHead -->
      <class name="TestClassRoomTrainingRAdmin">
        <test-method status="PASS" signature="setUp()[pri:0, instance:TestClassRoomTrainingRAdmin@4cb1816c]" name="setUp" is-config="true" duration-ms="1371" started-at="2021-10-12T08:16:52Z" finished-at="2021-10-12T08:16:54Z">
          <reporter-output>
          </reporter-output>
        </test-method> <!-- setUp -->
        <test-method status="FAIL" signature="ClassTraining()[pri:0, instance:TestClassRoomTrainingRAdmin@4cb1816c]" name="ClassTraining" duration-ms="239457" started-at="2021-10-12T08:16:54Z" finished-at="2021-10-12T08:20:53Z">
          <exception class="org.openqa.selenium.NoSuchElementException">
            <message>
              <![CDATA[no such element: Unable to locate element: {"method":"xpath","selector":"//li[@class='menuparent menu-item menu-item--expanded'][1]"}
  (Session info: chrome=94.0.4606.71)
For documentation on this error, please visit: https://www.seleniumhq.org/exceptions/no_such_element.html
Build info: version: '3.141.59', revision: 'e82be7d358', time: '2018-11-14T08:17:03'
System info: host: 'DESKTOP-F3C6V38', ip: '192.168.75.1', os.name: 'Windows 10', os.arch: 'amd64', os.version: '10.0', java.version: '1.8.0_241'
Driver info: org.openqa.selenium.chrome.ChromeDriver
Capabilities {acceptInsecureCerts: false, browserName: chrome, browserVersion: 94.0.4606.71, chrome: {chromedriverVersion: 93.0.4577.15 (660fc11082ba5..., userDataDir: C:\Windows\TEMP\scoped_dir1...}, goog:chromeOptions: {debuggerAddress: localhost:52073}, javascriptEnabled: true, networkConnectionEnabled: false, pageLoadStrategy: normal, platform: WINDOWS, platformName: WINDOWS, proxy: Proxy(), setWindowRect: true, strictFileInteractability: false, timeouts: {implicit: 0, pageLoad: 300000, script: 30000}, unhandledPromptBehavior: dismiss and notify, webauthn:extension:credBlob: true, webauthn:extension:largeBlob: true, webauthn:virtualAuthenticators: true}
Session ID: b65ac2fa4d76d67049aefc05d4c5cec7
*** Element info: {Using=xpath, value=//li[@class='menuparent menu-item menu-item--expanded'][1]}]]>
            </message>
            <full-stacktrace>
              <![CDATA[org.openqa.selenium.NoSuchElementException: no such element: Unable to locate element: {"method":"xpath","selector":"//li[@class='menuparent menu-item menu-item--expanded'][1]"}
  (Session info: chrome=94.0.4606.71)
For documentation on this error, please visit: https://www.seleniumhq.org/exceptions/no_such_element.html
Build info: version: '3.141.59', revision: 'e82be7d358', time: '2018-11-14T08:17:03'
System info: host: 'DESKTOP-F3C6V38', ip: '192.168.75.1', os.name: 'Windows 10', os.arch: 'amd64', os.version: '10.0', java.version: '1.8.0_241'
Driver info: org.openqa.selenium.chrome.ChromeDriver
Capabilities {acceptInsecureCerts: false, browserName: chrome, browserVersion: 94.0.4606.71, chrome: {chromedriverVersion: 93.0.4577.15 (660fc11082ba5..., userDataDir: C:\Windows\TEMP\scoped_dir1...}, goog:chromeOptions: {debuggerAddress: localhost:52073}, javascriptEnabled: true, networkConnectionEnabled: false, pageLoadStrategy: normal, platform: WINDOWS, platformName: WINDOWS, proxy: Proxy(), setWindowRect: true, strictFileInteractability: false, timeouts: {implicit: 0, pageLoad: 300000, script: 30000}, unhandledPromptBehavior: dismiss and notify, webauthn:extension:credBlob: true, webauthn:extension:largeBlob: true, webauthn:virtualAuthenticators: true}
Session ID: b65ac2fa4d76d67049aefc05d4c5cec7
*** Element info: {Using=xpath, value=//li[@class='menuparent menu-item menu-item--expanded'][1]}
at sun.reflect.NativeConstructorAccessorImpl.newInstance0(Native Method)
at sun.reflect.NativeConstructorAccessorImpl.newInstance(NativeConstructorAccessorImpl.java:62)
at sun.reflect.DelegatingConstructorAccessorImpl.newInstance(DelegatingConstructorAccessorImpl.java:45)
at java.lang.reflect.Constructor.newInstance(Constructor.java:423)
at org.openqa.selenium.remote.http.W3CHttpResponseCodec.createException(W3CHttpResponseCodec.java:187)
at org.openqa.selenium.remote.http.W3CHttpResponseCodec.decode(W3CHttpResponseCodec.java:122)
at org.openqa.selenium.remote.http.W3CHttpResponseCodec.decode(W3CHttpResponseCodec.java:49)
at org.openqa.selenium.remote.HttpCommandExecutor.execute(HttpCommandExecutor.java:158)
at org.openqa.selenium.remote.service.DriverCommandExecutor.execute(DriverCommandExecutor.java:83)
at org.openqa.selenium.remote.RemoteWebDriver.execute(RemoteWebDriver.java:552)
at org.openqa.selenium.remote.RemoteWebDriver.findElement(RemoteWebDriver.java:323)
at org.openqa.selenium.remote.RemoteWebDriver.findElementByXPath(RemoteWebDriver.java:428)
at org.openqa.selenium.By$ByXPath.findElement(By.java:353)
at org.openqa.selenium.remote.RemoteWebDriver.findElement(RemoteWebDriver.java:315)
at TestClassRoomTrainingRAdmin.ClassTraining(TestClassRoomTrainingRAdmin.java:102)
at sun.reflect.NativeMethodAccessorImpl.invoke0(Native Method)
at sun.reflect.NativeMethodAccessorImpl.invoke(NativeMethodAccessorImpl.java:62)
at sun.reflect.DelegatingMethodAccessorImpl.invoke(DelegatingMethodAccessorImpl.java:43)
at java.lang.reflect.Method.invoke(Method.java:498)
at org.testng.internal.MethodInvocationHelper.invokeMethod(MethodInvocationHelper.java:124)
at org.testng.internal.Invoker.invokeMethod(Invoker.java:583)
at org.testng.internal.Invoker.invokeTestMethod(Invoker.java:719)
at org.testng.internal.Invoker.invokeTestMethods(Invoker.java:989)
at org.testng.internal.TestMethodWorker.invokeTestMethods(TestMethodWorker.java:125)
at org.testng.internal.TestMethodWorker.run(TestMethodWorker.java:109)
at java.util.concurrent.ThreadPoolExecutor.runWorker(ThreadPoolExecutor.java:1149)
at java.util.concurrent.ThreadPoolExecutor$Worker.run(ThreadPoolExecutor.java:624)
at java.lang.Thread.run(Thread.java:748)
]]>
            </full-stacktrace>
          </exception> <!-- org.openqa.selenium.NoSuchElementException -->
          <reporter-output>
          </reporter-output>
        </test-method> <!-- ClassTraining -->
        <test-method status="PASS" signature="tearDown()[pri:0, instance:TestClassRoomTrainingRAdmin@4cb1816c]" name="tearDown" is-config="true" duration-ms="675" started-at="2021-10-12T08:20:53Z" finished-at="2021-10-12T08:20:54Z">
          <reporter-output>
          </reporter-output>
        </test-method> <!-- tearDown -->
      </class> <!-- TestClassRoomTrainingRAdmin -->
      <class name="manageProfilePicRAdmin">
        <test-method status="PASS" signature="setUp()[pri:0, instance:manageProfilePicRAdmin@74cd2f63]" name="setUp" is-config="true" duration-ms="1379" started-at="2021-10-12T07:57:43Z" finished-at="2021-10-12T07:57:45Z">
          <reporter-output>
          </reporter-output>
        </test-method> <!-- setUp -->
        <test-method status="PASS" signature="testManageProfilepic()[pri:0, instance:manageProfilePicRAdmin@74cd2f63]" name="testManageProfilepic" duration-ms="115502" started-at="2021-10-12T07:57:45Z" finished-at="2021-10-12T07:59:40Z">
          <reporter-output>
          </reporter-output>
        </test-method> <!-- testManageProfilepic -->
        <test-method status="PASS" signature="tearDown()[pri:0, instance:manageProfilePicRAdmin@74cd2f63]" name="tearDown" is-config="true" duration-ms="703" started-at="2021-10-12T07:59:40Z" finished-at="2021-10-12T07:59:41Z">
          <reporter-output>
          </reporter-output>
        </test-method> <!-- tearDown -->
      </class> <!-- manageProfilePicRAdmin -->
      <class name="TrainingModuleSiteHead">
        <test-method status="PASS" signature="setUp()[pri:0, instance:TrainingModuleSiteHead@49ea1daf]" name="setUp" is-config="true" duration-ms="1244" started-at="2021-10-12T08:15:37Z" finished-at="2021-10-12T08:15:39Z">
          <reporter-output>
          </reporter-output>
        </test-method> <!-- setUp -->
        <test-method status="PASS" signature="IsonLogin()[pri:0, instance:TrainingModuleSiteHead@49ea1daf]" name="IsonLogin" duration-ms="72972" started-at="2021-10-12T08:15:39Z" finished-at="2021-10-12T08:16:51Z">
          <reporter-output>
          </reporter-output>
        </test-method> <!-- IsonLogin -->
        <test-method status="PASS" signature="tearDown()[pri:0, instance:TrainingModuleSiteHead@49ea1daf]" name="tearDown" is-config="true" duration-ms="675" started-at="2021-10-12T08:16:51Z" finished-at="2021-10-12T08:16:52Z">
          <reporter-output>
          </reporter-output>
        </test-method> <!-- tearDown -->
      </class> <!-- TrainingModuleSiteHead -->
      <class name="deactivateActivateUserRAdmin">
        <test-method status="PASS" signature="setUp()[pri:0, instance:deactivateActivateUserRAdmin@6816c783]" name="setUp" is-config="true" duration-ms="1317" started-at="2021-10-12T07:53:39Z" finished-at="2021-10-12T07:53:40Z">
          <reporter-output>
          </reporter-output>
        </test-method> <!-- setUp -->
        <test-method status="PASS" signature="testDeactivateActivateUser()[pri:0, instance:deactivateActivateUserRAdmin@6816c783]" name="testDeactivateActivateUser" duration-ms="242165" started-at="2021-10-12T07:53:40Z" finished-at="2021-10-12T07:57:42Z">
          <reporter-output>
          </reporter-output>
        </test-method> <!-- testDeactivateActivateUser -->
        <test-method status="PASS" signature="tearDown()[pri:0, instance:deactivateActivateUserRAdmin@6816c783]" name="tearDown" is-config="true" duration-ms="834" started-at="2021-10-12T07:57:42Z" finished-at="2021-10-12T07:57:43Z">
          <reporter-output>
          </reporter-output>
        </test-method> <!-- tearDown -->
      </class> <!-- deactivateActivateUserRAdmin -->
      <class name="managePasswordSDHead">
        <test-method status="PASS" signature="setUp()[pri:0, instance:managePasswordSDHead@41f55b76]" name="setUp" is-config="true" duration-ms="1416" started-at="2021-10-12T08:01:09Z" finished-at="2021-10-12T08:01:10Z">
          <reporter-output>
          </reporter-output>
        </test-method> <!-- setUp -->
        <test-method status="PASS" signature="testManagePassword()[pri:0, instance:managePasswordSDHead@41f55b76]" name="testManagePassword" duration-ms="179066" started-at="2021-10-12T08:01:10Z" finished-at="2021-10-12T08:04:09Z">
          <reporter-output>
          </reporter-output>
        </test-method> <!-- testManagePassword -->
        <test-method status="PASS" signature="tearDown()[pri:0, instance:managePasswordSDHead@41f55b76]" name="tearDown" is-config="true" duration-ms="706" started-at="2021-10-12T08:04:09Z" finished-at="2021-10-12T08:04:10Z">
          <reporter-output>
          </reporter-output>
        </test-method> <!-- tearDown -->
      </class> <!-- managePasswordSDHead -->
      <class name="listSentNotificationsGuestOne">
        <test-method status="PASS" signature="setUp()[pri:0, instance:listSentNotificationsGuestOne@5a1f55d6]" name="setUp" is-config="true" duration-ms="1335" started-at="2021-10-12T08:10:59Z" finished-at="2021-10-12T08:11:00Z">
          <reporter-output>
          </reporter-output>
        </test-method> <!-- setUp -->
        <test-method status="PASS" signature="ListSentNotifications()[pri:0, instance:listSentNotificationsGuestOne@5a1f55d6]" name="ListSentNotifications" duration-ms="140388" started-at="2021-10-12T08:11:00Z" finished-at="2021-10-12T08:13:20Z">
          <reporter-output>
          </reporter-output>
        </test-method> <!-- ListSentNotifications -->
        <test-method status="PASS" signature="tearDown()[pri:0, instance:listSentNotificationsGuestOne@5a1f55d6]" name="tearDown" is-config="true" duration-ms="678" started-at="2021-10-12T08:13:20Z" finished-at="2021-10-12T08:13:21Z">
          <reporter-output>
          </reporter-output>
        </test-method> <!-- tearDown -->
      </class> <!-- listSentNotificationsGuestOne -->
      <class name="receivedNotifications">
        <test-method status="PASS" signature="setUp()[pri:0, instance:receivedNotifications@7b9aa6ab]" name="setUp" is-config="true" duration-ms="1296" started-at="2021-10-12T07:47:55Z" finished-at="2021-10-12T07:47:57Z">
          <reporter-output>
          </reporter-output>
        </test-method> <!-- setUp -->
        <test-method status="PASS" signature="testReceiveNotifications()[pri:0, instance:receivedNotifications@7b9aa6ab]" name="testReceiveNotifications" duration-ms="154374" started-at="2021-10-12T07:47:57Z" finished-at="2021-10-12T07:50:31Z">
          <reporter-output>
          </reporter-output>
        </test-method> <!-- testReceiveNotifications -->
        <test-method status="PASS" signature="tearDown()[pri:0, instance:receivedNotifications@7b9aa6ab]" name="tearDown" is-config="true" duration-ms="719" started-at="2021-10-12T07:50:31Z" finished-at="2021-10-12T07:50:32Z">
          <reporter-output>
          </reporter-output>
        </test-method> <!-- tearDown -->
      </class> <!-- receivedNotifications -->
      <class name="importBulkUsers">
        <test-method status="PASS" signature="setUp()[pri:0, instance:importBulkUsers@8512193]" name="setUp" is-config="true" duration-ms="1441" started-at="2021-10-12T07:48:46Z" finished-at="2021-10-12T07:48:48Z">
          <reporter-output>
          </reporter-output>
        </test-method> <!-- setUp -->
        <test-method status="PASS" signature="testImportBulkusers()[pri:0, instance:importBulkUsers@8512193]" name="testImportBulkusers" duration-ms="105795" started-at="2021-10-12T07:48:48Z" finished-at="2021-10-12T07:50:34Z">
          <reporter-output>
          </reporter-output>
        </test-method> <!-- testImportBulkusers -->
        <test-method status="PASS" signature="tearDown()[pri:0, instance:importBulkUsers@8512193]" name="tearDown" is-config="true" duration-ms="769" started-at="2021-10-12T07:50:34Z" finished-at="2021-10-12T07:50:34Z">
          <reporter-output>
          </reporter-output>
        </test-method> <!-- tearDown -->
      </class> <!-- importBulkUsers -->
      <class name="usersExportRAdmin">
        <test-method status="PASS" signature="setUp()[pri:0, instance:usersExportRAdmin@2a39c4a6]" name="setUp" is-config="true" duration-ms="1306" started-at="2021-10-12T07:59:41Z" finished-at="2021-10-12T07:59:42Z">
          <reporter-output>
          </reporter-output>
        </test-method> <!-- setUp -->
        <test-method status="FAIL" signature="testUsersexport()[pri:0, instance:usersExportRAdmin@2a39c4a6]" name="testUsersexport" duration-ms="168641" started-at="2021-10-12T07:59:42Z" finished-at="2021-10-12T08:02:31Z">
          <exception class="org.openqa.selenium.NoSuchElementException">
            <message>
              <![CDATA[no such element: Unable to locate element: {"method":"xpath","selector":"//nav[@class='pcoded-navbar menu-light navbar-collapsed']"}
  (Session info: chrome=94.0.4606.71)
For documentation on this error, please visit: https://www.seleniumhq.org/exceptions/no_such_element.html
Build info: version: '3.141.59', revision: 'e82be7d358', time: '2018-11-14T08:17:03'
System info: host: 'DESKTOP-F3C6V38', ip: '192.168.75.1', os.name: 'Windows 10', os.arch: 'amd64', os.version: '10.0', java.version: '1.8.0_241'
Driver info: org.openqa.selenium.chrome.ChromeDriver
Capabilities {acceptInsecureCerts: true, browserName: chrome, browserVersion: 94.0.4606.71, chrome: {chromedriverVersion: 93.0.4577.15 (660fc11082ba5..., userDataDir: C:\Windows\TEMP\scoped_dir2...}, goog:chromeOptions: {debuggerAddress: localhost:65282}, javascriptEnabled: true, networkConnectionEnabled: false, pageLoadStrategy: normal, platform: WINDOWS, platformName: WINDOWS, proxy: Proxy(), setWindowRect: true, strictFileInteractability: false, timeouts: {implicit: 0, pageLoad: 300000, script: 30000}, unhandledPromptBehavior: dismiss and notify, webauthn:extension:credBlob: true, webauthn:extension:largeBlob: true, webauthn:virtualAuthenticators: true}
Session ID: 60f9f5c82f971971f634286cbdf54f0c
*** Element info: {Using=xpath, value=//nav[@class='pcoded-navbar menu-light navbar-collapsed']}]]>
            </message>
            <full-stacktrace>
              <![CDATA[org.openqa.selenium.NoSuchElementException: no such element: Unable to locate element: {"method":"xpath","selector":"//nav[@class='pcoded-navbar menu-light navbar-collapsed']"}
  (Session info: chrome=94.0.4606.71)
For documentation on this error, please visit: https://www.seleniumhq.org/exceptions/no_such_element.html
Build info: version: '3.141.59', revision: 'e82be7d358', time: '2018-11-14T08:17:03'
System info: host: 'DESKTOP-F3C6V38', ip: '192.168.75.1', os.name: 'Windows 10', os.arch: 'amd64', os.version: '10.0', java.version: '1.8.0_241'
Driver info: org.openqa.selenium.chrome.ChromeDriver
Capabilities {acceptInsecureCerts: true, browserName: chrome, browserVersion: 94.0.4606.71, chrome: {chromedriverVersion: 93.0.4577.15 (660fc11082ba5..., userDataDir: C:\Windows\TEMP\scoped_dir2...}, goog:chromeOptions: {debuggerAddress: localhost:65282}, javascriptEnabled: true, networkConnectionEnabled: false, pageLoadStrategy: normal, platform: WINDOWS, platformName: WINDOWS, proxy: Proxy(), setWindowRect: true, strictFileInteractability: false, timeouts: {implicit: 0, pageLoad: 300000, script: 30000}, unhandledPromptBehavior: dismiss and notify, webauthn:extension:credBlob: true, webauthn:extension:largeBlob: true, webauthn:virtualAuthenticators: true}
Session ID: 60f9f5c82f971971f634286cbdf54f0c
*** Element info: {Using=xpath, value=//nav[@class='pcoded-navbar menu-light navbar-collapsed']}
at sun.reflect.NativeConstructorAccessorImpl.newInstance0(Native Method)
at sun.reflect.NativeConstructorAccessorImpl.newInstance(NativeConstructorAccessorImpl.java:62)
at sun.reflect.DelegatingConstructorAccessorImpl.newInstance(DelegatingConstructorAccessorImpl.java:45)
at java.lang.reflect.Constructor.newInstance(Constructor.java:423)
at org.openqa.selenium.remote.http.W3CHttpResponseCodec.createException(W3CHttpResponseCodec.java:187)
at org.openqa.selenium.remote.http.W3CHttpResponseCodec.decode(W3CHttpResponseCodec.java:122)
at org.openqa.selenium.remote.http.W3CHttpResponseCodec.decode(W3CHttpResponseCodec.java:49)
at org.openqa.selenium.remote.HttpCommandExecutor.execute(HttpCommandExecutor.java:158)
at org.openqa.selenium.remote.service.DriverCommandExecutor.execute(DriverCommandExecutor.java:83)
at org.openqa.selenium.remote.RemoteWebDriver.execute(RemoteWebDriver.java:552)
at org.openqa.selenium.remote.RemoteWebDriver.findElement(RemoteWebDriver.java:323)
at org.openqa.selenium.remote.RemoteWebDriver.findElementByXPath(RemoteWebDriver.java:428)
at org.openqa.selenium.By$ByXPath.findElement(By.java:353)
at org.openqa.selenium.remote.RemoteWebDriver.findElement(RemoteWebDriver.java:315)
at usersExportRAdmin.testUsersexport(usersExportRAdmin.java:108)
at sun.reflect.NativeMethodAccessorImpl.invoke0(Native Method)
at sun.reflect.NativeMethodAccessorImpl.invoke(NativeMethodAccessorImpl.java:62)
at sun.reflect.DelegatingMethodAccessorImpl.invoke(DelegatingMethodAccessorImpl.java:43)
at java.lang.reflect.Method.invoke(Method.java:498)
at org.testng.internal.MethodInvocationHelper.invokeMethod(MethodInvocationHelper.java:124)
at org.testng.internal.Invoker.invokeMethod(Invoker.java:583)
at org.testng.internal.Invoker.invokeTestMethod(Invoker.java:719)
at org.testng.internal.Invoker.invokeTestMethods(Invoker.java:989)
at org.testng.internal.TestMethodWorker.invokeTestMethods(TestMethodWorker.java:125)
at org.testng.internal.TestMethodWorker.run(TestMethodWorker.java:109)
at java.util.concurrent.ThreadPoolExecutor.runWorker(ThreadPoolExecutor.java:1149)
at java.util.concurrent.ThreadPoolExecutor$Worker.run(ThreadPoolExecutor.java:624)
at java.lang.Thread.run(Thread.java:748)
]]>
            </full-stacktrace>
          </exception> <!-- org.openqa.selenium.NoSuchElementException -->
          <reporter-output>
          </reporter-output>
        </test-method> <!-- testUsersexport -->
        <test-method status="PASS" signature="tearDown()[pri:0, instance:usersExportRAdmin@2a39c4a6]" name="tearDown" is-config="true" duration-ms="657" started-at="2021-10-12T08:02:31Z" finished-at="2021-10-12T08:02:31Z">
          <reporter-output>
          </reporter-output>
        </test-method> <!-- tearDown -->
      </class> <!-- usersExportRAdmin -->
      <class name="addEditDelLob">
        <test-method status="PASS" signature="setUp()[pri:0, instance:addEditDelLob@5c685504]" name="setUp" is-config="true" duration-ms="1282" started-at="2021-10-12T07:50:34Z" finished-at="2021-10-12T07:50:36Z">
          <reporter-output>
          </reporter-output>
        </test-method> <!-- setUp -->
        <test-method status="PASS" signature="testAddEditDelLob()[pri:0, instance:addEditDelLob@5c685504]" name="testAddEditDelLob" duration-ms="182470" started-at="2021-10-12T07:50:36Z" finished-at="2021-10-12T07:53:38Z">
          <reporter-output>
          </reporter-output>
        </test-method> <!-- testAddEditDelLob -->
        <test-method status="PASS" signature="tearDown()[pri:0, instance:addEditDelLob@5c685504]" name="tearDown" is-config="true" duration-ms="832" started-at="2021-10-12T07:53:38Z" finished-at="2021-10-12T07:53:39Z">
          <reporter-output>
          </reporter-output>
        </test-method> <!-- tearDown -->
      </class> <!-- addEditDelLob -->
      <class name="Certificate">
        <test-method status="PASS" signature="setUp()[pri:0, instance:Certificate@552c076e]" name="setUp" is-config="true" duration-ms="1376" started-at="2021-10-12T07:47:55Z" finished-at="2021-10-12T07:47:57Z">
          <reporter-output>
          </reporter-output>
        </test-method> <!-- setUp -->
        <test-method status="PASS" signature="GetCertificate()[pri:0, instance:Certificate@552c076e]" name="GetCertificate" duration-ms="48912" started-at="2021-10-12T07:47:57Z" finished-at="2021-10-12T07:48:46Z">
          <reporter-output>
          </reporter-output>
        </test-method> <!-- GetCertificate -->
        <test-method status="PASS" signature="tearDown()[pri:0, instance:Certificate@552c076e]" name="tearDown" is-config="true" duration-ms="689" started-at="2021-10-12T07:48:46Z" finished-at="2021-10-12T07:48:46Z">
          <reporter-output>
          </reporter-output>
        </test-method> <!-- tearDown -->
      </class> <!-- Certificate -->
    </test> <!-- Trainer Role -->
    <test name="Dashboard Scripts" duration-ms="10036992" started-at="2021-10-12T08:30:56Z" finished-at="2021-10-12T11:18:13Z">
      <class name="onlineTrainingsDashboardSiteHead">
        <test-method status="PASS" signature="setUp()[pri:0, instance:onlineTrainingsDashboardSiteHead@43273f9]" name="setUp" is-config="true" duration-ms="1256" started-at="2021-10-12T10:16:27Z" finished-at="2021-10-12T10:16:28Z">
          <reporter-output>
          </reporter-output>
        </test-method> <!-- setUp -->
        <test-method status="PASS" signature="testonlineTrainingsDashboard()[pri:0, instance:onlineTrainingsDashboardSiteHead@43273f9]" name="testonlineTrainingsDashboard" duration-ms="265209" started-at="2021-10-12T10:16:28Z" finished-at="2021-10-12T10:20:53Z">
          <reporter-output>
          </reporter-output>
        </test-method> <!-- testonlineTrainingsDashboard -->
        <test-method status="PASS" signature="tearDown()[pri:0, instance:onlineTrainingsDashboardSiteHead@43273f9]" name="tearDown" is-config="true" duration-ms="688" started-at="2021-10-12T10:20:53Z" finished-at="2021-10-12T10:20:54Z">
          <reporter-output>
          </reporter-output>
        </test-method> <!-- tearDown -->
      </class> <!-- onlineTrainingsDashboardSiteHead -->
      <class name="lmsQuickAccessDashboardRAdmin">
        <test-method status="PASS" signature="setUp()[pri:0, instance:lmsQuickAccessDashboardRAdmin@4690f3b2]" name="setUp" is-config="true" duration-ms="1249" started-at="2021-10-12T09:54:42Z" finished-at="2021-10-12T09:54:43Z">
          <reporter-output>
          </reporter-output>
        </test-method> <!-- setUp -->
        <test-method status="PASS" signature="testlmsQuickAccessDashboard()[pri:0, instance:lmsQuickAccessDashboardRAdmin@4690f3b2]" name="testlmsQuickAccessDashboard" duration-ms="55938" started-at="2021-10-12T09:54:43Z" finished-at="2021-10-12T09:55:39Z">
          <reporter-output>
          </reporter-output>
        </test-method> <!-- testlmsQuickAccessDashboard -->
        <test-method status="PASS" signature="tearDown()[pri:0, instance:lmsQuickAccessDashboardRAdmin@4690f3b2]" name="tearDown" is-config="true" duration-ms="690" started-at="2021-10-12T09:55:39Z" finished-at="2021-10-12T09:55:40Z">
          <reporter-output>
          </reporter-output>
        </test-method> <!-- tearDown -->
      </class> <!-- lmsQuickAccessDashboardRAdmin -->
      <class name="EditTrainingTrainer">
        <test-method status="PASS" signature="setUp()[pri:0, instance:EditTrainingTrainer@20dba379]" name="setUp" is-config="true" duration-ms="1351" started-at="2021-10-12T08:30:56Z" finished-at="2021-10-12T08:30:57Z">
          <reporter-output>
          </reporter-output>
        </test-method> <!-- setUp -->
        <test-method status="PASS" signature="SignIn()[pri:0, instance:EditTrainingTrainer@20dba379]" name="SignIn" duration-ms="258707" started-at="2021-10-12T08:30:57Z" finished-at="2021-10-12T08:35:16Z">
          <reporter-output>
          </reporter-output>
        </test-method> <!-- SignIn -->
        <test-method status="PASS" signature="tearDown()[pri:0, instance:EditTrainingTrainer@20dba379]" name="tearDown" is-config="true" duration-ms="697" started-at="2021-10-12T08:35:16Z" finished-at="2021-10-12T08:35:17Z">
          <reporter-output>
          </reporter-output>
        </test-method> <!-- tearDown -->
      </class> <!-- EditTrainingTrainer -->
      <class name="CopyTraining">
        <test-method status="PASS" signature="setUp()[pri:0, instance:CopyTraining@2d5d4bef]" name="setUp" is-config="true" duration-ms="1240" started-at="2021-10-12T08:39:51Z" finished-at="2021-10-12T08:39:52Z">
          <reporter-output>
          </reporter-output>
        </test-method> <!-- setUp -->
        <test-method status="FAIL" signature="SignIn()[pri:0, instance:CopyTraining@2d5d4bef]" name="SignIn" duration-ms="239600" started-at="2021-10-12T08:39:52Z" finished-at="2021-10-12T08:43:52Z">
          <exception class="org.openqa.selenium.NoSuchElementException">
            <message>
              <![CDATA[no such element: Unable to locate element: {"method":"xpath","selector":"//nav[@class='pcoded-navbar menu-light navbar-collapsed']"}
  (Session info: chrome=94.0.4606.71)
For documentation on this error, please visit: https://www.seleniumhq.org/exceptions/no_such_element.html
Build info: version: '3.141.59', revision: 'e82be7d358', time: '2018-11-14T08:17:03'
System info: host: 'DESKTOP-F3C6V38', ip: '192.168.75.1', os.name: 'Windows 10', os.arch: 'amd64', os.version: '10.0', java.version: '1.8.0_241'
Driver info: org.openqa.selenium.chrome.ChromeDriver
Capabilities {acceptInsecureCerts: false, browserName: chrome, browserVersion: 94.0.4606.71, chrome: {chromedriverVersion: 93.0.4577.15 (660fc11082ba5..., userDataDir: C:\Windows\TEMP\scoped_dir1...}, goog:chromeOptions: {debuggerAddress: localhost:54998}, javascriptEnabled: true, networkConnectionEnabled: false, pageLoadStrategy: normal, platform: WINDOWS, platformName: WINDOWS, proxy: Proxy(), setWindowRect: true, strictFileInteractability: false, timeouts: {implicit: 0, pageLoad: 300000, script: 30000}, unhandledPromptBehavior: dismiss and notify, webauthn:extension:credBlob: true, webauthn:extension:largeBlob: true, webauthn:virtualAuthenticators: true}
Session ID: b3151e24d165d424421fb7f05dfdcdb8
*** Element info: {Using=xpath, value=//nav[@class='pcoded-navbar menu-light navbar-collapsed']}]]>
            </message>
            <full-stacktrace>
              <![CDATA[org.openqa.selenium.NoSuchElementException: no such element: Unable to locate element: {"method":"xpath","selector":"//nav[@class='pcoded-navbar menu-light navbar-collapsed']"}
  (Session info: chrome=94.0.4606.71)
For documentation on this error, please visit: https://www.seleniumhq.org/exceptions/no_such_element.html
Build info: version: '3.141.59', revision: 'e82be7d358', time: '2018-11-14T08:17:03'
System info: host: 'DESKTOP-F3C6V38', ip: '192.168.75.1', os.name: 'Windows 10', os.arch: 'amd64', os.version: '10.0', java.version: '1.8.0_241'
Driver info: org.openqa.selenium.chrome.ChromeDriver
Capabilities {acceptInsecureCerts: false, browserName: chrome, browserVersion: 94.0.4606.71, chrome: {chromedriverVersion: 93.0.4577.15 (660fc11082ba5..., userDataDir: C:\Windows\TEMP\scoped_dir1...}, goog:chromeOptions: {debuggerAddress: localhost:54998}, javascriptEnabled: true, networkConnectionEnabled: false, pageLoadStrategy: normal, platform: WINDOWS, platformName: WINDOWS, proxy: Proxy(), setWindowRect: true, strictFileInteractability: false, timeouts: {implicit: 0, pageLoad: 300000, script: 30000}, unhandledPromptBehavior: dismiss and notify, webauthn:extension:credBlob: true, webauthn:extension:largeBlob: true, webauthn:virtualAuthenticators: true}
Session ID: b3151e24d165d424421fb7f05dfdcdb8
*** Element info: {Using=xpath, value=//nav[@class='pcoded-navbar menu-light navbar-collapsed']}
at sun.reflect.NativeConstructorAccessorImpl.newInstance0(Native Method)
at sun.reflect.NativeConstructorAccessorImpl.newInstance(NativeConstructorAccessorImpl.java:62)
at sun.reflect.DelegatingConstructorAccessorImpl.newInstance(DelegatingConstructorAccessorImpl.java:45)
at java.lang.reflect.Constructor.newInstance(Constructor.java:423)
at org.openqa.selenium.remote.http.W3CHttpResponseCodec.createException(W3CHttpResponseCodec.java:187)
at org.openqa.selenium.remote.http.W3CHttpResponseCodec.decode(W3CHttpResponseCodec.java:122)
at org.openqa.selenium.remote.http.W3CHttpResponseCodec.decode(W3CHttpResponseCodec.java:49)
at org.openqa.selenium.remote.HttpCommandExecutor.execute(HttpCommandExecutor.java:158)
at org.openqa.selenium.remote.service.DriverCommandExecutor.execute(DriverCommandExecutor.java:83)
at org.openqa.selenium.remote.RemoteWebDriver.execute(RemoteWebDriver.java:552)
at org.openqa.selenium.remote.RemoteWebDriver.findElement(RemoteWebDriver.java:323)
at org.openqa.selenium.remote.RemoteWebDriver.findElementByXPath(RemoteWebDriver.java:428)
at org.openqa.selenium.By$ByXPath.findElement(By.java:353)
at org.openqa.selenium.remote.RemoteWebDriver.findElement(RemoteWebDriver.java:315)
at CopyTraining.SignIn(CopyTraining.java:110)
at sun.reflect.NativeMethodAccessorImpl.invoke0(Native Method)
at sun.reflect.NativeMethodAccessorImpl.invoke(NativeMethodAccessorImpl.java:62)
at sun.reflect.DelegatingMethodAccessorImpl.invoke(DelegatingMethodAccessorImpl.java:43)
at java.lang.reflect.Method.invoke(Method.java:498)
at org.testng.internal.MethodInvocationHelper.invokeMethod(MethodInvocationHelper.java:124)
at org.testng.internal.Invoker.invokeMethod(Invoker.java:583)
at org.testng.internal.Invoker.invokeTestMethod(Invoker.java:719)
at org.testng.internal.Invoker.invokeTestMethods(Invoker.java:989)
at org.testng.internal.TestMethodWorker.invokeTestMethods(TestMethodWorker.java:125)
at org.testng.internal.TestMethodWorker.run(TestMethodWorker.java:109)
at java.util.concurrent.ThreadPoolExecutor.runWorker(ThreadPoolExecutor.java:1149)
at java.util.concurrent.ThreadPoolExecutor$Worker.run(ThreadPoolExecutor.java:624)
at java.lang.Thread.run(Thread.java:748)
]]>
            </full-stacktrace>
          </exception> <!-- org.openqa.selenium.NoSuchElementException -->
          <reporter-output>
          </reporter-output>
        </test-method> <!-- SignIn -->
        <test-method status="PASS" signature="tearDown()[pri:0, instance:CopyTraining@2d5d4bef]" name="tearDown" is-config="true" duration-ms="693" started-at="2021-10-12T08:43:52Z" finished-at="2021-10-12T08:43:52Z">
          <reporter-output>
          </reporter-output>
        </test-method> <!-- tearDown -->
      </class> <!-- CopyTraining -->
      <class name="TestClassRoomTrainingTrainer">
        <test-method status="PASS" signature="setUp()[pri:0, instance:TestClassRoomTrainingTrainer@5cbed2a9]" name="setUp" is-config="true" duration-ms="1283" started-at="2021-10-12T09:06:19Z" finished-at="2021-10-12T09:06:21Z">
          <reporter-output>
          </reporter-output>
        </test-method> <!-- setUp -->
        <test-method status="PASS" signature="ClassTraining()[pri:0, instance:TestClassRoomTrainingTrainer@5cbed2a9]" name="ClassTraining" duration-ms="906283" started-at="2021-10-12T09:06:21Z" finished-at="2021-10-12T09:21:27Z">
          <reporter-output>
          </reporter-output>
        </test-method> <!-- ClassTraining -->
        <test-method status="PASS" signature="tearDown()[pri:0, instance:TestClassRoomTrainingTrainer@5cbed2a9]" name="tearDown" is-config="true" duration-ms="846" started-at="2021-10-12T09:21:27Z" finished-at="2021-10-12T09:21:28Z">
          <reporter-output>
          </reporter-output>
        </test-method> <!-- tearDown -->
      </class> <!-- TestClassRoomTrainingTrainer -->
      <class name="lmsQuickAccessDashboardTrainer">
        <test-method status="PASS" signature="setUp()[pri:0, instance:lmsQuickAccessDashboardTrainer@7c032e32]" name="setUp" is-config="true" duration-ms="1957" started-at="2021-10-12T10:56:41Z" finished-at="2021-10-12T10:56:43Z">
          <reporter-output>
          </reporter-output>
        </test-method> <!-- setUp -->
        <test-method status="PASS" signature="testlmsQuickAccessDashboard()[pri:0, instance:lmsQuickAccessDashboardTrainer@7c032e32]" name="testlmsQuickAccessDashboard" duration-ms="62527" started-at="2021-10-12T10:56:43Z" finished-at="2021-10-12T10:57:45Z">
          <reporter-output>
          </reporter-output>
        </test-method> <!-- testlmsQuickAccessDashboard -->
        <test-method status="PASS" signature="tearDown()[pri:0, instance:lmsQuickAccessDashboardTrainer@7c032e32]" name="tearDown" is-config="true" duration-ms="279" started-at="2021-10-12T10:57:45Z" finished-at="2021-10-12T10:57:46Z">
          <reporter-output>
          </reporter-output>
        </test-method> <!-- tearDown -->
      </class> <!-- lmsQuickAccessDashboardTrainer -->
      <class name="onlineTrainingsDashboardTrainer">
        <test-method status="PASS" signature="setUp()[pri:0, instance:onlineTrainingsDashboardTrainer@c96887a]" name="setUp" is-config="true" duration-ms="1340" started-at="2021-10-12T10:10:31Z" finished-at="2021-10-12T10:10:32Z">
          <reporter-output>
          </reporter-output>
        </test-method> <!-- setUp -->
        <test-method status="PASS" signature="testonlineTrainingsDashboard()[pri:0, instance:onlineTrainingsDashboardTrainer@c96887a]" name="testonlineTrainingsDashboard" duration-ms="263879" started-at="2021-10-12T10:10:32Z" finished-at="2021-10-12T10:14:56Z">
          <reporter-output>
          </reporter-output>
        </test-method> <!-- testonlineTrainingsDashboard -->
        <test-method status="PASS" signature="tearDown()[pri:0, instance:onlineTrainingsDashboardTrainer@c96887a]" name="tearDown" is-config="true" duration-ms="688" started-at="2021-10-12T10:14:56Z" finished-at="2021-10-12T10:14:57Z">
          <reporter-output>
          </reporter-output>
        </test-method> <!-- tearDown -->
      </class> <!-- onlineTrainingsDashboardTrainer -->
      <class name="EmailNotification">
        <test-method status="PASS" signature="setUp()[pri:0, instance:EmailNotification@2484b0bf]" name="setUp" is-config="true" duration-ms="1227" started-at="2021-10-12T10:49:54Z" finished-at="2021-10-12T10:49:55Z">
          <reporter-output>
          </reporter-output>
        </test-method> <!-- setUp -->
        <test-method status="PASS" signature="testEditUser()[pri:0, instance:EmailNotification@2484b0bf]" name="testEditUser" duration-ms="214390" started-at="2021-10-12T10:49:55Z" finished-at="2021-10-12T10:53:29Z">
          <reporter-output>
          </reporter-output>
        </test-method> <!-- testEditUser -->
        <test-method status="PASS" signature="tearDown()[pri:0, instance:EmailNotification@2484b0bf]" name="tearDown" is-config="true" duration-ms="693" started-at="2021-10-12T10:53:29Z" finished-at="2021-10-12T10:53:30Z">
          <reporter-output>
          </reporter-output>
        </test-method> <!-- tearDown -->
      </class> <!-- EmailNotification -->
      <class name="lmsQuickAccessDashboard">
        <test-method status="PASS" signature="setUp()[pri:0, instance:lmsQuickAccessDashboard@19bc0f4f]" name="setUp" is-config="true" duration-ms="1281" started-at="2021-10-12T09:55:40Z" finished-at="2021-10-12T09:55:41Z">
          <reporter-output>
          </reporter-output>
        </test-method> <!-- setUp -->
        <test-method status="PASS" signature="testlmsQuickAccessDashboard()[pri:0, instance:lmsQuickAccessDashboard@19bc0f4f]" name="testlmsQuickAccessDashboard" duration-ms="68478" started-at="2021-10-12T09:55:41Z" finished-at="2021-10-12T09:56:50Z">
          <reporter-output>
          </reporter-output>
        </test-method> <!-- testlmsQuickAccessDashboard -->
        <test-method status="PASS" signature="tearDown()[pri:0, instance:lmsQuickAccessDashboard@19bc0f4f]" name="tearDown" is-config="true" duration-ms="696" started-at="2021-10-12T09:56:50Z" finished-at="2021-10-12T09:56:50Z">
          <reporter-output>
          </reporter-output>
        </test-method> <!-- tearDown -->
      </class> <!-- lmsQuickAccessDashboard -->
      <class name="trainingOverviewDashboardTrainer">
        <test-method status="PASS" signature="setUp()[pri:0, instance:trainingOverviewDashboardTrainer@7b07628d]" name="setUp" is-config="true" duration-ms="1244" started-at="2021-10-12T10:31:58Z" finished-at="2021-10-12T10:31:59Z">
          <reporter-output>
          </reporter-output>
        </test-method> <!-- setUp -->
        <test-method status="PASS" signature="testtrainingOverviewDashboard()[pri:0, instance:trainingOverviewDashboardTrainer@7b07628d]" name="testtrainingOverviewDashboard" duration-ms="36327" started-at="2021-10-12T10:31:59Z" finished-at="2021-10-12T10:32:36Z">
          <reporter-output>
          </reporter-output>
        </test-method> <!-- testtrainingOverviewDashboard -->
        <test-method status="PASS" signature="tearDown()[pri:0, instance:trainingOverviewDashboardTrainer@7b07628d]" name="tearDown" is-config="true" duration-ms="677" started-at="2021-10-12T10:32:36Z" finished-at="2021-10-12T10:32:36Z">
          <reporter-output>
          </reporter-output>
        </test-method> <!-- tearDown -->
      </class> <!-- trainingOverviewDashboardTrainer -->
      <class name="UserGroup">
        <test-method status="PASS" signature="setUp()[pri:0, instance:UserGroup@5932366f]" name="setUp" is-config="true" duration-ms="1298" started-at="2021-10-12T11:06:40Z" finished-at="2021-10-12T11:06:42Z">
          <reporter-output>
          </reporter-output>
        </test-method> <!-- setUp -->
        <test-method status="PASS" signature="testAddUser()[pri:0, instance:UserGroup@5932366f]" name="testAddUser" duration-ms="316840" started-at="2021-10-12T11:06:42Z" finished-at="2021-10-12T11:11:59Z">
          <reporter-output>
          </reporter-output>
        </test-method> <!-- testAddUser -->
        <test-method status="PASS" signature="tearDown()[pri:0, instance:UserGroup@5932366f]" name="tearDown" is-config="true" duration-ms="744" started-at="2021-10-12T11:11:59Z" finished-at="2021-10-12T11:11:59Z">
          <reporter-output>
          </reporter-output>
        </test-method> <!-- tearDown -->
      </class> <!-- UserGroup -->
      <class name="AssessmentModuleSDHead">
        <test-method status="PASS" signature="setUp()[pri:0, instance:AssessmentModuleSDHead@762a46ff]" name="setUp" is-config="true" duration-ms="1304" started-at="2021-10-12T10:32:36Z" finished-at="2021-10-12T10:32:38Z">
          <reporter-output>
          </reporter-output>
        </test-method> <!-- setUp -->
        <test-method status="FAIL" signature="testAssessment()[pri:0, instance:AssessmentModuleSDHead@762a46ff]" name="testAssessment" duration-ms="1035046" started-at="2021-10-12T10:32:38Z" finished-at="2021-10-12T10:49:53Z">
          <exception class="org.openqa.selenium.NoSuchElementException">
            <message>
              <![CDATA[no such element: Unable to locate element: {"method":"xpath","selector":"//li[@class='menuparent menu-item menu-item--expanded'][1]"}
  (Session info: chrome=94.0.4606.71)
For documentation on this error, please visit: https://www.seleniumhq.org/exceptions/no_such_element.html
Build info: version: '3.141.59', revision: 'e82be7d358', time: '2018-11-14T08:17:03'
System info: host: 'DESKTOP-F3C6V38', ip: '192.168.75.1', os.name: 'Windows 10', os.arch: 'amd64', os.version: '10.0', java.version: '1.8.0_241'
Driver info: org.openqa.selenium.chrome.ChromeDriver
Capabilities {acceptInsecureCerts: false, browserName: chrome, browserVersion: 94.0.4606.71, chrome: {chromedriverVersion: 93.0.4577.15 (660fc11082ba5..., userDataDir: C:\Windows\TEMP\scoped_dir1...}, goog:chromeOptions: {debuggerAddress: localhost:65311}, javascriptEnabled: true, networkConnectionEnabled: false, pageLoadStrategy: normal, platform: WINDOWS, platformName: WINDOWS, proxy: Proxy(), setWindowRect: true, strictFileInteractability: false, timeouts: {implicit: 0, pageLoad: 300000, script: 30000}, unhandledPromptBehavior: dismiss and notify, webauthn:extension:credBlob: true, webauthn:extension:largeBlob: true, webauthn:virtualAuthenticators: true}
Session ID: b206b42900f94bb14d18cddf7b8db3df
*** Element info: {Using=xpath, value=//li[@class='menuparent menu-item menu-item--expanded'][1]}]]>
            </message>
            <full-stacktrace>
              <![CDATA[org.openqa.selenium.NoSuchElementException: no such element: Unable to locate element: {"method":"xpath","selector":"//li[@class='menuparent menu-item menu-item--expanded'][1]"}
  (Session info: chrome=94.0.4606.71)
For documentation on this error, please visit: https://www.seleniumhq.org/exceptions/no_such_element.html
Build info: version: '3.141.59', revision: 'e82be7d358', time: '2018-11-14T08:17:03'
System info: host: 'DESKTOP-F3C6V38', ip: '192.168.75.1', os.name: 'Windows 10', os.arch: 'amd64', os.version: '10.0', java.version: '1.8.0_241'
Driver info: org.openqa.selenium.chrome.ChromeDriver
Capabilities {acceptInsecureCerts: false, browserName: chrome, browserVersion: 94.0.4606.71, chrome: {chromedriverVersion: 93.0.4577.15 (660fc11082ba5..., userDataDir: C:\Windows\TEMP\scoped_dir1...}, goog:chromeOptions: {debuggerAddress: localhost:65311}, javascriptEnabled: true, networkConnectionEnabled: false, pageLoadStrategy: normal, platform: WINDOWS, platformName: WINDOWS, proxy: Proxy(), setWindowRect: true, strictFileInteractability: false, timeouts: {implicit: 0, pageLoad: 300000, script: 30000}, unhandledPromptBehavior: dismiss and notify, webauthn:extension:credBlob: true, webauthn:extension:largeBlob: true, webauthn:virtualAuthenticators: true}
Session ID: b206b42900f94bb14d18cddf7b8db3df
*** Element info: {Using=xpath, value=//li[@class='menuparent menu-item menu-item--expanded'][1]}
at sun.reflect.NativeConstructorAccessorImpl.newInstance0(Native Method)
at sun.reflect.NativeConstructorAccessorImpl.newInstance(NativeConstructorAccessorImpl.java:62)
at sun.reflect.DelegatingConstructorAccessorImpl.newInstance(DelegatingConstructorAccessorImpl.java:45)
at java.lang.reflect.Constructor.newInstance(Constructor.java:423)
at org.openqa.selenium.remote.http.W3CHttpResponseCodec.createException(W3CHttpResponseCodec.java:187)
at org.openqa.selenium.remote.http.W3CHttpResponseCodec.decode(W3CHttpResponseCodec.java:122)
at org.openqa.selenium.remote.http.W3CHttpResponseCodec.decode(W3CHttpResponseCodec.java:49)
at org.openqa.selenium.remote.HttpCommandExecutor.execute(HttpCommandExecutor.java:158)
at org.openqa.selenium.remote.service.DriverCommandExecutor.execute(DriverCommandExecutor.java:83)
at org.openqa.selenium.remote.RemoteWebDriver.execute(RemoteWebDriver.java:552)
at org.openqa.selenium.remote.RemoteWebDriver.findElement(RemoteWebDriver.java:323)
at org.openqa.selenium.remote.RemoteWebDriver.findElementByXPath(RemoteWebDriver.java:428)
at org.openqa.selenium.By$ByXPath.findElement(By.java:353)
at org.openqa.selenium.remote.RemoteWebDriver.findElement(RemoteWebDriver.java:315)
at AssessmentModuleSDHead.testAssessment(AssessmentModuleSDHead.java:400)
at sun.reflect.NativeMethodAccessorImpl.invoke0(Native Method)
at sun.reflect.NativeMethodAccessorImpl.invoke(NativeMethodAccessorImpl.java:62)
at sun.reflect.DelegatingMethodAccessorImpl.invoke(DelegatingMethodAccessorImpl.java:43)
at java.lang.reflect.Method.invoke(Method.java:498)
at org.testng.internal.MethodInvocationHelper.invokeMethod(MethodInvocationHelper.java:124)
at org.testng.internal.Invoker.invokeMethod(Invoker.java:583)
at org.testng.internal.Invoker.invokeTestMethod(Invoker.java:719)
at org.testng.internal.Invoker.invokeTestMethods(Invoker.java:989)
at org.testng.internal.TestMethodWorker.invokeTestMethods(TestMethodWorker.java:125)
at org.testng.internal.TestMethodWorker.run(TestMethodWorker.java:109)
at java.util.concurrent.ThreadPoolExecutor.runWorker(ThreadPoolExecutor.java:1149)
at java.util.concurrent.ThreadPoolExecutor$Worker.run(ThreadPoolExecutor.java:624)
at java.lang.Thread.run(Thread.java:748)
]]>
            </full-stacktrace>
          </exception> <!-- org.openqa.selenium.NoSuchElementException -->
          <reporter-output>
          </reporter-output>
        </test-method> <!-- testAssessment -->
        <test-method status="PASS" signature="tearDown()[pri:0, instance:AssessmentModuleSDHead@762a46ff]" name="tearDown" is-config="true" duration-ms="862" started-at="2021-10-12T10:49:53Z" finished-at="2021-10-12T10:49:54Z">
          <reporter-output>
          </reporter-output>
        </test-method> <!-- tearDown -->
      </class> <!-- AssessmentModuleSDHead -->
      <class name="TrainingModuleRAdmin">
        <test-method status="PASS" signature="setUp()[pri:0, instance:TrainingModuleRAdmin@dca4728]" name="setUp" is-config="true" duration-ms="1310" started-at="2021-10-12T09:44:28Z" finished-at="2021-10-12T09:44:29Z">
          <reporter-output>
          </reporter-output>
        </test-method> <!-- setUp -->
        <test-method status="PASS" signature="TestTrainingRAdmin()[pri:0, instance:TrainingModuleRAdmin@dca4728]" name="TestTrainingRAdmin" duration-ms="1445754" started-at="2021-10-12T09:44:29Z" finished-at="2021-10-12T10:08:35Z">
          <reporter-output>
          </reporter-output>
        </test-method> <!-- TestTrainingRAdmin -->
        <test-method status="PASS" signature="tearDown()[pri:0, instance:TrainingModuleRAdmin@dca4728]" name="tearDown" is-config="true" duration-ms="896" started-at="2021-10-12T10:08:35Z" finished-at="2021-10-12T10:08:36Z">
          <reporter-output>
          </reporter-output>
        </test-method> <!-- tearDown -->
      </class> <!-- TrainingModuleRAdmin -->
      <class name="onlineTrainingsDashboardRAdmin">
        <test-method status="PASS" signature="setUp()[pri:0, instance:onlineTrainingsDashboardRAdmin@6e8326f9]" name="setUp" is-config="true" duration-ms="1328" started-at="2021-10-12T10:14:57Z" finished-at="2021-10-12T10:14:58Z">
          <reporter-output>
          </reporter-output>
        </test-method> <!-- setUp -->
        <test-method status="PASS" signature="testonlineTrainingsDashboard()[pri:0, instance:onlineTrainingsDashboardRAdmin@6e8326f9]" name="testonlineTrainingsDashboard" duration-ms="261907" started-at="2021-10-12T10:14:58Z" finished-at="2021-10-12T10:19:20Z">
          <reporter-output>
          </reporter-output>
        </test-method> <!-- testonlineTrainingsDashboard -->
        <test-method status="PASS" signature="tearDown()[pri:0, instance:onlineTrainingsDashboardRAdmin@6e8326f9]" name="tearDown" is-config="true" duration-ms="988" started-at="2021-10-12T10:19:20Z" finished-at="2021-10-12T10:19:21Z">
          <reporter-output>
          </reporter-output>
        </test-method> <!-- tearDown -->
      </class> <!-- onlineTrainingsDashboardRAdmin -->
      <class name="myCalendarDashboardSiteHead">
        <test-method status="PASS" signature="setUp()[pri:0, instance:myCalendarDashboardSiteHead@170b4c44]" name="setUp" is-config="true" duration-ms="1351" started-at="2021-10-12T09:41:01Z" finished-at="2021-10-12T09:41:02Z">
          <reporter-output>
          </reporter-output>
        </test-method> <!-- setUp -->
        <test-method status="PASS" signature="testmyCalendarDashboard()[pri:0, instance:myCalendarDashboardSiteHead@170b4c44]" name="testmyCalendarDashboard" duration-ms="271173" started-at="2021-10-12T09:41:02Z" finished-at="2021-10-12T09:45:33Z">
          <reporter-output>
          </reporter-output>
        </test-method> <!-- testmyCalendarDashboard -->
        <test-method status="PASS" signature="tearDown()[pri:0, instance:myCalendarDashboardSiteHead@170b4c44]" name="tearDown" is-config="true" duration-ms="831" started-at="2021-10-12T09:45:33Z" finished-at="2021-10-12T09:45:34Z">
          <reporter-output>
          </reporter-output>
        </test-method> <!-- tearDown -->
      </class> <!-- myCalendarDashboardSiteHead -->
      <class name="UserGroupRAdmin">
        <test-method status="PASS" signature="setUp()[pri:0, instance:UserGroupRAdmin@579998ef]" name="setUp" is-config="true" duration-ms="1233" started-at="2021-10-12T11:11:59Z" finished-at="2021-10-12T11:12:00Z">
          <reporter-output>
          </reporter-output>
        </test-method> <!-- setUp -->
        <test-method status="PASS" signature="testAddUser()[pri:0, instance:UserGroupRAdmin@579998ef]" name="testAddUser" duration-ms="296116" started-at="2021-10-12T11:12:00Z" finished-at="2021-10-12T11:16:57Z">
          <reporter-output>
          </reporter-output>
        </test-method> <!-- testAddUser -->
        <test-method status="PASS" signature="tearDown()[pri:0, instance:UserGroupRAdmin@579998ef]" name="tearDown" is-config="true" duration-ms="793" started-at="2021-10-12T11:16:57Z" finished-at="2021-10-12T11:16:57Z">
          <reporter-output>
          </reporter-output>
        </test-method> <!-- tearDown -->
      </class> <!-- UserGroupRAdmin -->
      <class name="lmsActiveUsersDashboardTrainer">
        <test-method status="PASS" signature="setUp()[pri:0, instance:lmsActiveUsersDashboardTrainer@517e2e2b]" name="setUp" is-config="true" duration-ms="1261" started-at="2021-10-12T09:09:39Z" finished-at="2021-10-12T09:09:41Z">
          <reporter-output>
          </reporter-output>
        </test-method> <!-- setUp -->
        <test-method status="PASS" signature="testlmsActiveUsersDashboard()[pri:0, instance:lmsActiveUsersDashboardTrainer@517e2e2b]" name="testlmsActiveUsersDashboard" duration-ms="275076" started-at="2021-10-12T09:09:41Z" finished-at="2021-10-12T09:14:16Z">
          <reporter-output>
          </reporter-output>
        </test-method> <!-- testlmsActiveUsersDashboard -->
        <test-method status="PASS" signature="tearDown()[pri:0, instance:lmsActiveUsersDashboardTrainer@517e2e2b]" name="tearDown" is-config="true" duration-ms="693" started-at="2021-10-12T09:14:16Z" finished-at="2021-10-12T09:14:16Z">
          <reporter-output>
          </reporter-output>
        </test-method> <!-- tearDown -->
      </class> <!-- lmsActiveUsersDashboardTrainer -->
      <class name="EditTrainingRAdmin">
        <test-method status="PASS" signature="setUp()[pri:0, instance:EditTrainingRAdmin@32fe699f]" name="setUp" is-config="true" duration-ms="1322" started-at="2021-10-12T09:02:17Z" finished-at="2021-10-12T09:02:19Z">
          <reporter-output>
          </reporter-output>
        </test-method> <!-- setUp -->
        <test-method status="FAIL" signature="SignIn()[pri:0, instance:EditTrainingRAdmin@32fe699f]" name="SignIn" duration-ms="239998" started-at="2021-10-12T09:02:19Z" finished-at="2021-10-12T09:06:19Z">
          <exception class="org.openqa.selenium.NoSuchElementException">
            <message>
              <![CDATA[no such element: Unable to locate element: {"method":"xpath","selector":"//nav[@class='pcoded-navbar menu-light navbar-collapsed']"}
  (Session info: chrome=94.0.4606.71)
For documentation on this error, please visit: https://www.seleniumhq.org/exceptions/no_such_element.html
Build info: version: '3.141.59', revision: 'e82be7d358', time: '2018-11-14T08:17:03'
System info: host: 'DESKTOP-F3C6V38', ip: '192.168.75.1', os.name: 'Windows 10', os.arch: 'amd64', os.version: '10.0', java.version: '1.8.0_241'
Driver info: org.openqa.selenium.chrome.ChromeDriver
Capabilities {acceptInsecureCerts: false, browserName: chrome, browserVersion: 94.0.4606.71, chrome: {chromedriverVersion: 93.0.4577.15 (660fc11082ba5..., userDataDir: C:\Windows\TEMP\scoped_dir1...}, goog:chromeOptions: {debuggerAddress: localhost:64061}, javascriptEnabled: true, networkConnectionEnabled: false, pageLoadStrategy: normal, platform: WINDOWS, platformName: WINDOWS, proxy: Proxy(), setWindowRect: true, strictFileInteractability: false, timeouts: {implicit: 0, pageLoad: 300000, script: 30000}, unhandledPromptBehavior: dismiss and notify, webauthn:extension:credBlob: true, webauthn:extension:largeBlob: true, webauthn:virtualAuthenticators: true}
Session ID: b3e1e8d91ee31603bb5cd456112989bc
*** Element info: {Using=xpath, value=//nav[@class='pcoded-navbar menu-light navbar-collapsed']}]]>
            </message>
            <full-stacktrace>
              <![CDATA[org.openqa.selenium.NoSuchElementException: no such element: Unable to locate element: {"method":"xpath","selector":"//nav[@class='pcoded-navbar menu-light navbar-collapsed']"}
  (Session info: chrome=94.0.4606.71)
For documentation on this error, please visit: https://www.seleniumhq.org/exceptions/no_such_element.html
Build info: version: '3.141.59', revision: 'e82be7d358', time: '2018-11-14T08:17:03'
System info: host: 'DESKTOP-F3C6V38', ip: '192.168.75.1', os.name: 'Windows 10', os.arch: 'amd64', os.version: '10.0', java.version: '1.8.0_241'
Driver info: org.openqa.selenium.chrome.ChromeDriver
Capabilities {acceptInsecureCerts: false, browserName: chrome, browserVersion: 94.0.4606.71, chrome: {chromedriverVersion: 93.0.4577.15 (660fc11082ba5..., userDataDir: C:\Windows\TEMP\scoped_dir1...}, goog:chromeOptions: {debuggerAddress: localhost:64061}, javascriptEnabled: true, networkConnectionEnabled: false, pageLoadStrategy: normal, platform: WINDOWS, platformName: WINDOWS, proxy: Proxy(), setWindowRect: true, strictFileInteractability: false, timeouts: {implicit: 0, pageLoad: 300000, script: 30000}, unhandledPromptBehavior: dismiss and notify, webauthn:extension:credBlob: true, webauthn:extension:largeBlob: true, webauthn:virtualAuthenticators: true}
Session ID: b3e1e8d91ee31603bb5cd456112989bc
*** Element info: {Using=xpath, value=//nav[@class='pcoded-navbar menu-light navbar-collapsed']}
at sun.reflect.NativeConstructorAccessorImpl.newInstance0(Native Method)
at sun.reflect.NativeConstructorAccessorImpl.newInstance(NativeConstructorAccessorImpl.java:62)
at sun.reflect.DelegatingConstructorAccessorImpl.newInstance(DelegatingConstructorAccessorImpl.java:45)
at java.lang.reflect.Constructor.newInstance(Constructor.java:423)
at org.openqa.selenium.remote.http.W3CHttpResponseCodec.createException(W3CHttpResponseCodec.java:187)
at org.openqa.selenium.remote.http.W3CHttpResponseCodec.decode(W3CHttpResponseCodec.java:122)
at org.openqa.selenium.remote.http.W3CHttpResponseCodec.decode(W3CHttpResponseCodec.java:49)
at org.openqa.selenium.remote.HttpCommandExecutor.execute(HttpCommandExecutor.java:158)
at org.openqa.selenium.remote.service.DriverCommandExecutor.execute(DriverCommandExecutor.java:83)
at org.openqa.selenium.remote.RemoteWebDriver.execute(RemoteWebDriver.java:552)
at org.openqa.selenium.remote.RemoteWebDriver.findElement(RemoteWebDriver.java:323)
at org.openqa.selenium.remote.RemoteWebDriver.findElementByXPath(RemoteWebDriver.java:428)
at org.openqa.selenium.By$ByXPath.findElement(By.java:353)
at org.openqa.selenium.remote.RemoteWebDriver.findElement(RemoteWebDriver.java:315)
at EditTrainingRAdmin.SignIn(EditTrainingRAdmin.java:103)
at sun.reflect.NativeMethodAccessorImpl.invoke0(Native Method)
at sun.reflect.NativeMethodAccessorImpl.invoke(NativeMethodAccessorImpl.java:62)
at sun.reflect.DelegatingMethodAccessorImpl.invoke(DelegatingMethodAccessorImpl.java:43)
at java.lang.reflect.Method.invoke(Method.java:498)
at org.testng.internal.MethodInvocationHelper.invokeMethod(MethodInvocationHelper.java:124)
at org.testng.internal.Invoker.invokeMethod(Invoker.java:583)
at org.testng.internal.Invoker.invokeTestMethod(Invoker.java:719)
at org.testng.internal.Invoker.invokeTestMethods(Invoker.java:989)
at org.testng.internal.TestMethodWorker.invokeTestMethods(TestMethodWorker.java:125)
at org.testng.internal.TestMethodWorker.run(TestMethodWorker.java:109)
at java.util.concurrent.ThreadPoolExecutor.runWorker(ThreadPoolExecutor.java:1149)
at java.util.concurrent.ThreadPoolExecutor$Worker.run(ThreadPoolExecutor.java:624)
at java.lang.Thread.run(Thread.java:748)
]]>
            </full-stacktrace>
          </exception> <!-- org.openqa.selenium.NoSuchElementException -->
          <reporter-output>
          </reporter-output>
        </test-method> <!-- SignIn -->
        <test-method status="PASS" signature="tearDown()[pri:0, instance:EditTrainingRAdmin@32fe699f]" name="tearDown" is-config="true" duration-ms="664" started-at="2021-10-12T09:06:19Z" finished-at="2021-10-12T09:06:19Z">
          <reporter-output>
          </reporter-output>
        </test-method> <!-- tearDown -->
      </class> <!-- EditTrainingRAdmin -->
      <class name="AdminSettings">
        <test-method status="PASS" signature="setUp()[pri:0, instance:AdminSettings@a34a00]" name="setUp" is-config="true" duration-ms="1417" started-at="2021-10-12T10:46:28Z" finished-at="2021-10-12T10:46:30Z">
          <reporter-output>
          </reporter-output>
        </test-method> <!-- setUp -->
        <test-method status="PASS" signature="testAdminSettingSGA()[pri:0, instance:AdminSettings@a34a00]" name="testAdminSettingSGA" duration-ms="110376" started-at="2021-10-12T10:46:30Z" finished-at="2021-10-12T10:48:20Z">
          <reporter-output>
          </reporter-output>
        </test-method> <!-- testAdminSettingSGA -->
        <test-method status="PASS" signature="tearDown()[pri:0, instance:AdminSettings@a34a00]" name="tearDown" is-config="true" duration-ms="706" started-at="2021-10-12T10:48:20Z" finished-at="2021-10-12T10:48:21Z">
          <reporter-output>
          </reporter-output>
        </test-method> <!-- tearDown -->
      </class> <!-- AdminSettings -->
      <class name="myCalendarDashboardClient">
        <test-method status="PASS" signature="setUp()[pri:0, instance:myCalendarDashboardClient@14d1d8a5]" name="setUp" is-config="true" duration-ms="1352" started-at="2021-10-12T08:35:17Z" finished-at="2021-10-12T08:35:18Z">
          <reporter-output>
          </reporter-output>
        </test-method> <!-- setUp -->
        <test-method status="PASS" signature="testmyCalendarDashboard()[pri:0, instance:myCalendarDashboardClient@14d1d8a5]" name="testmyCalendarDashboard" duration-ms="271642" started-at="2021-10-12T08:35:18Z" finished-at="2021-10-12T08:39:50Z">
          <reporter-output>
          </reporter-output>
        </test-method> <!-- testmyCalendarDashboard -->
        <test-method status="PASS" signature="tearDown()[pri:0, instance:myCalendarDashboardClient@14d1d8a5]" name="tearDown" is-config="true" duration-ms="797" started-at="2021-10-12T08:39:50Z" finished-at="2021-10-12T08:39:51Z">
          <reporter-output>
          </reporter-output>
        </test-method> <!-- tearDown -->
      </class> <!-- myCalendarDashboardClient -->
      <class name="SdTeam">
        <test-method status="PASS" signature="setUp()[pri:0, instance:SdTeam@40704b89]" name="setUp" is-config="true" duration-ms="1239" started-at="2021-10-12T10:45:45Z" finished-at="2021-10-12T10:45:46Z">
          <reporter-output>
          </reporter-output>
        </test-method> <!-- setUp -->
        <test-method status="PASS" signature="testEditUser()[pri:0, instance:SdTeam@40704b89]" name="testEditUser" duration-ms="41113" started-at="2021-10-12T10:45:46Z" finished-at="2021-10-12T10:46:28Z">
          <reporter-output>
          </reporter-output>
        </test-method> <!-- testEditUser -->
        <test-method status="PASS" signature="tearDown()[pri:0, instance:SdTeam@40704b89]" name="tearDown" is-config="true" duration-ms="660" started-at="2021-10-12T10:46:28Z" finished-at="2021-10-12T10:46:28Z">
          <reporter-output>
          </reporter-output>
        </test-method> <!-- tearDown -->
      </class> <!-- SdTeam -->
      <class name="CopyTrainingRAdmin">
        <test-method status="PASS" signature="setUp()[pri:0, instance:CopyTrainingRAdmin@2209527e]" name="setUp" is-config="true" duration-ms="1336" started-at="2021-10-12T08:53:37Z" finished-at="2021-10-12T08:53:39Z">
          <reporter-output>
          </reporter-output>
        </test-method> <!-- setUp -->
        <test-method status="PASS" signature="SignIn()[pri:0, instance:CopyTrainingRAdmin@2209527e]" name="SignIn" duration-ms="570584" started-at="2021-10-12T08:53:39Z" finished-at="2021-10-12T09:03:09Z">
          <reporter-output>
          </reporter-output>
        </test-method> <!-- SignIn -->
        <test-method status="PASS" signature="tearDown()[pri:0, instance:CopyTrainingRAdmin@2209527e]" name="tearDown" is-config="true" duration-ms="812" started-at="2021-10-12T09:03:09Z" finished-at="2021-10-12T09:03:10Z">
          <reporter-output>
          </reporter-output>
        </test-method> <!-- tearDown -->
      </class> <!-- CopyTrainingRAdmin -->
      <class name="onlineTrainingsDashboardGuestOne">
        <test-method status="PASS" signature="setUp()[pri:0, instance:onlineTrainingsDashboardGuestOne@3c25fd67]" name="setUp" is-config="true" duration-ms="1325" started-at="2021-10-12T11:02:11Z" finished-at="2021-10-12T11:02:13Z">
          <reporter-output>
          </reporter-output>
        </test-method> <!-- setUp -->
        <test-method status="PASS" signature="testonlineTrainingsDashboard()[pri:0, instance:onlineTrainingsDashboardGuestOne@3c25fd67]" name="testonlineTrainingsDashboard" duration-ms="267093" started-at="2021-10-12T11:02:13Z" finished-at="2021-10-12T11:06:40Z">
          <reporter-output>
          </reporter-output>
        </test-method> <!-- testonlineTrainingsDashboard -->
        <test-method status="PASS" signature="tearDown()[pri:0, instance:onlineTrainingsDashboardGuestOne@3c25fd67]" name="tearDown" is-config="true" duration-ms="730" started-at="2021-10-12T11:06:40Z" finished-at="2021-10-12T11:06:40Z">
          <reporter-output>
          </reporter-output>
        </test-method> <!-- tearDown -->
      </class> <!-- onlineTrainingsDashboardGuestOne -->
      <class name="myCalendarDashboardRAdmin">
        <test-method status="PASS" signature="setUp()[pri:0, instance:myCalendarDashboardRAdmin@b34e7fc]" name="setUp" is-config="true" duration-ms="1618" started-at="2021-10-12T09:50:11Z" finished-at="2021-10-12T09:50:13Z">
          <reporter-output>
          </reporter-output>
        </test-method> <!-- setUp -->
        <test-method status="PASS" signature="testmyCalendarDashboard()[pri:0, instance:myCalendarDashboardRAdmin@b34e7fc]" name="testmyCalendarDashboard" duration-ms="268568" started-at="2021-10-12T09:50:13Z" finished-at="2021-10-12T09:54:41Z">
          <reporter-output>
          </reporter-output>
        </test-method> <!-- testmyCalendarDashboard -->
        <test-method status="PASS" signature="tearDown()[pri:0, instance:myCalendarDashboardRAdmin@b34e7fc]" name="tearDown" is-config="true" duration-ms="719" started-at="2021-10-12T09:54:41Z" finished-at="2021-10-12T09:54:42Z">
          <reporter-output>
          </reporter-output>
        </test-method> <!-- tearDown -->
      </class> <!-- myCalendarDashboardRAdmin -->
      <class name="lmsQuickAccessDashboardGuestOne">
        <test-method status="PASS" signature="setUp()[pri:0, instance:lmsQuickAccessDashboardGuestOne@6e605d22]" name="setUp" is-config="true" duration-ms="1309" started-at="2021-10-12T09:57:49Z" finished-at="2021-10-12T09:57:51Z">
          <reporter-output>
          </reporter-output>
        </test-method> <!-- setUp -->
        <test-method status="PASS" signature="testlmsQuickAccessDashboard()[pri:0, instance:lmsQuickAccessDashboardGuestOne@6e605d22]" name="testlmsQuickAccessDashboard" duration-ms="53851" started-at="2021-10-12T09:57:51Z" finished-at="2021-10-12T09:58:44Z">
          <reporter-output>
          </reporter-output>
        </test-method> <!-- testlmsQuickAccessDashboard -->
        <test-method status="PASS" signature="tearDown()[pri:0, instance:lmsQuickAccessDashboardGuestOne@6e605d22]" name="tearDown" is-config="true" duration-ms="662" started-at="2021-10-12T09:58:44Z" finished-at="2021-10-12T09:58:45Z">
          <reporter-output>
          </reporter-output>
        </test-method> <!-- tearDown -->
      </class> <!-- lmsQuickAccessDashboardGuestOne -->
      <class name="lmsActiveUsersDashboardGuestOne">
        <test-method status="PASS" signature="setUp()[pri:0, instance:lmsActiveUsersDashboardGuestOne@59f2b1a3]" name="setUp" is-config="true" duration-ms="1487" started-at="2021-10-12T08:57:07Z" finished-at="2021-10-12T08:57:08Z">
          <reporter-output>
          </reporter-output>
        </test-method> <!-- setUp -->
        <test-method status="PASS" signature="testlmsActiveUsersDashboard()[pri:0, instance:lmsActiveUsersDashboardGuestOne@59f2b1a3]" name="testlmsActiveUsersDashboard" duration-ms="308329" started-at="2021-10-12T08:57:08Z" finished-at="2021-10-12T09:02:17Z">
          <reporter-output>
          </reporter-output>
        </test-method> <!-- testlmsActiveUsersDashboard -->
        <test-method status="PASS" signature="tearDown()[pri:0, instance:lmsActiveUsersDashboardGuestOne@59f2b1a3]" name="tearDown" is-config="true" duration-ms="690" started-at="2021-10-12T09:02:17Z" finished-at="2021-10-12T09:02:17Z">
          <reporter-output>
          </reporter-output>
        </test-method> <!-- tearDown -->
      </class> <!-- lmsActiveUsersDashboardGuestOne -->
      <class name="myCalendarDashboardTrainer">
        <test-method status="PASS" signature="setUp()[pri:0, instance:myCalendarDashboardTrainer@3b0c058c]" name="setUp" is-config="true" duration-ms="1561" started-at="2021-10-12T09:45:34Z" finished-at="2021-10-12T09:45:35Z">
          <reporter-output>
          </reporter-output>
        </test-method> <!-- setUp -->
        <test-method status="PASS" signature="testmyCalendarDashboard()[pri:0, instance:myCalendarDashboardTrainer@3b0c058c]" name="testmyCalendarDashboard" duration-ms="274847" started-at="2021-10-12T09:45:35Z" finished-at="2021-10-12T09:50:10Z">
          <reporter-output>
          </reporter-output>
        </test-method> <!-- testmyCalendarDashboard -->
        <test-method status="PASS" signature="tearDown()[pri:0, instance:myCalendarDashboardTrainer@3b0c058c]" name="tearDown" is-config="true" duration-ms="706" started-at="2021-10-12T09:50:10Z" finished-at="2021-10-12T09:50:11Z">
          <reporter-output>
          </reporter-output>
        </test-method> <!-- tearDown -->
      </class> <!-- myCalendarDashboardTrainer -->
      <class name="trainingOverviewDashboard">
        <test-method status="PASS" signature="setUp()[pri:0, instance:trainingOverviewDashboard@4fb85309]" name="setUp" is-config="true" duration-ms="1367" started-at="2021-10-12T10:25:33Z" finished-at="2021-10-12T10:25:34Z">
          <reporter-output>
          </reporter-output>
        </test-method> <!-- setUp -->
        <test-method status="PASS" signature="testtrainingOverviewDashboard()[pri:0, instance:trainingOverviewDashboard@4fb85309]" name="testtrainingOverviewDashboard" duration-ms="268817" started-at="2021-10-12T10:25:34Z" finished-at="2021-10-12T10:30:03Z">
          <reporter-output>
          </reporter-output>
        </test-method> <!-- testtrainingOverviewDashboard -->
        <test-method status="PASS" signature="tearDown()[pri:0, instance:trainingOverviewDashboard@4fb85309]" name="tearDown" is-config="true" duration-ms="865" started-at="2021-10-12T10:30:03Z" finished-at="2021-10-12T10:30:04Z">
          <reporter-output>
          </reporter-output>
        </test-method> <!-- tearDown -->
      </class> <!-- trainingOverviewDashboard -->
      <class name="lmsQuickAccessDashboardTrainee">
        <test-method status="PASS" signature="setUp()[pri:0, instance:lmsQuickAccessDashboardTrainee@42050bc3]" name="setUp" is-config="true" duration-ms="1287" started-at="2021-10-12T10:09:35Z" finished-at="2021-10-12T10:09:36Z">
          <reporter-output>
          </reporter-output>
        </test-method> <!-- setUp -->
        <test-method status="PASS" signature="testlmsQuickAccessDashboard()[pri:0, instance:lmsQuickAccessDashboardTrainee@42050bc3]" name="testlmsQuickAccessDashboard" duration-ms="54090" started-at="2021-10-12T10:09:36Z" finished-at="2021-10-12T10:10:30Z">
          <reporter-output>
          </reporter-output>
        </test-method> <!-- testlmsQuickAccessDashboard -->
        <test-method status="PASS" signature="tearDown()[pri:0, instance:lmsQuickAccessDashboardTrainee@42050bc3]" name="tearDown" is-config="true" duration-ms="651" started-at="2021-10-12T10:10:30Z" finished-at="2021-10-12T10:10:31Z">
          <reporter-output>
          </reporter-output>
        </test-method> <!-- tearDown -->
      </class> <!-- lmsQuickAccessDashboardTrainee -->
      <class name="myCalendarDashboardGuestOne">
        <test-method status="PASS" signature="setUp()[pri:0, instance:myCalendarDashboardGuestOne@5c6d53be]" name="setUp" is-config="true" duration-ms="1333" started-at="2021-10-12T09:36:31Z" finished-at="2021-10-12T09:36:32Z">
          <reporter-output>
          </reporter-output>
        </test-method> <!-- setUp -->
        <test-method status="PASS" signature="testmyCalendarDashboard()[pri:0, instance:myCalendarDashboardGuestOne@5c6d53be]" name="testmyCalendarDashboard" duration-ms="267750" started-at="2021-10-12T09:36:32Z" finished-at="2021-10-12T09:41:00Z">
          <reporter-output>
          </reporter-output>
        </test-method> <!-- testmyCalendarDashboard -->
        <test-method status="PASS" signature="tearDown()[pri:0, instance:myCalendarDashboardGuestOne@5c6d53be]" name="tearDown" is-config="true" duration-ms="708" started-at="2021-10-12T09:41:00Z" finished-at="2021-10-12T09:41:01Z">
          <reporter-output>
          </reporter-output>
        </test-method> <!-- tearDown -->
      </class> <!-- myCalendarDashboardGuestOne -->
      <class name="onlineTrainingsDashboardClient">
        <test-method status="PASS" signature="setUp()[pri:0, instance:onlineTrainingsDashboardClient@38fb0e01]" name="setUp" is-config="true" duration-ms="1369" started-at="2021-10-12T10:20:54Z" finished-at="2021-10-12T10:20:55Z">
          <reporter-output>
          </reporter-output>
        </test-method> <!-- setUp -->
        <test-method status="PASS" signature="testonlineTrainingsDashboard()[pri:0, instance:onlineTrainingsDashboardClient@38fb0e01]" name="testonlineTrainingsDashboard" duration-ms="277043" started-at="2021-10-12T10:20:55Z" finished-at="2021-10-12T10:25:32Z">
          <reporter-output>
          </reporter-output>
        </test-method> <!-- testonlineTrainingsDashboard -->
        <test-method status="PASS" signature="tearDown()[pri:0, instance:onlineTrainingsDashboardClient@38fb0e01]" name="tearDown" is-config="true" duration-ms="817" started-at="2021-10-12T10:25:32Z" finished-at="2021-10-12T10:25:33Z">
          <reporter-output>
          </reporter-output>
        </test-method> <!-- tearDown -->
      </class> <!-- onlineTrainingsDashboardClient -->
      <class name="CopyTrainingSDHead">
        <test-method status="PASS" signature="setUp()[pri:0, instance:CopyTrainingSDHead@108d1f34]" name="setUp" is-config="true" duration-ms="1396" started-at="2021-10-12T09:07:10Z" finished-at="2021-10-12T09:07:11Z">
          <reporter-output>
          </reporter-output>
        </test-method> <!-- setUp -->
        <test-method status="FAIL" signature="SignIn()[pri:0, instance:CopyTrainingSDHead@108d1f34]" name="SignIn" duration-ms="147454" started-at="2021-10-12T09:07:11Z" finished-at="2021-10-12T09:09:39Z">
          <exception class="org.openqa.selenium.NoSuchElementException">
            <message>
              <![CDATA[no such element: Unable to locate element: {"method":"xpath","selector":"//li[@class='menuparent menu-item menu-item--expanded'][1]"}
  (Session info: chrome=94.0.4606.71)
For documentation on this error, please visit: https://www.seleniumhq.org/exceptions/no_such_element.html
Build info: version: '3.141.59', revision: 'e82be7d358', time: '2018-11-14T08:17:03'
System info: host: 'DESKTOP-F3C6V38', ip: '192.168.75.1', os.name: 'Windows 10', os.arch: 'amd64', os.version: '10.0', java.version: '1.8.0_241'
Driver info: org.openqa.selenium.chrome.ChromeDriver
Capabilities {acceptInsecureCerts: false, browserName: chrome, browserVersion: 94.0.4606.71, chrome: {chromedriverVersion: 93.0.4577.15 (660fc11082ba5..., userDataDir: C:\Windows\TEMP\scoped_dir2...}, goog:chromeOptions: {debuggerAddress: localhost:58603}, javascriptEnabled: true, networkConnectionEnabled: false, pageLoadStrategy: normal, platform: WINDOWS, platformName: WINDOWS, proxy: Proxy(), setWindowRect: true, strictFileInteractability: false, timeouts: {implicit: 0, pageLoad: 300000, script: 30000}, unhandledPromptBehavior: dismiss and notify, webauthn:extension:credBlob: true, webauthn:extension:largeBlob: true, webauthn:virtualAuthenticators: true}
Session ID: f22e8cf7debc9c1991555f87a36a007f
*** Element info: {Using=xpath, value=//li[@class='menuparent menu-item menu-item--expanded'][1]}]]>
            </message>
            <full-stacktrace>
              <![CDATA[org.openqa.selenium.NoSuchElementException: no such element: Unable to locate element: {"method":"xpath","selector":"//li[@class='menuparent menu-item menu-item--expanded'][1]"}
  (Session info: chrome=94.0.4606.71)
For documentation on this error, please visit: https://www.seleniumhq.org/exceptions/no_such_element.html
Build info: version: '3.141.59', revision: 'e82be7d358', time: '2018-11-14T08:17:03'
System info: host: 'DESKTOP-F3C6V38', ip: '192.168.75.1', os.name: 'Windows 10', os.arch: 'amd64', os.version: '10.0', java.version: '1.8.0_241'
Driver info: org.openqa.selenium.chrome.ChromeDriver
Capabilities {acceptInsecureCerts: false, browserName: chrome, browserVersion: 94.0.4606.71, chrome: {chromedriverVersion: 93.0.4577.15 (660fc11082ba5..., userDataDir: C:\Windows\TEMP\scoped_dir2...}, goog:chromeOptions: {debuggerAddress: localhost:58603}, javascriptEnabled: true, networkConnectionEnabled: false, pageLoadStrategy: normal, platform: WINDOWS, platformName: WINDOWS, proxy: Proxy(), setWindowRect: true, strictFileInteractability: false, timeouts: {implicit: 0, pageLoad: 300000, script: 30000}, unhandledPromptBehavior: dismiss and notify, webauthn:extension:credBlob: true, webauthn:extension:largeBlob: true, webauthn:virtualAuthenticators: true}
Session ID: f22e8cf7debc9c1991555f87a36a007f
*** Element info: {Using=xpath, value=//li[@class='menuparent menu-item menu-item--expanded'][1]}
at sun.reflect.NativeConstructorAccessorImpl.newInstance0(Native Method)
at sun.reflect.NativeConstructorAccessorImpl.newInstance(NativeConstructorAccessorImpl.java:62)
at sun.reflect.DelegatingConstructorAccessorImpl.newInstance(DelegatingConstructorAccessorImpl.java:45)
at java.lang.reflect.Constructor.newInstance(Constructor.java:423)
at org.openqa.selenium.remote.http.W3CHttpResponseCodec.createException(W3CHttpResponseCodec.java:187)
at org.openqa.selenium.remote.http.W3CHttpResponseCodec.decode(W3CHttpResponseCodec.java:122)
at org.openqa.selenium.remote.http.W3CHttpResponseCodec.decode(W3CHttpResponseCodec.java:49)
at org.openqa.selenium.remote.HttpCommandExecutor.execute(HttpCommandExecutor.java:158)
at org.openqa.selenium.remote.service.DriverCommandExecutor.execute(DriverCommandExecutor.java:83)
at org.openqa.selenium.remote.RemoteWebDriver.execute(RemoteWebDriver.java:552)
at org.openqa.selenium.remote.RemoteWebDriver.findElement(RemoteWebDriver.java:323)
at org.openqa.selenium.remote.RemoteWebDriver.findElementByXPath(RemoteWebDriver.java:428)
at org.openqa.selenium.By$ByXPath.findElement(By.java:353)
at org.openqa.selenium.remote.RemoteWebDriver.findElement(RemoteWebDriver.java:315)
at CopyTrainingSDHead.SignIn(CopyTrainingSDHead.java:70)
at sun.reflect.NativeMethodAccessorImpl.invoke0(Native Method)
at sun.reflect.NativeMethodAccessorImpl.invoke(NativeMethodAccessorImpl.java:62)
at sun.reflect.DelegatingMethodAccessorImpl.invoke(DelegatingMethodAccessorImpl.java:43)
at java.lang.reflect.Method.invoke(Method.java:498)
at org.testng.internal.MethodInvocationHelper.invokeMethod(MethodInvocationHelper.java:124)
at org.testng.internal.Invoker.invokeMethod(Invoker.java:583)
at org.testng.internal.Invoker.invokeTestMethod(Invoker.java:719)
at org.testng.internal.Invoker.invokeTestMethods(Invoker.java:989)
at org.testng.internal.TestMethodWorker.invokeTestMethods(TestMethodWorker.java:125)
at org.testng.internal.TestMethodWorker.run(TestMethodWorker.java:109)
at java.util.concurrent.ThreadPoolExecutor.runWorker(ThreadPoolExecutor.java:1149)
at java.util.concurrent.ThreadPoolExecutor$Worker.run(ThreadPoolExecutor.java:624)
at java.lang.Thread.run(Thread.java:748)
]]>
            </full-stacktrace>
          </exception> <!-- org.openqa.selenium.NoSuchElementException -->
          <reporter-output>
          </reporter-output>
        </test-method> <!-- SignIn -->
        <test-method status="PASS" signature="tearDown()[pri:0, instance:CopyTrainingSDHead@108d1f34]" name="tearDown" is-config="true" duration-ms="677" started-at="2021-10-12T09:09:39Z" finished-at="2021-10-12T09:09:39Z">
          <reporter-output>
          </reporter-output>
        </test-method> <!-- tearDown -->
      </class> <!-- CopyTrainingSDHead -->
      <class name="myCalendarDashboardSDHead">
        <test-method status="PASS" signature="setUp()[pri:0, instance:myCalendarDashboardSDHead@ce79dec]" name="setUp" is-config="true" duration-ms="1679" started-at="2021-10-12T09:39:57Z" finished-at="2021-10-12T09:39:58Z">
          <reporter-output>
          </reporter-output>
        </test-method> <!-- setUp -->
        <test-method status="PASS" signature="testmyCalendarDashboard()[pri:0, instance:myCalendarDashboardSDHead@ce79dec]" name="testmyCalendarDashboard" duration-ms="268994" started-at="2021-10-12T09:39:58Z" finished-at="2021-10-12T09:44:27Z">
          <reporter-output>
          </reporter-output>
        </test-method> <!-- testmyCalendarDashboard -->
        <test-method status="PASS" signature="tearDown()[pri:0, instance:myCalendarDashboardSDHead@ce79dec]" name="tearDown" is-config="true" duration-ms="730" started-at="2021-10-12T09:44:27Z" finished-at="2021-10-12T09:44:28Z">
          <reporter-output>
          </reporter-output>
        </test-method> <!-- tearDown -->
      </class> <!-- myCalendarDashboardSDHead -->
      <class name="lmsActiveUsersDashboardSiteHead">
        <test-method status="PASS" signature="setUp()[pri:0, instance:lmsActiveUsersDashboardSiteHead@5709ba4f]" name="setUp" is-config="true" duration-ms="1347" started-at="2021-10-12T09:31:51Z" finished-at="2021-10-12T09:31:52Z">
          <reporter-output>
          </reporter-output>
        </test-method> <!-- setUp -->
        <test-method status="PASS" signature="testlmsActiveUsersDashboard()[pri:0, instance:lmsActiveUsersDashboardSiteHead@5709ba4f]" name="testlmsActiveUsersDashboard" duration-ms="277579" started-at="2021-10-12T09:31:52Z" finished-at="2021-10-12T09:36:30Z">
          <reporter-output>
          </reporter-output>
        </test-method> <!-- testlmsActiveUsersDashboard -->
        <test-method status="PASS" signature="tearDown()[pri:0, instance:lmsActiveUsersDashboardSiteHead@5709ba4f]" name="tearDown" is-config="true" duration-ms="720" started-at="2021-10-12T09:36:30Z" finished-at="2021-10-12T09:36:31Z">
          <reporter-output>
          </reporter-output>
        </test-method> <!-- tearDown -->
      </class> <!-- lmsActiveUsersDashboardSiteHead -->
      <class name="lmsActiveUsersDashboard">
        <test-method status="PASS" signature="setUp()[pri:0, instance:lmsActiveUsersDashboard@2ff2feb]" name="setUp" is-config="true" duration-ms="1369" started-at="2021-10-12T08:43:52Z" finished-at="2021-10-12T08:43:54Z">
          <reporter-output>
          </reporter-output>
        </test-method> <!-- setUp -->
        <test-method status="PASS" signature="testlmsActiveUsersDashboard()[pri:0, instance:lmsActiveUsersDashboard@2ff2feb]" name="testlmsActiveUsersDashboard" duration-ms="272912" started-at="2021-10-12T08:43:54Z" finished-at="2021-10-12T08:48:26Z">
          <reporter-output>
          </reporter-output>
        </test-method> <!-- testlmsActiveUsersDashboard -->
        <test-method status="PASS" signature="tearDown()[pri:0, instance:lmsActiveUsersDashboard@2ff2feb]" name="tearDown" is-config="true" duration-ms="708" started-at="2021-10-12T08:48:26Z" finished-at="2021-10-12T08:48:27Z">
          <reporter-output>
          </reporter-output>
        </test-method> <!-- tearDown -->
      </class> <!-- lmsActiveUsersDashboard -->
      <class name="onlineTrainingsDashboardSDHead">
        <test-method status="PASS" signature="setUp()[pri:0, instance:onlineTrainingsDashboardSDHead@46184710]" name="setUp" is-config="true" duration-ms="1470" started-at="2021-10-12T10:12:00Z" finished-at="2021-10-12T10:12:02Z">
          <reporter-output>
          </reporter-output>
        </test-method> <!-- setUp -->
        <test-method status="PASS" signature="testonlineTrainingsDashboard()[pri:0, instance:onlineTrainingsDashboardSDHead@46184710]" name="testonlineTrainingsDashboard" duration-ms="263919" started-at="2021-10-12T10:12:02Z" finished-at="2021-10-12T10:16:26Z">
          <reporter-output>
          </reporter-output>
        </test-method> <!-- testonlineTrainingsDashboard -->
        <test-method status="PASS" signature="tearDown()[pri:0, instance:onlineTrainingsDashboardSDHead@46184710]" name="tearDown" is-config="true" duration-ms="720" started-at="2021-10-12T10:16:26Z" finished-at="2021-10-12T10:16:27Z">
          <reporter-output>
          </reporter-output>
        </test-method> <!-- tearDown -->
      </class> <!-- onlineTrainingsDashboardSDHead -->
      <class name="managePollSurvey">
        <test-method status="PASS" signature="setUp()[pri:0, instance:managePollSurvey@54af6453]" name="setUp" is-config="true" duration-ms="1367" started-at="2021-10-12T08:30:56Z" finished-at="2021-10-12T08:30:57Z">
          <reporter-output>
          </reporter-output>
        </test-method> <!-- setUp -->
        <test-method status="PASS" signature="testManagePollSurvey()[pri:0, instance:managePollSurvey@54af6453]" name="testManagePollSurvey" duration-ms="1358959" started-at="2021-10-12T08:30:57Z" finished-at="2021-10-12T08:53:36Z">
          <reporter-output>
          </reporter-output>
        </test-method> <!-- testManagePollSurvey -->
        <test-method status="PASS" signature="tearDown()[pri:0, instance:managePollSurvey@54af6453]" name="tearDown" is-config="true" duration-ms="1004" started-at="2021-10-12T08:53:36Z" finished-at="2021-10-12T08:53:37Z">
          <reporter-output>
          </reporter-output>
        </test-method> <!-- tearDown -->
      </class> <!-- managePollSurvey -->
      <class name="TrainingModuleSDHead">
        <test-method status="PASS" signature="setUp()[pri:0, instance:TrainingModuleSDHead@56139af2]" name="setUp" is-config="true" duration-ms="1305" started-at="2021-10-12T10:00:00Z" finished-at="2021-10-12T10:00:01Z">
          <reporter-output>
          </reporter-output>
        </test-method> <!-- setUp -->
        <test-method status="FAIL" signature="IsonLogin()[pri:0, instance:TrainingModuleSDHead@56139af2]" name="IsonLogin" duration-ms="718325" started-at="2021-10-12T10:00:01Z" finished-at="2021-10-12T10:12:00Z">
          <exception class="org.openqa.selenium.NoSuchFrameException">
            <message>
              <![CDATA[No frame element found by name or id iFrameResizer0
Build info: version: '3.141.59', revision: 'e82be7d358', time: '2018-11-14T08:17:03'
System info: host: 'DESKTOP-F3C6V38', ip: '192.168.75.1', os.name: 'Windows 10', os.arch: 'amd64', os.version: '10.0', java.version: '1.8.0_241'
Driver info: driver.version: unknown]]>
            </message>
            <full-stacktrace>
              <![CDATA[org.openqa.selenium.NoSuchFrameException: No frame element found by name or id iFrameResizer0
Build info: version: '3.141.59', revision: 'e82be7d358', time: '2018-11-14T08:17:03'
System info: host: 'DESKTOP-F3C6V38', ip: '192.168.75.1', os.name: 'Windows 10', os.arch: 'amd64', os.version: '10.0', java.version: '1.8.0_241'
Driver info: driver.version: unknown
at org.openqa.selenium.remote.RemoteWebDriver$RemoteTargetLocator.frame(RemoteWebDriver.java:885)
at TrainingModuleSDHead.IsonLogin(TrainingModuleSDHead.java:307)
at sun.reflect.NativeMethodAccessorImpl.invoke0(Native Method)
at sun.reflect.NativeMethodAccessorImpl.invoke(NativeMethodAccessorImpl.java:62)
at sun.reflect.DelegatingMethodAccessorImpl.invoke(DelegatingMethodAccessorImpl.java:43)
at java.lang.reflect.Method.invoke(Method.java:498)
at org.testng.internal.MethodInvocationHelper.invokeMethod(MethodInvocationHelper.java:124)
at org.testng.internal.Invoker.invokeMethod(Invoker.java:583)
at org.testng.internal.Invoker.invokeTestMethod(Invoker.java:719)
at org.testng.internal.Invoker.invokeTestMethods(Invoker.java:989)
at org.testng.internal.TestMethodWorker.invokeTestMethods(TestMethodWorker.java:125)
at org.testng.internal.TestMethodWorker.run(TestMethodWorker.java:109)
at java.util.concurrent.ThreadPoolExecutor.runWorker(ThreadPoolExecutor.java:1149)
at java.util.concurrent.ThreadPoolExecutor$Worker.run(ThreadPoolExecutor.java:624)
at java.lang.Thread.run(Thread.java:748)
]]>
            </full-stacktrace>
          </exception> <!-- org.openqa.selenium.NoSuchFrameException -->
          <reporter-output>
          </reporter-output>
        </test-method> <!-- IsonLogin -->
        <test-method status="PASS" signature="tearDown()[pri:0, instance:TrainingModuleSDHead@56139af2]" name="tearDown" is-config="true" duration-ms="819" started-at="2021-10-12T10:12:00Z" finished-at="2021-10-12T10:12:00Z">
          <reporter-output>
          </reporter-output>
        </test-method> <!-- tearDown -->
      </class> <!-- TrainingModuleSDHead -->
      <class name="trainingOverviewDashboardSDHead">
        <test-method status="PASS" signature="setUp()[pri:0, instance:trainingOverviewDashboardSDHead@1b6cece7]" name="setUp" is-config="true" duration-ms="1373" started-at="2021-10-12T10:31:02Z" finished-at="2021-10-12T10:31:03Z">
          <reporter-output>
          </reporter-output>
        </test-method> <!-- setUp -->
        <test-method status="PASS" signature="testtrainingOverviewDashboard()[pri:0, instance:trainingOverviewDashboardSDHead@1b6cece7]" name="testtrainingOverviewDashboard" duration-ms="54365" started-at="2021-10-12T10:31:03Z" finished-at="2021-10-12T10:31:57Z">
          <reporter-output>
          </reporter-output>
        </test-method> <!-- testtrainingOverviewDashboard -->
        <test-method status="PASS" signature="tearDown()[pri:0, instance:trainingOverviewDashboardSDHead@1b6cece7]" name="tearDown" is-config="true" duration-ms="722" started-at="2021-10-12T10:31:57Z" finished-at="2021-10-12T10:31:58Z">
          <reporter-output>
          </reporter-output>
        </test-method> <!-- tearDown -->
      </class> <!-- trainingOverviewDashboardSDHead -->
      <class name="EditTrainingSDHead">
        <test-method status="PASS" signature="setUp()[pri:0, instance:EditTrainingSDHead@2861364]" name="setUp" is-config="true" duration-ms="1336" started-at="2021-10-12T09:14:16Z" finished-at="2021-10-12T09:14:18Z">
          <reporter-output>
          </reporter-output>
        </test-method> <!-- setUp -->
        <test-method status="PASS" signature="SignIn()[pri:0, instance:EditTrainingSDHead@2861364]" name="SignIn" duration-ms="247096" started-at="2021-10-12T09:14:18Z" finished-at="2021-10-12T09:18:25Z">
          <reporter-output>
          </reporter-output>
        </test-method> <!-- SignIn -->
        <test-method status="PASS" signature="tearDown()[pri:0, instance:EditTrainingSDHead@2861364]" name="tearDown" is-config="true" duration-ms="702" started-at="2021-10-12T09:18:25Z" finished-at="2021-10-12T09:18:25Z">
          <reporter-output>
          </reporter-output>
        </test-method> <!-- tearDown -->
      </class> <!-- EditTrainingSDHead -->
      <class name="EditPoll">
        <test-method status="PASS" signature="setUp()[pri:0, instance:EditPoll@3c07833a]" name="setUp" is-config="true" duration-ms="1435" started-at="2021-10-12T10:41:50Z" finished-at="2021-10-12T10:41:51Z">
          <reporter-output>
          </reporter-output>
        </test-method> <!-- setUp -->
        <test-method status="PASS" signature="testEditPoll()[pri:0, instance:EditPoll@3c07833a]" name="testEditPoll" duration-ms="232998" started-at="2021-10-12T10:41:51Z" finished-at="2021-10-12T10:45:44Z">
          <reporter-output>
          </reporter-output>
        </test-method> <!-- testEditPoll -->
        <test-method status="PASS" signature="tearDown()[pri:0, instance:EditPoll@3c07833a]" name="tearDown" is-config="true" duration-ms="737" started-at="2021-10-12T10:45:44Z" finished-at="2021-10-12T10:45:45Z">
          <reporter-output>
          </reporter-output>
        </test-method> <!-- tearDown -->
      </class> <!-- EditPoll -->
      <class name="lmsQuickAccessDashboardSDHead">
        <test-method status="PASS" signature="setUp()[pri:0, instance:lmsQuickAccessDashboardSDHead@2fac3e3f]" name="setUp" is-config="true" duration-ms="1236" started-at="2021-10-12T09:58:45Z" finished-at="2021-10-12T09:58:46Z">
          <reporter-output>
          </reporter-output>
        </test-method> <!-- setUp -->
        <test-method status="PASS" signature="testlmsQuickAccessDashboard()[pri:0, instance:lmsQuickAccessDashboardSDHead@2fac3e3f]" name="testlmsQuickAccessDashboard" duration-ms="72975" started-at="2021-10-12T09:58:46Z" finished-at="2021-10-12T09:59:59Z">
          <reporter-output>
          </reporter-output>
        </test-method> <!-- testlmsQuickAccessDashboard -->
        <test-method status="PASS" signature="tearDown()[pri:0, instance:lmsQuickAccessDashboardSDHead@2fac3e3f]" name="tearDown" is-config="true" duration-ms="784" started-at="2021-10-12T09:59:59Z" finished-at="2021-10-12T10:00:00Z">
          <reporter-output>
          </reporter-output>
        </test-method> <!-- tearDown -->
      </class> <!-- lmsQuickAccessDashboardSDHead -->
      <class name="onlineTrainingsDashboard">
        <test-method status="PASS" signature="setUp()[pri:0, instance:onlineTrainingsDashboard@f2030a6]" name="setUp" is-config="true" duration-ms="1343" started-at="2021-10-12T10:57:46Z" finished-at="2021-10-12T10:57:47Z">
          <reporter-output>
          </reporter-output>
        </test-method> <!-- setUp -->
        <test-method status="PASS" signature="testonlineTrainingsDashboard()[pri:0, instance:onlineTrainingsDashboard@f2030a6]" name="testonlineTrainingsDashboard" duration-ms="263538" started-at="2021-10-12T10:57:47Z" finished-at="2021-10-12T11:02:11Z">
          <reporter-output>
          </reporter-output>
        </test-method> <!-- testonlineTrainingsDashboard -->
        <test-method status="PASS" signature="tearDown()[pri:0, instance:onlineTrainingsDashboard@f2030a6]" name="tearDown" is-config="true" duration-ms="725" started-at="2021-10-12T11:02:11Z" finished-at="2021-10-12T11:02:11Z">
          <reporter-output>
          </reporter-output>
        </test-method> <!-- tearDown -->
      </class> <!-- onlineTrainingsDashboard -->
      <class name="CopyAssessment">
        <test-method status="PASS" signature="setUp()[pri:0, instance:CopyAssessment@66ea9ba5]" name="setUp" is-config="true" duration-ms="1325" started-at="2021-10-12T10:53:30Z" finished-at="2021-10-12T10:53:31Z">
          <reporter-output>
          </reporter-output>
        </test-method> <!-- setUp -->
        <test-method status="PASS" signature="testCopyAssessment()[pri:0, instance:CopyAssessment@66ea9ba5]" name="testCopyAssessment" duration-ms="188868" started-at="2021-10-12T10:53:31Z" finished-at="2021-10-12T10:56:40Z">
          <reporter-output>
          </reporter-output>
        </test-method> <!-- testCopyAssessment -->
        <test-method status="PASS" signature="tearDown()[pri:0, instance:CopyAssessment@66ea9ba5]" name="tearDown" is-config="true" duration-ms="725" started-at="2021-10-12T10:56:40Z" finished-at="2021-10-12T10:56:41Z">
          <reporter-output>
          </reporter-output>
        </test-method> <!-- tearDown -->
      </class> <!-- CopyAssessment -->
      <class name="EditTraining">
        <test-method status="PASS" signature="setUp()[pri:0, instance:EditTraining@7fc294a6]" name="setUp" is-config="true" duration-ms="1257" started-at="2021-10-12T08:48:27Z" finished-at="2021-10-12T08:48:28Z">
          <reporter-output>
          </reporter-output>
        </test-method> <!-- setUp -->
        <test-method status="PASS" signature="SignIn()[pri:0, instance:EditTraining@7fc294a6]" name="SignIn" duration-ms="246683" started-at="2021-10-12T08:48:28Z" finished-at="2021-10-12T08:52:35Z">
          <reporter-output>
          </reporter-output>
        </test-method> <!-- SignIn -->
        <test-method status="PASS" signature="tearDown()[pri:0, instance:EditTraining@7fc294a6]" name="tearDown" is-config="true" duration-ms="700" started-at="2021-10-12T08:52:35Z" finished-at="2021-10-12T08:52:36Z">
          <reporter-output>
          </reporter-output>
        </test-method> <!-- tearDown -->
      </class> <!-- EditTraining -->
      <class name="trainingOverviewDashboardRAdmin">
        <test-method status="PASS" signature="setUp()[pri:0, instance:trainingOverviewDashboardRAdmin@58825cbc]" name="setUp" is-config="true" duration-ms="1401" started-at="2021-10-12T10:30:04Z" finished-at="2021-10-12T10:30:05Z">
          <reporter-output>
          </reporter-output>
        </test-method> <!-- setUp -->
        <test-method status="PASS" signature="testtrainingOverviewDashboard()[pri:0, instance:trainingOverviewDashboardRAdmin@58825cbc]" name="testtrainingOverviewDashboard" duration-ms="55581" started-at="2021-10-12T10:30:05Z" finished-at="2021-10-12T10:31:01Z">
          <reporter-output>
          </reporter-output>
        </test-method> <!-- testtrainingOverviewDashboard -->
        <test-method status="PASS" signature="tearDown()[pri:0, instance:trainingOverviewDashboardRAdmin@58825cbc]" name="tearDown" is-config="true" duration-ms="706" started-at="2021-10-12T10:31:01Z" finished-at="2021-10-12T10:31:02Z">
          <reporter-output>
          </reporter-output>
        </test-method> <!-- tearDown -->
      </class> <!-- trainingOverviewDashboardRAdmin -->
      <class name="TrainingModule">
        <test-method status="PASS" signature="setUp()[pri:0, instance:TrainingModule@500b6c9c]" name="setUp" is-config="true" duration-ms="1332" started-at="2021-10-12T09:21:28Z" finished-at="2021-10-12T09:21:29Z">
          <reporter-output>
          </reporter-output>
        </test-method> <!-- setUp -->
        <test-method status="PASS" signature="TestOnlineTraining()[pri:0, instance:TrainingModule@500b6c9c]" name="TestOnlineTraining" duration-ms="1106479" started-at="2021-10-12T09:21:29Z" finished-at="2021-10-12T09:39:56Z">
          <reporter-output>
          </reporter-output>
        </test-method> <!-- TestOnlineTraining -->
        <test-method status="PASS" signature="tearDown()[pri:0, instance:TrainingModule@500b6c9c]" name="tearDown" is-config="true" duration-ms="835" started-at="2021-10-12T09:39:56Z" finished-at="2021-10-12T09:39:57Z">
          <reporter-output>
          </reporter-output>
        </test-method> <!-- tearDown -->
      </class> <!-- TrainingModule -->
      <class name="TrainingModuleTrainer">
        <test-method status="PASS" signature="setUp()[pri:0, instance:TrainingModuleTrainer@3c5ffe5d]" name="setUp" is-config="true" duration-ms="1288" started-at="2021-10-12T10:19:21Z" finished-at="2021-10-12T10:19:22Z">
          <reporter-output>
          </reporter-output>
        </test-method> <!-- setUp -->
        <test-method status="PASS" signature="IsonLogin()[pri:0, instance:TrainingModuleTrainer@3c5ffe5d]" name="IsonLogin" duration-ms="1347005" started-at="2021-10-12T10:19:22Z" finished-at="2021-10-12T10:41:49Z">
          <reporter-output>
          </reporter-output>
        </test-method> <!-- IsonLogin -->
        <test-method status="PASS" signature="tearDown()[pri:0, instance:TrainingModuleTrainer@3c5ffe5d]" name="tearDown" is-config="true" duration-ms="863" started-at="2021-10-12T10:41:49Z" finished-at="2021-10-12T10:41:50Z">
          <reporter-output>
          </reporter-output>
        </test-method> <!-- tearDown -->
      </class> <!-- TrainingModuleTrainer -->
      <class name="AssessmentModule">
        <test-method status="PASS" signature="setUp()[pri:0, instance:AssessmentModule@241ae955]" name="setUp" is-config="true" duration-ms="1260" started-at="2021-10-12T10:48:21Z" finished-at="2021-10-12T10:48:22Z">
          <reporter-output>
          </reporter-output>
        </test-method> <!-- setUp -->
        <test-method status="FAIL" signature="testAssessment()[pri:0, instance:AssessmentModule@241ae955]" name="testAssessment" duration-ms="758527" started-at="2021-10-12T10:48:22Z" finished-at="2021-10-12T11:01:00Z">
          <exception class="org.openqa.selenium.NoSuchElementException">
            <message>
              <![CDATA[no such element: Unable to locate element: {"method":"xpath","selector":"//li[@class='menuparent menu-item menu-item--expanded'][1]"}
  (Session info: chrome=94.0.4606.71)
For documentation on this error, please visit: https://www.seleniumhq.org/exceptions/no_such_element.html
Build info: version: '3.141.59', revision: 'e82be7d358', time: '2018-11-14T08:17:03'
System info: host: 'DESKTOP-F3C6V38', ip: '192.168.75.1', os.name: 'Windows 10', os.arch: 'amd64', os.version: '10.0', java.version: '1.8.0_241'
Driver info: org.openqa.selenium.chrome.ChromeDriver
Capabilities {acceptInsecureCerts: false, browserName: chrome, browserVersion: 94.0.4606.71, chrome: {chromedriverVersion: 93.0.4577.15 (660fc11082ba5..., userDataDir: C:\Windows\TEMP\scoped_dir1...}, goog:chromeOptions: {debuggerAddress: localhost:54735}, javascriptEnabled: true, networkConnectionEnabled: false, pageLoadStrategy: normal, platform: WINDOWS, platformName: WINDOWS, proxy: Proxy(), setWindowRect: true, strictFileInteractability: false, timeouts: {implicit: 0, pageLoad: 300000, script: 30000}, unhandledPromptBehavior: dismiss and notify, webauthn:extension:credBlob: true, webauthn:extension:largeBlob: true, webauthn:virtualAuthenticators: true}
Session ID: 4a7a6d318a2136ce80a75afba70dc1ec
*** Element info: {Using=xpath, value=//li[@class='menuparent menu-item menu-item--expanded'][1]}]]>
            </message>
            <full-stacktrace>
              <![CDATA[org.openqa.selenium.NoSuchElementException: no such element: Unable to locate element: {"method":"xpath","selector":"//li[@class='menuparent menu-item menu-item--expanded'][1]"}
  (Session info: chrome=94.0.4606.71)
For documentation on this error, please visit: https://www.seleniumhq.org/exceptions/no_such_element.html
Build info: version: '3.141.59', revision: 'e82be7d358', time: '2018-11-14T08:17:03'
System info: host: 'DESKTOP-F3C6V38', ip: '192.168.75.1', os.name: 'Windows 10', os.arch: 'amd64', os.version: '10.0', java.version: '1.8.0_241'
Driver info: org.openqa.selenium.chrome.ChromeDriver
Capabilities {acceptInsecureCerts: false, browserName: chrome, browserVersion: 94.0.4606.71, chrome: {chromedriverVersion: 93.0.4577.15 (660fc11082ba5..., userDataDir: C:\Windows\TEMP\scoped_dir1...}, goog:chromeOptions: {debuggerAddress: localhost:54735}, javascriptEnabled: true, networkConnectionEnabled: false, pageLoadStrategy: normal, platform: WINDOWS, platformName: WINDOWS, proxy: Proxy(), setWindowRect: true, strictFileInteractability: false, timeouts: {implicit: 0, pageLoad: 300000, script: 30000}, unhandledPromptBehavior: dismiss and notify, webauthn:extension:credBlob: true, webauthn:extension:largeBlob: true, webauthn:virtualAuthenticators: true}
Session ID: 4a7a6d318a2136ce80a75afba70dc1ec
*** Element info: {Using=xpath, value=//li[@class='menuparent menu-item menu-item--expanded'][1]}
at sun.reflect.NativeConstructorAccessorImpl.newInstance0(Native Method)
at sun.reflect.NativeConstructorAccessorImpl.newInstance(NativeConstructorAccessorImpl.java:62)
at sun.reflect.DelegatingConstructorAccessorImpl.newInstance(DelegatingConstructorAccessorImpl.java:45)
at java.lang.reflect.Constructor.newInstance(Constructor.java:423)
at org.openqa.selenium.remote.http.W3CHttpResponseCodec.createException(W3CHttpResponseCodec.java:187)
at org.openqa.selenium.remote.http.W3CHttpResponseCodec.decode(W3CHttpResponseCodec.java:122)
at org.openqa.selenium.remote.http.W3CHttpResponseCodec.decode(W3CHttpResponseCodec.java:49)
at org.openqa.selenium.remote.HttpCommandExecutor.execute(HttpCommandExecutor.java:158)
at org.openqa.selenium.remote.service.DriverCommandExecutor.execute(DriverCommandExecutor.java:83)
at org.openqa.selenium.remote.RemoteWebDriver.execute(RemoteWebDriver.java:552)
at org.openqa.selenium.remote.RemoteWebDriver.findElement(RemoteWebDriver.java:323)
at org.openqa.selenium.remote.RemoteWebDriver.findElementByXPath(RemoteWebDriver.java:428)
at org.openqa.selenium.By$ByXPath.findElement(By.java:353)
at org.openqa.selenium.remote.RemoteWebDriver.findElement(RemoteWebDriver.java:315)
at AssessmentModule.testAssessment(AssessmentModule.java:416)
at sun.reflect.NativeMethodAccessorImpl.invoke0(Native Method)
at sun.reflect.NativeMethodAccessorImpl.invoke(NativeMethodAccessorImpl.java:62)
at sun.reflect.DelegatingMethodAccessorImpl.invoke(DelegatingMethodAccessorImpl.java:43)
at java.lang.reflect.Method.invoke(Method.java:498)
at org.testng.internal.MethodInvocationHelper.invokeMethod(MethodInvocationHelper.java:124)
at org.testng.internal.Invoker.invokeMethod(Invoker.java:583)
at org.testng.internal.Invoker.invokeTestMethod(Invoker.java:719)
at org.testng.internal.Invoker.invokeTestMethods(Invoker.java:989)
at org.testng.internal.TestMethodWorker.invokeTestMethods(TestMethodWorker.java:125)
at org.testng.internal.TestMethodWorker.run(TestMethodWorker.java:109)
at java.util.concurrent.ThreadPoolExecutor.runWorker(ThreadPoolExecutor.java:1149)
at java.util.concurrent.ThreadPoolExecutor$Worker.run(ThreadPoolExecutor.java:624)
at java.lang.Thread.run(Thread.java:748)
]]>
            </full-stacktrace>
          </exception> <!-- org.openqa.selenium.NoSuchElementException -->
          <reporter-output>
          </reporter-output>
        </test-method> <!-- testAssessment -->
        <test-method status="PASS" signature="tearDown()[pri:0, instance:AssessmentModule@241ae955]" name="tearDown" is-config="true" duration-ms="824" started-at="2021-10-12T11:01:00Z" finished-at="2021-10-12T11:01:01Z">
          <reporter-output>
          </reporter-output>
        </test-method> <!-- tearDown -->
      </class> <!-- AssessmentModule -->
      <class name="userGroupSDHead">
        <test-method status="PASS" signature="setUp()[pri:0, instance:userGroupSDHead@5a71a779]" name="setUp" is-config="true" duration-ms="1308" started-at="2021-10-12T11:13:28Z" finished-at="2021-10-12T11:13:29Z">
          <reporter-output>
          </reporter-output>
        </test-method> <!-- setUp -->
        <test-method status="PASS" signature="testAddUser()[pri:0, instance:userGroupSDHead@5a71a779]" name="testAddUser" duration-ms="283573" started-at="2021-10-12T11:13:29Z" finished-at="2021-10-12T11:18:12Z">
          <reporter-output>
          </reporter-output>
        </test-method> <!-- testAddUser -->
        <test-method status="PASS" signature="tearDown()[pri:0, instance:userGroupSDHead@5a71a779]" name="tearDown" is-config="true" duration-ms="707" started-at="2021-10-12T11:18:12Z" finished-at="2021-10-12T11:18:13Z">
          <reporter-output>
          </reporter-output>
        </test-method> <!-- tearDown -->
      </class> <!-- userGroupSDHead -->
      <class name="lmsActiveUsersDashboardSDHead">
        <test-method status="PASS" signature="setUp()[pri:0, instance:lmsActiveUsersDashboardSDHead@34ccecec]" name="setUp" is-config="true" duration-ms="1353" started-at="2021-10-12T09:03:10Z" finished-at="2021-10-12T09:03:12Z">
          <reporter-output>
          </reporter-output>
        </test-method> <!-- setUp -->
        <test-method status="FAIL" signature="testlmsActiveUsersDashboard()[pri:0, instance:lmsActiveUsersDashboardSDHead@34ccecec]" name="testlmsActiveUsersDashboard" duration-ms="237561" started-at="2021-10-12T09:03:12Z" finished-at="2021-10-12T09:07:09Z">
          <exception class="org.openqa.selenium.NoSuchElementException">
            <message>
              <![CDATA[no such element: Unable to locate element: {"method":"xpath","selector":"//nav[@class='pcoded-navbar menu-light navbar-collapsed']"}
  (Session info: chrome=94.0.4606.71)
For documentation on this error, please visit: https://www.seleniumhq.org/exceptions/no_such_element.html
Build info: version: '3.141.59', revision: 'e82be7d358', time: '2018-11-14T08:17:03'
System info: host: 'DESKTOP-F3C6V38', ip: '192.168.75.1', os.name: 'Windows 10', os.arch: 'amd64', os.version: '10.0', java.version: '1.8.0_241'
Driver info: org.openqa.selenium.chrome.ChromeDriver
Capabilities {acceptInsecureCerts: false, browserName: chrome, browserVersion: 94.0.4606.71, chrome: {chromedriverVersion: 93.0.4577.15 (660fc11082ba5..., userDataDir: C:\Windows\TEMP\scoped_dir2...}, goog:chromeOptions: {debuggerAddress: localhost:59428}, javascriptEnabled: true, networkConnectionEnabled: false, pageLoadStrategy: normal, platform: WINDOWS, platformName: WINDOWS, proxy: Proxy(), setWindowRect: true, strictFileInteractability: false, timeouts: {implicit: 0, pageLoad: 300000, script: 30000}, unhandledPromptBehavior: dismiss and notify, webauthn:extension:credBlob: true, webauthn:extension:largeBlob: true, webauthn:virtualAuthenticators: true}
Session ID: 6121a5bacc72b6c097fddfd9d8ab5dbf
*** Element info: {Using=xpath, value=//nav[@class='pcoded-navbar menu-light navbar-collapsed']}]]>
            </message>
            <full-stacktrace>
              <![CDATA[org.openqa.selenium.NoSuchElementException: no such element: Unable to locate element: {"method":"xpath","selector":"//nav[@class='pcoded-navbar menu-light navbar-collapsed']"}
  (Session info: chrome=94.0.4606.71)
For documentation on this error, please visit: https://www.seleniumhq.org/exceptions/no_such_element.html
Build info: version: '3.141.59', revision: 'e82be7d358', time: '2018-11-14T08:17:03'
System info: host: 'DESKTOP-F3C6V38', ip: '192.168.75.1', os.name: 'Windows 10', os.arch: 'amd64', os.version: '10.0', java.version: '1.8.0_241'
Driver info: org.openqa.selenium.chrome.ChromeDriver
Capabilities {acceptInsecureCerts: false, browserName: chrome, browserVersion: 94.0.4606.71, chrome: {chromedriverVersion: 93.0.4577.15 (660fc11082ba5..., userDataDir: C:\Windows\TEMP\scoped_dir2...}, goog:chromeOptions: {debuggerAddress: localhost:59428}, javascriptEnabled: true, networkConnectionEnabled: false, pageLoadStrategy: normal, platform: WINDOWS, platformName: WINDOWS, proxy: Proxy(), setWindowRect: true, strictFileInteractability: false, timeouts: {implicit: 0, pageLoad: 300000, script: 30000}, unhandledPromptBehavior: dismiss and notify, webauthn:extension:credBlob: true, webauthn:extension:largeBlob: true, webauthn:virtualAuthenticators: true}
Session ID: 6121a5bacc72b6c097fddfd9d8ab5dbf
*** Element info: {Using=xpath, value=//nav[@class='pcoded-navbar menu-light navbar-collapsed']}
at sun.reflect.NativeConstructorAccessorImpl.newInstance0(Native Method)
at sun.reflect.NativeConstructorAccessorImpl.newInstance(NativeConstructorAccessorImpl.java:62)
at sun.reflect.DelegatingConstructorAccessorImpl.newInstance(DelegatingConstructorAccessorImpl.java:45)
at java.lang.reflect.Constructor.newInstance(Constructor.java:423)
at org.openqa.selenium.remote.http.W3CHttpResponseCodec.createException(W3CHttpResponseCodec.java:187)
at org.openqa.selenium.remote.http.W3CHttpResponseCodec.decode(W3CHttpResponseCodec.java:122)
at org.openqa.selenium.remote.http.W3CHttpResponseCodec.decode(W3CHttpResponseCodec.java:49)
at org.openqa.selenium.remote.HttpCommandExecutor.execute(HttpCommandExecutor.java:158)
at org.openqa.selenium.remote.service.DriverCommandExecutor.execute(DriverCommandExecutor.java:83)
at org.openqa.selenium.remote.RemoteWebDriver.execute(RemoteWebDriver.java:552)
at org.openqa.selenium.remote.RemoteWebDriver.findElement(RemoteWebDriver.java:323)
at org.openqa.selenium.remote.RemoteWebDriver.findElementByXPath(RemoteWebDriver.java:428)
at org.openqa.selenium.By$ByXPath.findElement(By.java:353)
at org.openqa.selenium.remote.RemoteWebDriver.findElement(RemoteWebDriver.java:315)
at lmsActiveUsersDashboardSDHead.testlmsActiveUsersDashboard(lmsActiveUsersDashboardSDHead.java:120)
at sun.reflect.NativeMethodAccessorImpl.invoke0(Native Method)
at sun.reflect.NativeMethodAccessorImpl.invoke(NativeMethodAccessorImpl.java:62)
at sun.reflect.DelegatingMethodAccessorImpl.invoke(DelegatingMethodAccessorImpl.java:43)
at java.lang.reflect.Method.invoke(Method.java:498)
at org.testng.internal.MethodInvocationHelper.invokeMethod(MethodInvocationHelper.java:124)
at org.testng.internal.Invoker.invokeMethod(Invoker.java:583)
at org.testng.internal.Invoker.invokeTestMethod(Invoker.java:719)
at org.testng.internal.Invoker.invokeTestMethods(Invoker.java:989)
at org.testng.internal.TestMethodWorker.invokeTestMethods(TestMethodWorker.java:125)
at org.testng.internal.TestMethodWorker.run(TestMethodWorker.java:109)
at java.util.concurrent.ThreadPoolExecutor.runWorker(ThreadPoolExecutor.java:1149)
at java.util.concurrent.ThreadPoolExecutor$Worker.run(ThreadPoolExecutor.java:624)
at java.lang.Thread.run(Thread.java:748)
]]>
            </full-stacktrace>
          </exception> <!-- org.openqa.selenium.NoSuchElementException -->
          <reporter-output>
          </reporter-output>
        </test-method> <!-- testlmsActiveUsersDashboard -->
        <test-method status="PASS" signature="tearDown()[pri:0, instance:lmsActiveUsersDashboardSDHead@34ccecec]" name="tearDown" is-config="true" duration-ms="659" started-at="2021-10-12T09:07:09Z" finished-at="2021-10-12T09:07:10Z">
          <reporter-output>
          </reporter-output>
        </test-method> <!-- tearDown -->
      </class> <!-- lmsActiveUsersDashboardSDHead -->
      <class name="lmsActiveUsersDashboardClient">
        <test-method status="PASS" signature="setUp()[pri:0, instance:lmsActiveUsersDashboardClient@428b3f93]" name="setUp" is-config="true" duration-ms="1272" started-at="2021-10-12T09:27:17Z" finished-at="2021-10-12T09:27:18Z">
          <reporter-output>
          </reporter-output>
        </test-method> <!-- setUp -->
        <test-method status="PASS" signature="testlmsActiveUsersDashboard()[pri:0, instance:lmsActiveUsersDashboardClient@428b3f93]" name="testlmsActiveUsersDashboard" duration-ms="272514" started-at="2021-10-12T09:27:18Z" finished-at="2021-10-12T09:31:50Z">
          <reporter-output>
          </reporter-output>
        </test-method> <!-- testlmsActiveUsersDashboard -->
        <test-method status="PASS" signature="tearDown()[pri:0, instance:lmsActiveUsersDashboardClient@428b3f93]" name="tearDown" is-config="true" duration-ms="703" started-at="2021-10-12T09:31:50Z" finished-at="2021-10-12T09:31:51Z">
          <reporter-output>
          </reporter-output>
        </test-method> <!-- tearDown -->
      </class> <!-- lmsActiveUsersDashboardClient -->
      <class name="globalInsightsDashboard">
        <test-method status="PASS" signature="setUp()[pri:0, instance:globalInsightsDashboard@2887b207]" name="setUp" is-config="true" duration-ms="1338" started-at="2021-10-12T09:18:25Z" finished-at="2021-10-12T09:18:27Z">
          <reporter-output>
          </reporter-output>
        </test-method> <!-- setUp -->
        <test-method status="PASS" signature="testglobalInsightsDashboard()[pri:0, instance:globalInsightsDashboard@2887b207]" name="testglobalInsightsDashboard" duration-ms="247546" started-at="2021-10-12T09:18:27Z" finished-at="2021-10-12T09:22:34Z">
          <reporter-output>
          </reporter-output>
        </test-method> <!-- testglobalInsightsDashboard -->
        <test-method status="PASS" signature="tearDown()[pri:0, instance:globalInsightsDashboard@2887b207]" name="tearDown" is-config="true" duration-ms="755" started-at="2021-10-12T09:22:34Z" finished-at="2021-10-12T09:22:35Z">
          <reporter-output>
          </reporter-output>
        </test-method> <!-- tearDown -->
      </class> <!-- globalInsightsDashboard -->
      <class name="lmsQuickAccessDashboardSiteHead">
        <test-method status="PASS" signature="setUp()[pri:0, instance:lmsQuickAccessDashboardSiteHead@2ee0da70]" name="setUp" is-config="true" duration-ms="1358" started-at="2021-10-12T10:08:36Z" finished-at="2021-10-12T10:08:37Z">
          <reporter-output>
          </reporter-output>
        </test-method> <!-- setUp -->
        <test-method status="PASS" signature="testlmsQuickAccessDashboard()[pri:0, instance:lmsQuickAccessDashboardSiteHead@2ee0da70]" name="testlmsQuickAccessDashboard" duration-ms="56722" started-at="2021-10-12T10:08:37Z" finished-at="2021-10-12T10:09:34Z">
          <reporter-output>
          </reporter-output>
        </test-method> <!-- testlmsQuickAccessDashboard -->
        <test-method status="PASS" signature="tearDown()[pri:0, instance:lmsQuickAccessDashboardSiteHead@2ee0da70]" name="tearDown" is-config="true" duration-ms="675" started-at="2021-10-12T10:09:34Z" finished-at="2021-10-12T10:09:35Z">
          <reporter-output>
          </reporter-output>
        </test-method> <!-- tearDown -->
      </class> <!-- lmsQuickAccessDashboardSiteHead -->
      <class name="lmsActiveUsersDashboardRAdmin">
        <test-method status="PASS" signature="setUp()[pri:0, instance:lmsActiveUsersDashboardRAdmin@70241fc0]" name="setUp" is-config="true" duration-ms="1336" started-at="2021-10-12T09:22:35Z" finished-at="2021-10-12T09:22:36Z">
          <reporter-output>
          </reporter-output>
        </test-method> <!-- setUp -->
        <test-method status="PASS" signature="testlmsActiveUsersDashboard()[pri:0, instance:lmsActiveUsersDashboardRAdmin@70241fc0]" name="testlmsActiveUsersDashboard" duration-ms="279476" started-at="2021-10-12T09:22:36Z" finished-at="2021-10-12T09:27:16Z">
          <reporter-output>
          </reporter-output>
        </test-method> <!-- testlmsActiveUsersDashboard -->
        <test-method status="PASS" signature="tearDown()[pri:0, instance:lmsActiveUsersDashboardRAdmin@70241fc0]" name="tearDown" is-config="true" duration-ms="718" started-at="2021-10-12T09:27:16Z" finished-at="2021-10-12T09:27:17Z">
          <reporter-output>
          </reporter-output>
        </test-method> <!-- tearDown -->
      </class> <!-- lmsActiveUsersDashboardRAdmin -->
      <class name="lmsQuickAccessDashboardClient">
        <test-method status="PASS" signature="setUp()[pri:0, instance:lmsQuickAccessDashboardClient@42475991]" name="setUp" is-config="true" duration-ms="1355" started-at="2021-10-12T09:56:50Z" finished-at="2021-10-12T09:56:52Z">
          <reporter-output>
          </reporter-output>
        </test-method> <!-- setUp -->
        <test-method status="PASS" signature="testlmsQuickAccessDashboard()[pri:0, instance:lmsQuickAccessDashboardClient@42475991]" name="testlmsQuickAccessDashboard" duration-ms="56932" started-at="2021-10-12T09:56:52Z" finished-at="2021-10-12T09:57:49Z">
          <reporter-output>
          </reporter-output>
        </test-method> <!-- testlmsQuickAccessDashboard -->
        <test-method status="PASS" signature="tearDown()[pri:0, instance:lmsQuickAccessDashboardClient@42475991]" name="tearDown" is-config="true" duration-ms="657" started-at="2021-10-12T09:57:49Z" finished-at="2021-10-12T09:57:49Z">
          <reporter-output>
          </reporter-output>
        </test-method> <!-- tearDown -->
      </class> <!-- lmsQuickAccessDashboardClient -->
      <class name="AssessmentModuleTrainer">
        <test-method status="PASS" signature="setUp()[pri:0, instance:AssessmentModuleTrainer@e2078b5]" name="setUp" is-config="true" duration-ms="1298" started-at="2021-10-12T11:01:01Z" finished-at="2021-10-12T11:01:03Z">
          <reporter-output>
          </reporter-output>
        </test-method> <!-- setUp -->
        <test-method status="PASS" signature="testAssessment()[pri:0, instance:AssessmentModuleTrainer@e2078b5]" name="testAssessment" duration-ms="744045" started-at="2021-10-12T11:01:03Z" finished-at="2021-10-12T11:13:27Z">
          <reporter-output>
          </reporter-output>
        </test-method> <!-- testAssessment -->
        <test-method status="PASS" signature="tearDown()[pri:0, instance:AssessmentModuleTrainer@e2078b5]" name="tearDown" is-config="true" duration-ms="884" started-at="2021-10-12T11:13:27Z" finished-at="2021-10-12T11:13:28Z">
          <reporter-output>
          </reporter-output>
        </test-method> <!-- tearDown -->
      </class> <!-- AssessmentModuleTrainer -->
      <class name="myCalendarDashboard">
        <test-method status="PASS" signature="setUp()[pri:0, instance:myCalendarDashboard@654c7f0b]" name="setUp" is-config="true" duration-ms="1331" started-at="2021-10-12T08:52:36Z" finished-at="2021-10-12T08:52:37Z">
          <reporter-output>
          </reporter-output>
        </test-method> <!-- setUp -->
        <test-method status="PASS" signature="testmyCalendarDashboard()[pri:0, instance:myCalendarDashboard@654c7f0b]" name="testmyCalendarDashboard" duration-ms="269110" started-at="2021-10-12T08:52:37Z" finished-at="2021-10-12T08:57:06Z">
          <reporter-output>
          </reporter-output>
        </test-method> <!-- testmyCalendarDashboard -->
        <test-method status="PASS" signature="tearDown()[pri:0, instance:myCalendarDashboard@654c7f0b]" name="tearDown" is-config="true" duration-ms="719" started-at="2021-10-12T08:57:06Z" finished-at="2021-10-12T08:57:07Z">
          <reporter-output>
          </reporter-output>
        </test-method> <!-- tearDown -->
      </class> <!-- myCalendarDashboard -->
    </test> <!-- Dashboard Scripts -->
  </suite> <!-- Suite -->
</testng-results>
